[0.113s] Invoking command in '/home/pi/turtlebot3_ws/build/wall_follower': CMAKE_PREFIX_PATH=${CMAKE_PREFIX_PATH}:/home/pi/turtlebot3_ws/install/turtlebot3_teleop:/home/pi/turtlebot3_ws/install/turtlebot3_example:/opt/ros/humble /usr/bin/cmake --build /home/pi/turtlebot3_ws/build/wall_follower -- -j4 -l4
[0.208s] [35m[1mConsolidate compiler generated dependencies of target wall_follower[0m
[0.243s] [ 50%] [32mBuilding CXX object CMakeFiles/wall_follower.dir/src/wall_follower.cpp.o[0m
[0.268s] [ 50%] Built target ament_cmake_python_symlink_wall_follower
[0.704s] running egg_info
[0.705s] writing wall_follower.egg-info/PKG-INFO
[0.705s] writing dependency_links to wall_follower.egg-info/dependency_links.txt
[0.705s] writing top-level names to wall_follower.egg-info/top_level.txt
[0.707s] reading manifest file 'wall_follower.egg-info/SOURCES.txt'
[0.707s] writing manifest file 'wall_follower.egg-info/SOURCES.txt'
[0.754s] [ 50%] Built target ament_cmake_python_build_wall_follower_egg
[2.615s] [01m[K/home/pi/turtlebot3_ws/src/wall_follower/src/wall_follower.cpp:[m[K In member function ‘[01m[Kvoid WallFollower::update_callback()[m[K’:
[2.615s] [01m[K/home/pi/turtlebot3_ws/src/wall_follower/src/wall_follower.cpp:198:21:[m[K [01;35m[Kwarning: [m[Kunused variable ‘[01m[Kleft_state[m[K’ [[01;35m[K]8;;https://gcc.gnu.org/onlinedocs/gcc/Warning-Options.html#index-Wunused-variable-Wunused-variable]8;;[m[K]
[2.615s]   198 |         static bool [01;35m[Kleft_state[m[K = false;
[2.615s]       |                     [01;35m[K^~~~~~~~~~[m[K
[5.506s] [01m[K/home/pi/turtlebot3_ws/src/wall_follower/src/wall_follower.cpp:[m[K At global scope:
[5.506s] [01m[K/home/pi/turtlebot3_ws/src/wall_follower/src/wall_follower.cpp:198:21:[m[K [01;35m[Kwarning: [m[K‘[01m[Kleft_state[m[K’ defined but not used [[01;35m[K]8;;https://gcc.gnu.org/onlinedocs/gcc/Warning-Options.html#index-Wunused-variable-Wunused-variable]8;;[m[K]
[10.292s] [100%] [32m[1mLinking CXX executable wall_follower[0m
[10.734s] [100%] Built target wall_follower
[10.750s] Invoked command in '/home/pi/turtlebot3_ws/build/wall_follower' returned '0': CMAKE_PREFIX_PATH=${CMAKE_PREFIX_PATH}:/home/pi/turtlebot3_ws/install/turtlebot3_teleop:/home/pi/turtlebot3_ws/install/turtlebot3_example:/opt/ros/humble /usr/bin/cmake --build /home/pi/turtlebot3_ws/build/wall_follower -- -j4 -l4
[10.753s] Invoking command in '/home/pi/turtlebot3_ws/build/wall_follower': CMAKE_PREFIX_PATH=${CMAKE_PREFIX_PATH}:/home/pi/turtlebot3_ws/install/turtlebot3_teleop:/home/pi/turtlebot3_ws/install/turtlebot3_example:/opt/ros/humble /usr/bin/cmake --install /home/pi/turtlebot3_ws/build/wall_follower
[10.760s] -- Install configuration: ""
[10.761s] -- Execute custom install script
[10.761s] -- Up-to-date symlink: /home/pi/turtlebot3_ws/install/wall_follower/lib/wall_follower/wall_follower
[10.761s] -- Up-to-date symlink: /home/pi/turtlebot3_ws/install/wall_follower/share/wall_follower//launch/wall_follower.launch.py
[10.761s] -- Up-to-date symlink: /home/pi/turtlebot3_ws/install/wall_follower/include//wall_follower/wall_follower.hpp
[10.762s] -- Up-to-date symlink: /home/pi/turtlebot3_ws/install/wall_follower/share/wall_follower/environment/pythonpath.sh
[10.762s] -- Up-to-date symlink: /home/pi/turtlebot3_ws/install/wall_follower/share/wall_follower/environment/pythonpath.dsv
[10.762s] -- Up-to-date symlink: /home/pi/turtlebot3_ws/install/wall_follower/local/lib/python3.10/dist-packages/wall_follower-0.0.0-py3.10.egg-info/PKG-INFO
[10.762s] -- Up-to-date symlink: /home/pi/turtlebot3_ws/install/wall_follower/local/lib/python3.10/dist-packages/wall_follower-0.0.0-py3.10.egg-info/SOURCES.txt
[10.762s] -- Up-to-date symlink: /home/pi/turtlebot3_ws/install/wall_follower/local/lib/python3.10/dist-packages/wall_follower-0.0.0-py3.10.egg-info/dependency_links.txt
[10.762s] -- Up-to-date symlink: /home/pi/turtlebot3_ws/install/wall_follower/local/lib/python3.10/dist-packages/wall_follower-0.0.0-py3.10.egg-info/top_level.txt
[10.762s] -- Up-to-date symlink: /home/pi/turtlebot3_ws/install/wall_follower/local/lib/python3.10/dist-packages/wall_follower/__init__.py
[10.762s] -- Up-to-date symlink: /home/pi/turtlebot3_ws/install/wall_follower/local/lib/python3.10/dist-packages/wall_follower/landmark.py
[10.762s] -- Up-to-date symlink: /home/pi/turtlebot3_ws/install/wall_follower/lib/wall_follower/see_marker.py
[10.762s] -- Up-to-date symlink: /home/pi/turtlebot3_ws/install/wall_follower/lib/wall_follower/point_transformer.py
[10.763s] -- Up-to-date symlink: /home/pi/turtlebot3_ws/install/wall_follower/share/ament_index/resource_index/package_run_dependencies/wall_follower
[10.763s] -- Up-to-date symlink: /home/pi/turtlebot3_ws/install/wall_follower/share/ament_index/resource_index/parent_prefix_path/wall_follower
[10.765s] -- Up-to-date symlink: /home/pi/turtlebot3_ws/install/wall_follower/share/wall_follower/environment/ament_prefix_path.sh
[10.765s] -- Up-to-date symlink: /home/pi/turtlebot3_ws/install/wall_follower/share/wall_follower/environment/ament_prefix_path.dsv
[10.765s] -- Up-to-date symlink: /home/pi/turtlebot3_ws/install/wall_follower/share/wall_follower/environment/path.sh
[10.765s] -- Up-to-date symlink: /home/pi/turtlebot3_ws/install/wall_follower/share/wall_follower/environment/path.dsv
[10.765s] -- Up-to-date symlink: /home/pi/turtlebot3_ws/install/wall_follower/share/wall_follower/local_setup.bash
[10.765s] -- Up-to-date symlink: /home/pi/turtlebot3_ws/install/wall_follower/share/wall_follower/local_setup.sh
[10.765s] -- Up-to-date symlink: /home/pi/turtlebot3_ws/install/wall_follower/share/wall_follower/local_setup.zsh
[10.765s] -- Up-to-date symlink: /home/pi/turtlebot3_ws/install/wall_follower/share/wall_follower/local_setup.dsv
[10.765s] -- Symlinking: /home/pi/turtlebot3_ws/install/wall_follower/share/wall_follower/package.dsv
[10.773s] -- Up-to-date symlink: /home/pi/turtlebot3_ws/install/wall_follower/share/ament_index/resource_index/packages/wall_follower
[10.773s] -- Up-to-date symlink: /home/pi/turtlebot3_ws/install/wall_follower/share/wall_follower/cmake/ament_cmake_export_include_directories-extras.cmake
[10.773s] -- Up-to-date symlink: /home/pi/turtlebot3_ws/install/wall_follower/share/wall_follower/cmake/ament_cmake_export_dependencies-extras.cmake
[10.773s] -- Up-to-date symlink: /home/pi/turtlebot3_ws/install/wall_follower/share/wall_follower/cmake/wall_followerConfig.cmake
[10.773s] -- Up-to-date symlink: /home/pi/turtlebot3_ws/install/wall_follower/share/wall_follower/cmake/wall_followerConfig-version.cmake
[10.773s] -- Up-to-date symlink: /home/pi/turtlebot3_ws/install/wall_follower/share/wall_follower/package.xml
[10.800s] Listing '/home/pi/turtlebot3_ws/install/wall_follower/local/lib/python3.10/dist-packages/wall_follower'...
[10.810s] Invoked command in '/home/pi/turtlebot3_ws/build/wall_follower' returned '0': CMAKE_PREFIX_PATH=${CMAKE_PREFIX_PATH}:/home/pi/turtlebot3_ws/install/turtlebot3_teleop:/home/pi/turtlebot3_ws/install/turtlebot3_example:/opt/ros/humble /usr/bin/cmake --install /home/pi/turtlebot3_ws/build/wall_follower
