[0.071s] Invoking command in '/home/pi/turtlebot3_ws/build/turtlebot3_description': CMAKE_PREFIX_PATH=${CMAKE_PREFIX_PATH}:/home/pi/turtlebot3_ws/install/turtlebot3_teleop:/home/pi/turtlebot3_ws/install/turtlebot3_example:/opt/ros/humble /usr/bin/cmake --build /home/pi/turtlebot3_ws/build/turtlebot3_description -- -j2 -l2
[0.263s] Invoked command in '/home/pi/turtlebot3_ws/build/turtlebot3_description' returned '0': CMAKE_PREFIX_PATH=${CMAKE_PREFIX_PATH}:/home/pi/turtlebot3_ws/install/turtlebot3_teleop:/home/pi/turtlebot3_ws/install/turtlebot3_example:/opt/ros/humble /usr/bin/cmake --build /home/pi/turtlebot3_ws/build/turtlebot3_description -- -j2 -l2
[0.273s] Invoking command in '/home/pi/turtlebot3_ws/build/turtlebot3_description': CMAKE_PREFIX_PATH=${CMAKE_PREFIX_PATH}:/home/pi/turtlebot3_ws/install/turtlebot3_teleop:/home/pi/turtlebot3_ws/install/turtlebot3_example:/opt/ros/humble /usr/bin/cmake --install /home/pi/turtlebot3_ws/build/turtlebot3_description
[0.305s] -- Install configuration: ""
[0.309s] -- Execute custom install script
[0.316s] -- Up-to-date symlink: /home/pi/turtlebot3_ws/install/turtlebot3_description/share/turtlebot3_description/meshes/bases/burger_base.stl
[0.318s] -- Up-to-date symlink: /home/pi/turtlebot3_ws/install/turtlebot3_description/share/turtlebot3_description/meshes/bases/waffle_base.stl
[0.321s] -- Up-to-date symlink: /home/pi/turtlebot3_ws/install/turtlebot3_description/share/turtlebot3_description/meshes/bases/waffle_pi_base.stl
[0.322s] -- Up-to-date symlink: /home/pi/turtlebot3_ws/install/turtlebot3_description/share/turtlebot3_description/meshes/sensors/astra.dae
[0.326s] -- Up-to-date symlink: /home/pi/turtlebot3_ws/install/turtlebot3_description/share/turtlebot3_description/meshes/sensors/astra.jpg
[0.327s] -- Up-to-date symlink: /home/pi/turtlebot3_ws/install/turtlebot3_description/share/turtlebot3_description/meshes/sensors/lds.stl
[0.328s] -- Up-to-date symlink: /home/pi/turtlebot3_ws/install/turtlebot3_description/share/turtlebot3_description/meshes/sensors/r200.dae
[0.329s] -- Up-to-date symlink: /home/pi/turtlebot3_ws/install/turtlebot3_description/share/turtlebot3_description/meshes/sensors/r200.jpg
[0.330s] -- Up-to-date symlink: /home/pi/turtlebot3_ws/install/turtlebot3_description/share/turtlebot3_description/meshes/wheels/left_tire.stl
[0.330s] -- Up-to-date symlink: /home/pi/turtlebot3_ws/install/turtlebot3_description/share/turtlebot3_description/meshes/wheels/right_tire.stl
[0.333s] -- Up-to-date symlink: /home/pi/turtlebot3_ws/install/turtlebot3_description/share/turtlebot3_description/rviz/model.rviz
[0.335s] -- Up-to-date symlink: /home/pi/turtlebot3_ws/install/turtlebot3_description/share/turtlebot3_description/urdf/common_properties.urdf
[0.335s] -- Up-to-date symlink: /home/pi/turtlebot3_ws/install/turtlebot3_description/share/turtlebot3_description/urdf/turtlebot3_burger.urdf
[0.336s] -- Up-to-date symlink: /home/pi/turtlebot3_ws/install/turtlebot3_description/share/turtlebot3_description/urdf/turtlebot3_waffle.urdf
[0.337s] -- Up-to-date symlink: /home/pi/turtlebot3_ws/install/turtlebot3_description/share/turtlebot3_description/urdf/turtlebot3_waffle_pi.urdf
[0.338s] -- Up-to-date symlink: /home/pi/turtlebot3_ws/install/turtlebot3_description/share/ament_index/resource_index/package_run_dependencies/turtlebot3_description
[0.342s] -- Up-to-date symlink: /home/pi/turtlebot3_ws/install/turtlebot3_description/share/ament_index/resource_index/parent_prefix_path/turtlebot3_description
[0.343s] -- Up-to-date symlink: /home/pi/turtlebot3_ws/install/turtlebot3_description/share/turtlebot3_description/environment/ament_prefix_path.sh
[0.344s] -- Up-to-date symlink: /home/pi/turtlebot3_ws/install/turtlebot3_description/share/turtlebot3_description/environment/ament_prefix_path.dsv
[0.347s] -- Up-to-date symlink: /home/pi/turtlebot3_ws/install/turtlebot3_description/share/turtlebot3_description/environment/path.sh
[0.350s] -- Up-to-date symlink: /home/pi/turtlebot3_ws/install/turtlebot3_description/share/turtlebot3_description/environment/path.dsv
[0.351s] -- Up-to-date symlink: /home/pi/turtlebot3_ws/install/turtlebot3_description/share/turtlebot3_description/local_setup.bash
[0.353s] -- Up-to-date symlink: /home/pi/turtlebot3_ws/install/turtlebot3_description/share/turtlebot3_description/local_setup.sh
[0.371s] -- Up-to-date symlink: /home/pi/turtlebot3_ws/install/turtlebot3_description/share/turtlebot3_description/local_setup.zsh
[0.372s] -- Up-to-date symlink: /home/pi/turtlebot3_ws/install/turtlebot3_description/share/turtlebot3_description/local_setup.dsv
[0.372s] -- Symlinking: /home/pi/turtlebot3_ws/install/turtlebot3_description/share/turtlebot3_description/package.dsv
[0.413s] -- Up-to-date symlink: /home/pi/turtlebot3_ws/install/turtlebot3_description/share/ament_index/resource_index/packages/turtlebot3_description
[0.423s] -- Up-to-date symlink: /home/pi/turtlebot3_ws/install/turtlebot3_description/share/turtlebot3_description/cmake/turtlebot3_descriptionConfig.cmake
[0.423s] -- Up-to-date symlink: /home/pi/turtlebot3_ws/install/turtlebot3_description/share/turtlebot3_description/cmake/turtlebot3_descriptionConfig-version.cmake
[0.424s] -- Up-to-date symlink: /home/pi/turtlebot3_ws/install/turtlebot3_description/share/turtlebot3_description/package.xml
[0.426s] Invoked command in '/home/pi/turtlebot3_ws/build/turtlebot3_description' returned '0': CMAKE_PREFIX_PATH=${CMAKE_PREFIX_PATH}:/home/pi/turtlebot3_ws/install/turtlebot3_teleop:/home/pi/turtlebot3_ws/install/turtlebot3_example:/opt/ros/humble /usr/bin/cmake --install /home/pi/turtlebot3_ws/build/turtlebot3_description
