[0.070s] Invoking command in '/home/pi/turtlebot3_ws/build/wall_follower': CMAKE_PREFIX_PATH=${CMAKE_PREFIX_PATH}:/home/pi/turtlebot3_ws/install/turtlebot3_teleop:/home/pi/turtlebot3_ws/install/turtlebot3_example:/opt/ros/humble /usr/bin/cmake --build /home/pi/turtlebot3_ws/build/wall_follower -- -j2 -l2
[0.261s] [35m[1mConsolidate compiler generated dependencies of target wall_follower[0m
[0.381s] [ 50%] [32mBuilding CXX object CMakeFiles/wall_follower.dir/src/wall_follower.cpp.o[0m
[38.993s] [100%] [32m[1mLinking CXX executable wall_follower[0m
[40.744s] [100%] Built target wall_follower
[40.870s] [100%] Built target ament_cmake_python_symlink_wall_follower
[41.814s] running egg_info
[41.818s] writing wall_follower.egg-info/PKG-INFO
[41.819s] writing dependency_links to wall_follower.egg-info/dependency_links.txt
[41.820s] writing top-level names to wall_follower.egg-info/top_level.txt
[41.828s] reading manifest file 'wall_follower.egg-info/SOURCES.txt'
[41.829s] writing manifest file 'wall_follower.egg-info/SOURCES.txt'
[41.972s] [100%] Built target ament_cmake_python_build_wall_follower_egg
[42.036s] Invoked command in '/home/pi/turtlebot3_ws/build/wall_follower' returned '0': CMAKE_PREFIX_PATH=${CMAKE_PREFIX_PATH}:/home/pi/turtlebot3_ws/install/turtlebot3_teleop:/home/pi/turtlebot3_ws/install/turtlebot3_example:/opt/ros/humble /usr/bin/cmake --build /home/pi/turtlebot3_ws/build/wall_follower -- -j2 -l2
[42.069s] Invoking command in '/home/pi/turtlebot3_ws/build/wall_follower': CMAKE_PREFIX_PATH=${CMAKE_PREFIX_PATH}:/home/pi/turtlebot3_ws/install/turtlebot3_teleop:/home/pi/turtlebot3_ws/install/turtlebot3_example:/opt/ros/humble /usr/bin/cmake --install /home/pi/turtlebot3_ws/build/wall_follower
[42.102s] -- Install configuration: ""
[42.110s] -- Execute custom install script
[42.110s] -- Up-to-date symlink: /home/pi/turtlebot3_ws/install/wall_follower/lib/wall_follower/wall_follower
[42.110s] -- Up-to-date symlink: /home/pi/turtlebot3_ws/install/wall_follower/share/wall_follower//launch/wall_follower.launch.py
[42.110s] -- Up-to-date symlink: /home/pi/turtlebot3_ws/install/wall_follower/include//wall_follower/wall_follower.hpp
[42.123s] -- Up-to-date symlink: /home/pi/turtlebot3_ws/install/wall_follower/share/wall_follower/environment/pythonpath.sh
[42.126s] -- Up-to-date symlink: /home/pi/turtlebot3_ws/install/wall_follower/share/wall_follower/environment/pythonpath.dsv
[42.128s] -- Up-to-date symlink: /home/pi/turtlebot3_ws/install/wall_follower/local/lib/python3.10/dist-packages/wall_follower-0.0.0-py3.10.egg-info/PKG-INFO
[42.128s] -- Up-to-date symlink: /home/pi/turtlebot3_ws/install/wall_follower/local/lib/python3.10/dist-packages/wall_follower-0.0.0-py3.10.egg-info/SOURCES.txt
[42.128s] -- Up-to-date symlink: /home/pi/turtlebot3_ws/install/wall_follower/local/lib/python3.10/dist-packages/wall_follower-0.0.0-py3.10.egg-info/dependency_links.txt
[42.128s] -- Up-to-date symlink: /home/pi/turtlebot3_ws/install/wall_follower/local/lib/python3.10/dist-packages/wall_follower-0.0.0-py3.10.egg-info/top_level.txt
[42.129s] -- Up-to-date symlink: /home/pi/turtlebot3_ws/install/wall_follower/local/lib/python3.10/dist-packages/wall_follower/__init__.py
[42.129s] -- Up-to-date symlink: /home/pi/turtlebot3_ws/install/wall_follower/local/lib/python3.10/dist-packages/wall_follower/landmark.py
[42.129s] -- Up-to-date symlink: /home/pi/turtlebot3_ws/install/wall_follower/lib/wall_follower/see_marker.py
[42.129s] -- Up-to-date symlink: /home/pi/turtlebot3_ws/install/wall_follower/lib/wall_follower/point_transformer.py
[42.129s] -- Up-to-date symlink: /home/pi/turtlebot3_ws/install/wall_follower/share/ament_index/resource_index/package_run_dependencies/wall_follower
[42.136s] -- Up-to-date symlink: /home/pi/turtlebot3_ws/install/wall_follower/share/ament_index/resource_index/parent_prefix_path/wall_follower
[42.136s] -- Up-to-date symlink: /home/pi/turtlebot3_ws/install/wall_follower/share/wall_follower/environment/ament_prefix_path.sh
[42.136s] -- Up-to-date symlink: /home/pi/turtlebot3_ws/install/wall_follower/share/wall_follower/environment/ament_prefix_path.dsv
[42.136s] -- Up-to-date symlink: /home/pi/turtlebot3_ws/install/wall_follower/share/wall_follower/environment/path.sh
[42.136s] -- Up-to-date symlink: /home/pi/turtlebot3_ws/install/wall_follower/share/wall_follower/environment/path.dsv
[42.136s] -- Up-to-date symlink: /home/pi/turtlebot3_ws/install/wall_follower/share/wall_follower/local_setup.bash
[42.138s] -- Up-to-date symlink: /home/pi/turtlebot3_ws/install/wall_follower/share/wall_follower/local_setup.sh
[42.139s] -- Up-to-date symlink: /home/pi/turtlebot3_ws/install/wall_follower/share/wall_follower/local_setup.zsh
[42.144s] -- Up-to-date symlink: /home/pi/turtlebot3_ws/install/wall_follower/share/wall_follower/local_setup.dsv
[42.144s] -- Symlinking: /home/pi/turtlebot3_ws/install/wall_follower/share/wall_follower/package.dsv
[42.181s] -- Up-to-date symlink: /home/pi/turtlebot3_ws/install/wall_follower/share/ament_index/resource_index/packages/wall_follower
[42.181s] -- Up-to-date symlink: /home/pi/turtlebot3_ws/install/wall_follower/share/wall_follower/cmake/ament_cmake_export_include_directories-extras.cmake
[42.181s] -- Up-to-date symlink: /home/pi/turtlebot3_ws/install/wall_follower/share/wall_follower/cmake/ament_cmake_export_dependencies-extras.cmake
[42.181s] -- Up-to-date symlink: /home/pi/turtlebot3_ws/install/wall_follower/share/wall_follower/cmake/wall_followerConfig.cmake
[42.181s] -- Up-to-date symlink: /home/pi/turtlebot3_ws/install/wall_follower/share/wall_follower/cmake/wall_followerConfig-version.cmake
[42.181s] -- Up-to-date symlink: /home/pi/turtlebot3_ws/install/wall_follower/share/wall_follower/package.xml
[42.305s] Listing '/home/pi/turtlebot3_ws/install/wall_follower/local/lib/python3.10/dist-packages/wall_follower'...
[42.347s] Invoked command in '/home/pi/turtlebot3_ws/build/wall_follower' returned '0': CMAKE_PREFIX_PATH=${CMAKE_PREFIX_PATH}:/home/pi/turtlebot3_ws/install/turtlebot3_teleop:/home/pi/turtlebot3_ws/install/turtlebot3_example:/opt/ros/humble /usr/bin/cmake --install /home/pi/turtlebot3_ws/build/wall_follower
