[0.064s] Invoking command in '/home/pi/turtlebot3_ws/build/dynamixel_sdk': CMAKE_PREFIX_PATH=${CMAKE_PREFIX_PATH}:/home/pi/turtlebot3_ws/install/turtlebot3_teleop:/home/pi/turtlebot3_ws/install/turtlebot3_example:/opt/ros/humble /usr/bin/cmake --build /home/pi/turtlebot3_ws/build/dynamixel_sdk -- -j2 -l2
[0.690s] [100%] Built target dynamixel_sdk
[1.025s] [100%] Built target ament_cmake_python_symlink_dynamixel_sdk
[2.814s] running egg_info
[2.823s] writing dynamixel_sdk.egg-info/PKG-INFO
[2.883s] writing dependency_links to dynamixel_sdk.egg-info/dependency_links.txt
[2.883s] writing top-level names to dynamixel_sdk.egg-info/top_level.txt
[2.892s] reading manifest file 'dynamixel_sdk.egg-info/SOURCES.txt'
[2.892s] writing manifest file 'dynamixel_sdk.egg-info/SOURCES.txt'
[2.994s] [100%] Built target ament_cmake_python_build_dynamixel_sdk_egg
[3.059s] Invoked command in '/home/pi/turtlebot3_ws/build/dynamixel_sdk' returned '0': CMAKE_PREFIX_PATH=${CMAKE_PREFIX_PATH}:/home/pi/turtlebot3_ws/install/turtlebot3_teleop:/home/pi/turtlebot3_ws/install/turtlebot3_example:/opt/ros/humble /usr/bin/cmake --build /home/pi/turtlebot3_ws/build/dynamixel_sdk -- -j2 -l2
[3.076s] Invoking command in '/home/pi/turtlebot3_ws/build/dynamixel_sdk': CMAKE_PREFIX_PATH=${CMAKE_PREFIX_PATH}:/home/pi/turtlebot3_ws/install/turtlebot3_teleop:/home/pi/turtlebot3_ws/install/turtlebot3_example:/opt/ros/humble /usr/bin/cmake --install /home/pi/turtlebot3_ws/build/dynamixel_sdk
[3.077s] -- Install configuration: ""
[3.079s] -- Execute custom install script
[3.080s] -- Up-to-date symlink: /home/pi/turtlebot3_ws/install/dynamixel_sdk/include//dynamixel_sdk/dynamixel_sdk.h
[3.080s] -- Up-to-date symlink: /home/pi/turtlebot3_ws/install/dynamixel_sdk/include//dynamixel_sdk/group_bulk_read.h
[3.081s] -- Up-to-date symlink: /home/pi/turtlebot3_ws/install/dynamixel_sdk/include//dynamixel_sdk/group_bulk_write.h
[3.081s] -- Up-to-date symlink: /home/pi/turtlebot3_ws/install/dynamixel_sdk/include//dynamixel_sdk/group_fast_bulk_read.h
[3.081s] -- Up-to-date symlink: /home/pi/turtlebot3_ws/install/dynamixel_sdk/include//dynamixel_sdk/group_fast_sync_read.h
[3.081s] -- Up-to-date symlink: /home/pi/turtlebot3_ws/install/dynamixel_sdk/include//dynamixel_sdk/group_handler.h
[3.082s] -- Up-to-date symlink: /home/pi/turtlebot3_ws/install/dynamixel_sdk/include//dynamixel_sdk/group_sync_read.h
[3.082s] -- Up-to-date symlink: /home/pi/turtlebot3_ws/install/dynamixel_sdk/include//dynamixel_sdk/group_sync_write.h
[3.082s] -- Up-to-date symlink: /home/pi/turtlebot3_ws/install/dynamixel_sdk/include//dynamixel_sdk/packet_handler.h
[3.083s] -- Up-to-date symlink: /home/pi/turtlebot3_ws/install/dynamixel_sdk/include//dynamixel_sdk/port_handler.h
[3.083s] -- Up-to-date symlink: /home/pi/turtlebot3_ws/install/dynamixel_sdk/include//dynamixel_sdk/port_handler_arduino.h
[3.083s] -- Up-to-date symlink: /home/pi/turtlebot3_ws/install/dynamixel_sdk/include//dynamixel_sdk/port_handler_linux.h
[3.083s] -- Up-to-date symlink: /home/pi/turtlebot3_ws/install/dynamixel_sdk/include//dynamixel_sdk/port_handler_mac.h
[3.084s] -- Up-to-date symlink: /home/pi/turtlebot3_ws/install/dynamixel_sdk/include//dynamixel_sdk/port_handler_windows.h
[3.084s] -- Up-to-date symlink: /home/pi/turtlebot3_ws/install/dynamixel_sdk/include//dynamixel_sdk/protocol1_packet_handler.h
[3.084s] -- Up-to-date symlink: /home/pi/turtlebot3_ws/install/dynamixel_sdk/include//dynamixel_sdk/protocol2_packet_handler.h
[3.085s] -- Up-to-date symlink: /home/pi/turtlebot3_ws/install/dynamixel_sdk/share/dynamixel_sdk/environment/pythonpath.sh
[3.085s] -- Up-to-date symlink: /home/pi/turtlebot3_ws/install/dynamixel_sdk/share/dynamixel_sdk/environment/pythonpath.dsv
[3.086s] -- Up-to-date symlink: /home/pi/turtlebot3_ws/install/dynamixel_sdk/local/lib/python3.10/dist-packages/dynamixel_sdk-3.8.4-py3.10.egg-info/PKG-INFO
[3.086s] -- Up-to-date symlink: /home/pi/turtlebot3_ws/install/dynamixel_sdk/local/lib/python3.10/dist-packages/dynamixel_sdk-3.8.4-py3.10.egg-info/SOURCES.txt
[3.086s] -- Up-to-date symlink: /home/pi/turtlebot3_ws/install/dynamixel_sdk/local/lib/python3.10/dist-packages/dynamixel_sdk-3.8.4-py3.10.egg-info/dependency_links.txt
[3.087s] -- Up-to-date symlink: /home/pi/turtlebot3_ws/install/dynamixel_sdk/local/lib/python3.10/dist-packages/dynamixel_sdk-3.8.4-py3.10.egg-info/top_level.txt
[3.088s] -- Up-to-date symlink: /home/pi/turtlebot3_ws/install/dynamixel_sdk/local/lib/python3.10/dist-packages/dynamixel_sdk/__init__.py
[3.088s] -- Up-to-date symlink: /home/pi/turtlebot3_ws/install/dynamixel_sdk/local/lib/python3.10/dist-packages/dynamixel_sdk/group_bulk_read.cpp
[3.088s] -- Up-to-date symlink: /home/pi/turtlebot3_ws/install/dynamixel_sdk/local/lib/python3.10/dist-packages/dynamixel_sdk/group_bulk_read.py
[3.089s] -- Up-to-date symlink: /home/pi/turtlebot3_ws/install/dynamixel_sdk/local/lib/python3.10/dist-packages/dynamixel_sdk/group_bulk_write.cpp
[3.089s] -- Up-to-date symlink: /home/pi/turtlebot3_ws/install/dynamixel_sdk/local/lib/python3.10/dist-packages/dynamixel_sdk/group_bulk_write.py
[3.089s] -- Up-to-date symlink: /home/pi/turtlebot3_ws/install/dynamixel_sdk/local/lib/python3.10/dist-packages/dynamixel_sdk/group_fast_bulk_read.cpp
[3.090s] -- Up-to-date symlink: /home/pi/turtlebot3_ws/install/dynamixel_sdk/local/lib/python3.10/dist-packages/dynamixel_sdk/group_fast_sync_read.cpp
[3.090s] -- Up-to-date symlink: /home/pi/turtlebot3_ws/install/dynamixel_sdk/local/lib/python3.10/dist-packages/dynamixel_sdk/group_handler.cpp
[3.090s] -- Up-to-date symlink: /home/pi/turtlebot3_ws/install/dynamixel_sdk/local/lib/python3.10/dist-packages/dynamixel_sdk/group_sync_read.cpp
[3.091s] -- Up-to-date symlink: /home/pi/turtlebot3_ws/install/dynamixel_sdk/local/lib/python3.10/dist-packages/dynamixel_sdk/group_sync_read.py
[3.091s] -- Up-to-date symlink: /home/pi/turtlebot3_ws/install/dynamixel_sdk/local/lib/python3.10/dist-packages/dynamixel_sdk/group_sync_write.cpp
[3.091s] -- Up-to-date symlink: /home/pi/turtlebot3_ws/install/dynamixel_sdk/local/lib/python3.10/dist-packages/dynamixel_sdk/group_sync_write.py
[3.091s] -- Up-to-date symlink: /home/pi/turtlebot3_ws/install/dynamixel_sdk/local/lib/python3.10/dist-packages/dynamixel_sdk/packet_handler.cpp
[3.092s] -- Up-to-date symlink: /home/pi/turtlebot3_ws/install/dynamixel_sdk/local/lib/python3.10/dist-packages/dynamixel_sdk/packet_handler.py
[3.092s] -- Up-to-date symlink: /home/pi/turtlebot3_ws/install/dynamixel_sdk/local/lib/python3.10/dist-packages/dynamixel_sdk/port_handler.cpp
[3.092s] -- Up-to-date symlink: /home/pi/turtlebot3_ws/install/dynamixel_sdk/local/lib/python3.10/dist-packages/dynamixel_sdk/port_handler.py
[3.093s] -- Up-to-date symlink: /home/pi/turtlebot3_ws/install/dynamixel_sdk/local/lib/python3.10/dist-packages/dynamixel_sdk/port_handler_arduino.cpp
[3.093s] -- Up-to-date symlink: /home/pi/turtlebot3_ws/install/dynamixel_sdk/local/lib/python3.10/dist-packages/dynamixel_sdk/port_handler_linux.cpp
[3.093s] -- Up-to-date symlink: /home/pi/turtlebot3_ws/install/dynamixel_sdk/local/lib/python3.10/dist-packages/dynamixel_sdk/port_handler_mac.cpp
[3.094s] -- Up-to-date symlink: /home/pi/turtlebot3_ws/install/dynamixel_sdk/local/lib/python3.10/dist-packages/dynamixel_sdk/port_handler_windows.cpp
[3.094s] -- Up-to-date symlink: /home/pi/turtlebot3_ws/install/dynamixel_sdk/local/lib/python3.10/dist-packages/dynamixel_sdk/protocol1_packet_handler.cpp
[3.094s] -- Up-to-date symlink: /home/pi/turtlebot3_ws/install/dynamixel_sdk/local/lib/python3.10/dist-packages/dynamixel_sdk/protocol1_packet_handler.py
[3.094s] -- Up-to-date symlink: /home/pi/turtlebot3_ws/install/dynamixel_sdk/local/lib/python3.10/dist-packages/dynamixel_sdk/protocol2_packet_handler.cpp
[3.095s] -- Up-to-date symlink: /home/pi/turtlebot3_ws/install/dynamixel_sdk/local/lib/python3.10/dist-packages/dynamixel_sdk/protocol2_packet_handler.py
[3.095s] -- Up-to-date symlink: /home/pi/turtlebot3_ws/install/dynamixel_sdk/local/lib/python3.10/dist-packages/dynamixel_sdk/robotis_def.py
[3.095s] -- Up-to-date symlink: /home/pi/turtlebot3_ws/install/dynamixel_sdk/share/dynamixel_sdk/environment/library_path.sh
[3.096s] -- Up-to-date symlink: /home/pi/turtlebot3_ws/install/dynamixel_sdk/share/dynamixel_sdk/environment/library_path.dsv
[3.096s] -- Up-to-date symlink: /home/pi/turtlebot3_ws/install/dynamixel_sdk/share/ament_index/resource_index/package_run_dependencies/dynamixel_sdk
[3.097s] -- Up-to-date symlink: /home/pi/turtlebot3_ws/install/dynamixel_sdk/share/ament_index/resource_index/parent_prefix_path/dynamixel_sdk
[3.097s] -- Up-to-date symlink: /home/pi/turtlebot3_ws/install/dynamixel_sdk/share/dynamixel_sdk/environment/ament_prefix_path.sh
[3.097s] -- Up-to-date symlink: /home/pi/turtlebot3_ws/install/dynamixel_sdk/share/dynamixel_sdk/environment/ament_prefix_path.dsv
[3.098s] -- Up-to-date symlink: /home/pi/turtlebot3_ws/install/dynamixel_sdk/share/dynamixel_sdk/environment/path.sh
[3.098s] -- Up-to-date symlink: /home/pi/turtlebot3_ws/install/dynamixel_sdk/share/dynamixel_sdk/environment/path.dsv
[3.098s] -- Up-to-date symlink: /home/pi/turtlebot3_ws/install/dynamixel_sdk/share/dynamixel_sdk/local_setup.bash
[3.099s] -- Up-to-date symlink: /home/pi/turtlebot3_ws/install/dynamixel_sdk/share/dynamixel_sdk/local_setup.sh
[3.099s] -- Up-to-date symlink: /home/pi/turtlebot3_ws/install/dynamixel_sdk/share/dynamixel_sdk/local_setup.zsh
[3.099s] -- Up-to-date symlink: /home/pi/turtlebot3_ws/install/dynamixel_sdk/share/dynamixel_sdk/local_setup.dsv
[3.100s] -- Symlinking: /home/pi/turtlebot3_ws/install/dynamixel_sdk/share/dynamixel_sdk/package.dsv
[3.117s] -- Up-to-date symlink: /home/pi/turtlebot3_ws/install/dynamixel_sdk/share/ament_index/resource_index/packages/dynamixel_sdk
[3.117s] -- Up-to-date symlink: /home/pi/turtlebot3_ws/install/dynamixel_sdk/share/dynamixel_sdk/cmake/ament_cmake_export_targets-extras.cmake
[3.117s] -- Up-to-date symlink: /home/pi/turtlebot3_ws/install/dynamixel_sdk/share/dynamixel_sdk/cmake/ament_cmake_export_include_directories-extras.cmake
[3.118s] -- Up-to-date symlink: /home/pi/turtlebot3_ws/install/dynamixel_sdk/share/dynamixel_sdk/cmake/ament_cmake_export_libraries-extras.cmake
[3.118s] -- Up-to-date symlink: /home/pi/turtlebot3_ws/install/dynamixel_sdk/share/dynamixel_sdk/cmake/dynamixel_sdkConfig.cmake
[3.118s] -- Up-to-date symlink: /home/pi/turtlebot3_ws/install/dynamixel_sdk/share/dynamixel_sdk/cmake/dynamixel_sdkConfig-version.cmake
[3.119s] -- Up-to-date symlink: /home/pi/turtlebot3_ws/install/dynamixel_sdk/share/dynamixel_sdk/package.xml
[3.119s] -- Up-to-date: /home/pi/turtlebot3_ws/install/dynamixel_sdk/lib/libdynamixel_sdk.so
[3.229s] Listing '/home/pi/turtlebot3_ws/install/dynamixel_sdk/local/lib/python3.10/dist-packages/dynamixel_sdk'...
[3.304s] -- Up-to-date: /home/pi/turtlebot3_ws/install/dynamixel_sdk/share/dynamixel_sdk/cmake/dynamixel_sdkExport.cmake
[3.304s] -- Up-to-date: /home/pi/turtlebot3_ws/install/dynamixel_sdk/share/dynamixel_sdk/cmake/dynamixel_sdkExport-noconfig.cmake
[3.304s] Invoked command in '/home/pi/turtlebot3_ws/build/dynamixel_sdk' returned '0': CMAKE_PREFIX_PATH=${CMAKE_PREFIX_PATH}:/home/pi/turtlebot3_ws/install/turtlebot3_teleop:/home/pi/turtlebot3_ws/install/turtlebot3_example:/opt/ros/humble /usr/bin/cmake --install /home/pi/turtlebot3_ws/build/dynamixel_sdk
