[0.021s] Invoking command in '/home/pi/turtlebot3_ws/build/turtlebot3_simulations': AMENT_PREFIX_PATH=/home/pi/turtlebot3_ws/install/turtlebot3_fake_node:/home/pi/turtlebot3_ws/install/turtlebot3_msgs:/home/pi/turtlebot3_ws/install/turtlebot3_manipulation_gazebo:/home/pi/turtlebot3_ws/install/turtlebot3_gazebo:${AMENT_PREFIX_PATH} CMAKE_PREFIX_PATH=/home/pi/turtlebot3_ws/install/turtlebot3_fake_node:/home/pi/turtlebot3_ws/install/turtlebot3_msgs:/home/pi/turtlebot3_ws/install/turtlebot3_manipulation_gazebo:/home/pi/turtlebot3_ws/install/turtlebot3_gazebo:/opt/ros/humble LD_LIBRARY_PATH=/home/pi/turtlebot3_ws/install/turtlebot3_msgs/lib:/usr/lib/x86_64-linux-gnu/gazebo-11/plugins:/opt/ros/humble/opt/rviz_ogre_vendor/lib:/opt/ros/humble/lib/x86_64-linux-gnu:/opt/ros/humble/lib:/usr/lib/x86_64-linux-gnu/gazebo-11/plugins PYTHONPATH=/home/pi/turtlebot3_ws/install/turtlebot3_msgs/local/lib/python3.10/dist-packages:${PYTHONPATH} /usr/bin/cmake /home/pi/turtlebot3_ws/src/turtlebot3_simulations/turtlebot3_simulations -DAMENT_CMAKE_SYMLINK_INSTALL=1 -DCMAKE_INSTALL_PREFIX=/home/pi/turtlebot3_ws/install/turtlebot3_simulations
[0.096s] -- The C compiler identification is GNU 11.4.0
[0.165s] -- The CXX compiler identification is GNU 11.4.0
[0.173s] -- Detecting C compiler ABI info
[0.259s] -- Detecting C compiler ABI info - done
[0.265s] -- Check for working C compiler: /usr/bin/cc - skipped
[0.265s] -- Detecting C compile features
[0.266s] -- Detecting C compile features - done
[0.269s] -- Detecting CXX compiler ABI info
[0.367s] -- Detecting CXX compiler ABI info - done
[0.374s] -- Check for working CXX compiler: /usr/bin/c++ - skipped
[0.374s] -- Detecting CXX compile features
[0.374s] -- Detecting CXX compile features - done
[0.378s] -- Found ament_cmake: 1.3.12 (/opt/ros/humble/share/ament_cmake/cmake)
[0.543s] -- Found Python3: /usr/bin/python3 (found version "3.10.12") found components: Interpreter 
[0.612s] -- Override CMake install command with custom implementation using symlinks instead of copying resources
[0.716s] -- Configuring done
[0.720s] -- Generating done
[0.722s] -- Build files have been written to: /home/pi/turtlebot3_ws/build/turtlebot3_simulations
[0.727s] Invoked command in '/home/pi/turtlebot3_ws/build/turtlebot3_simulations' returned '0': AMENT_PREFIX_PATH=/home/pi/turtlebot3_ws/install/turtlebot3_fake_node:/home/pi/turtlebot3_ws/install/turtlebot3_msgs:/home/pi/turtlebot3_ws/install/turtlebot3_manipulation_gazebo:/home/pi/turtlebot3_ws/install/turtlebot3_gazebo:${AMENT_PREFIX_PATH} CMAKE_PREFIX_PATH=/home/pi/turtlebot3_ws/install/turtlebot3_fake_node:/home/pi/turtlebot3_ws/install/turtlebot3_msgs:/home/pi/turtlebot3_ws/install/turtlebot3_manipulation_gazebo:/home/pi/turtlebot3_ws/install/turtlebot3_gazebo:/opt/ros/humble LD_LIBRARY_PATH=/home/pi/turtlebot3_ws/install/turtlebot3_msgs/lib:/usr/lib/x86_64-linux-gnu/gazebo-11/plugins:/opt/ros/humble/opt/rviz_ogre_vendor/lib:/opt/ros/humble/lib/x86_64-linux-gnu:/opt/ros/humble/lib:/usr/lib/x86_64-linux-gnu/gazebo-11/plugins PYTHONPATH=/home/pi/turtlebot3_ws/install/turtlebot3_msgs/local/lib/python3.10/dist-packages:${PYTHONPATH} /usr/bin/cmake /home/pi/turtlebot3_ws/src/turtlebot3_simulations/turtlebot3_simulations -DAMENT_CMAKE_SYMLINK_INSTALL=1 -DCMAKE_INSTALL_PREFIX=/home/pi/turtlebot3_ws/install/turtlebot3_simulations
[0.730s] Invoking command in '/home/pi/turtlebot3_ws/build/turtlebot3_simulations': AMENT_PREFIX_PATH=/home/pi/turtlebot3_ws/install/turtlebot3_fake_node:/home/pi/turtlebot3_ws/install/turtlebot3_msgs:/home/pi/turtlebot3_ws/install/turtlebot3_manipulation_gazebo:/home/pi/turtlebot3_ws/install/turtlebot3_gazebo:${AMENT_PREFIX_PATH} CMAKE_PREFIX_PATH=/home/pi/turtlebot3_ws/install/turtlebot3_fake_node:/home/pi/turtlebot3_ws/install/turtlebot3_msgs:/home/pi/turtlebot3_ws/install/turtlebot3_manipulation_gazebo:/home/pi/turtlebot3_ws/install/turtlebot3_gazebo:/opt/ros/humble LD_LIBRARY_PATH=/home/pi/turtlebot3_ws/install/turtlebot3_msgs/lib:/usr/lib/x86_64-linux-gnu/gazebo-11/plugins:/opt/ros/humble/opt/rviz_ogre_vendor/lib:/opt/ros/humble/lib/x86_64-linux-gnu:/opt/ros/humble/lib:/usr/lib/x86_64-linux-gnu/gazebo-11/plugins PYTHONPATH=/home/pi/turtlebot3_ws/install/turtlebot3_msgs/local/lib/python3.10/dist-packages:${PYTHONPATH} /usr/bin/cmake --build /home/pi/turtlebot3_ws/build/turtlebot3_simulations -- -j2 -l2
[0.777s] Invoked command in '/home/pi/turtlebot3_ws/build/turtlebot3_simulations' returned '0': AMENT_PREFIX_PATH=/home/pi/turtlebot3_ws/install/turtlebot3_fake_node:/home/pi/turtlebot3_ws/install/turtlebot3_msgs:/home/pi/turtlebot3_ws/install/turtlebot3_manipulation_gazebo:/home/pi/turtlebot3_ws/install/turtlebot3_gazebo:${AMENT_PREFIX_PATH} CMAKE_PREFIX_PATH=/home/pi/turtlebot3_ws/install/turtlebot3_fake_node:/home/pi/turtlebot3_ws/install/turtlebot3_msgs:/home/pi/turtlebot3_ws/install/turtlebot3_manipulation_gazebo:/home/pi/turtlebot3_ws/install/turtlebot3_gazebo:/opt/ros/humble LD_LIBRARY_PATH=/home/pi/turtlebot3_ws/install/turtlebot3_msgs/lib:/usr/lib/x86_64-linux-gnu/gazebo-11/plugins:/opt/ros/humble/opt/rviz_ogre_vendor/lib:/opt/ros/humble/lib/x86_64-linux-gnu:/opt/ros/humble/lib:/usr/lib/x86_64-linux-gnu/gazebo-11/plugins PYTHONPATH=/home/pi/turtlebot3_ws/install/turtlebot3_msgs/local/lib/python3.10/dist-packages:${PYTHONPATH} /usr/bin/cmake --build /home/pi/turtlebot3_ws/build/turtlebot3_simulations -- -j2 -l2
[0.781s] Invoking command in '/home/pi/turtlebot3_ws/build/turtlebot3_simulations': AMENT_PREFIX_PATH=/home/pi/turtlebot3_ws/install/turtlebot3_fake_node:/home/pi/turtlebot3_ws/install/turtlebot3_msgs:/home/pi/turtlebot3_ws/install/turtlebot3_manipulation_gazebo:/home/pi/turtlebot3_ws/install/turtlebot3_gazebo:${AMENT_PREFIX_PATH} CMAKE_PREFIX_PATH=/home/pi/turtlebot3_ws/install/turtlebot3_fake_node:/home/pi/turtlebot3_ws/install/turtlebot3_msgs:/home/pi/turtlebot3_ws/install/turtlebot3_manipulation_gazebo:/home/pi/turtlebot3_ws/install/turtlebot3_gazebo:/opt/ros/humble LD_LIBRARY_PATH=/home/pi/turtlebot3_ws/install/turtlebot3_msgs/lib:/usr/lib/x86_64-linux-gnu/gazebo-11/plugins:/opt/ros/humble/opt/rviz_ogre_vendor/lib:/opt/ros/humble/lib/x86_64-linux-gnu:/opt/ros/humble/lib:/usr/lib/x86_64-linux-gnu/gazebo-11/plugins PYTHONPATH=/home/pi/turtlebot3_ws/install/turtlebot3_msgs/local/lib/python3.10/dist-packages:${PYTHONPATH} /usr/bin/cmake --install /home/pi/turtlebot3_ws/build/turtlebot3_simulations
[0.789s] -- Install configuration: ""
[0.790s] -- Execute custom install script
[0.790s] -- Symlinking: /home/pi/turtlebot3_ws/install/turtlebot3_simulations/share/ament_index/resource_index/package_run_dependencies/turtlebot3_simulations
[0.802s] -- Symlinking: /home/pi/turtlebot3_ws/install/turtlebot3_simulations/share/ament_index/resource_index/parent_prefix_path/turtlebot3_simulations
[0.812s] -- Symlinking: /home/pi/turtlebot3_ws/install/turtlebot3_simulations/share/turtlebot3_simulations/environment/ament_prefix_path.sh
[0.823s] -- Symlinking: /home/pi/turtlebot3_ws/install/turtlebot3_simulations/share/turtlebot3_simulations/environment/ament_prefix_path.dsv
[0.835s] -- Symlinking: /home/pi/turtlebot3_ws/install/turtlebot3_simulations/share/turtlebot3_simulations/environment/path.sh
[0.848s] -- Symlinking: /home/pi/turtlebot3_ws/install/turtlebot3_simulations/share/turtlebot3_simulations/environment/path.dsv
[0.862s] -- Symlinking: /home/pi/turtlebot3_ws/install/turtlebot3_simulations/share/turtlebot3_simulations/local_setup.bash
[0.870s] -- Symlinking: /home/pi/turtlebot3_ws/install/turtlebot3_simulations/share/turtlebot3_simulations/local_setup.sh
[0.882s] -- Symlinking: /home/pi/turtlebot3_ws/install/turtlebot3_simulations/share/turtlebot3_simulations/local_setup.zsh
[0.893s] -- Symlinking: /home/pi/turtlebot3_ws/install/turtlebot3_simulations/share/turtlebot3_simulations/local_setup.dsv
[0.906s] -- Symlinking: /home/pi/turtlebot3_ws/install/turtlebot3_simulations/share/turtlebot3_simulations/package.dsv
[0.915s] -- Symlinking: /home/pi/turtlebot3_ws/install/turtlebot3_simulations/share/ament_index/resource_index/packages/turtlebot3_simulations
[0.926s] -- Symlinking: /home/pi/turtlebot3_ws/install/turtlebot3_simulations/share/turtlebot3_simulations/cmake/turtlebot3_simulationsConfig.cmake
[0.937s] -- Symlinking: /home/pi/turtlebot3_ws/install/turtlebot3_simulations/share/turtlebot3_simulations/cmake/turtlebot3_simulationsConfig-version.cmake
[0.948s] -- Symlinking: /home/pi/turtlebot3_ws/install/turtlebot3_simulations/share/turtlebot3_simulations/package.xml
[0.961s] Invoked command in '/home/pi/turtlebot3_ws/build/turtlebot3_simulations' returned '0': AMENT_PREFIX_PATH=/home/pi/turtlebot3_ws/install/turtlebot3_fake_node:/home/pi/turtlebot3_ws/install/turtlebot3_msgs:/home/pi/turtlebot3_ws/install/turtlebot3_manipulation_gazebo:/home/pi/turtlebot3_ws/install/turtlebot3_gazebo:${AMENT_PREFIX_PATH} CMAKE_PREFIX_PATH=/home/pi/turtlebot3_ws/install/turtlebot3_fake_node:/home/pi/turtlebot3_ws/install/turtlebot3_msgs:/home/pi/turtlebot3_ws/install/turtlebot3_manipulation_gazebo:/home/pi/turtlebot3_ws/install/turtlebot3_gazebo:/opt/ros/humble LD_LIBRARY_PATH=/home/pi/turtlebot3_ws/install/turtlebot3_msgs/lib:/usr/lib/x86_64-linux-gnu/gazebo-11/plugins:/opt/ros/humble/opt/rviz_ogre_vendor/lib:/opt/ros/humble/lib/x86_64-linux-gnu:/opt/ros/humble/lib:/usr/lib/x86_64-linux-gnu/gazebo-11/plugins PYTHONPATH=/home/pi/turtlebot3_ws/install/turtlebot3_msgs/local/lib/python3.10/dist-packages:${PYTHONPATH} /usr/bin/cmake --install /home/pi/turtlebot3_ws/build/turtlebot3_simulations
