[0.033s] Invoking command in '/home/pi/turtlebot3_ws/build/wall_follower': CMAKE_PREFIX_PATH=${CMAKE_PREFIX_PATH}:/home/pi/turtlebot3_ws/install/turtlebot3_teleop:/home/pi/turtlebot3_ws/install/turtlebot3_example:/opt/ros/humble /usr/bin/cmake --build /home/pi/turtlebot3_ws/build/wall_follower -- -j4 -l4
[0.186s] [35m[1mConsolidate compiler generated dependencies of target wall_follower[0m
[0.236s] [ 50%] [32mBuilding CXX object CMakeFiles/wall_follower.dir/src/wall_follower.cpp.o[0m
[0.338s] [ 50%] Built target ament_cmake_python_symlink_wall_follower
[1.064s] running egg_info
[1.064s] writing wall_follower.egg-info/PKG-INFO
[1.064s] writing dependency_links to wall_follower.egg-info/dependency_links.txt
[1.064s] writing top-level names to wall_follower.egg-info/top_level.txt
[1.064s] reading manifest file 'wall_follower.egg-info/SOURCES.txt'
[1.064s] writing manifest file 'wall_follower.egg-info/SOURCES.txt'
[1.101s] [ 50%] Built target ament_cmake_python_build_wall_follower_egg
[18.494s] [100%] [32m[1mLinking CXX executable wall_follower[0m
[19.342s] [100%] Built target wall_follower
[19.367s] Invoked command in '/home/pi/turtlebot3_ws/build/wall_follower' returned '0': CMAKE_PREFIX_PATH=${CMAKE_PREFIX_PATH}:/home/pi/turtlebot3_ws/install/turtlebot3_teleop:/home/pi/turtlebot3_ws/install/turtlebot3_example:/opt/ros/humble /usr/bin/cmake --build /home/pi/turtlebot3_ws/build/wall_follower -- -j4 -l4
[19.368s] Invoking command in '/home/pi/turtlebot3_ws/build/wall_follower': CMAKE_PREFIX_PATH=${CMAKE_PREFIX_PATH}:/home/pi/turtlebot3_ws/install/turtlebot3_teleop:/home/pi/turtlebot3_ws/install/turtlebot3_example:/opt/ros/humble /usr/bin/cmake --install /home/pi/turtlebot3_ws/build/wall_follower
[19.376s] -- Install configuration: ""
[19.376s] -- Execute custom install script
[19.377s] -- Up-to-date symlink: /home/pi/turtlebot3_ws/install/wall_follower/lib/wall_follower/wall_follower
[19.378s] -- Up-to-date symlink: /home/pi/turtlebot3_ws/install/wall_follower/share/wall_follower//launch/wall_follower.launch.py
[19.378s] -- Up-to-date symlink: /home/pi/turtlebot3_ws/install/wall_follower/include//wall_follower/wall_follower.hpp
[19.378s] -- Up-to-date symlink: /home/pi/turtlebot3_ws/install/wall_follower/share/wall_follower/environment/pythonpath.sh
[19.378s] -- Up-to-date symlink: /home/pi/turtlebot3_ws/install/wall_follower/share/wall_follower/environment/pythonpath.dsv
[19.378s] -- Up-to-date symlink: /home/pi/turtlebot3_ws/install/wall_follower/local/lib/python3.10/dist-packages/wall_follower-0.0.0-py3.10.egg-info/PKG-INFO
[19.378s] -- Up-to-date symlink: /home/pi/turtlebot3_ws/install/wall_follower/local/lib/python3.10/dist-packages/wall_follower-0.0.0-py3.10.egg-info/SOURCES.txt
[19.379s] -- Up-to-date symlink: /home/pi/turtlebot3_ws/install/wall_follower/local/lib/python3.10/dist-packages/wall_follower-0.0.0-py3.10.egg-info/dependency_links.txt
[19.379s] -- Up-to-date symlink: /home/pi/turtlebot3_ws/install/wall_follower/local/lib/python3.10/dist-packages/wall_follower-0.0.0-py3.10.egg-info/top_level.txt
[19.379s] -- Up-to-date symlink: /home/pi/turtlebot3_ws/install/wall_follower/local/lib/python3.10/dist-packages/wall_follower/__init__.py
[19.379s] -- Up-to-date symlink: /home/pi/turtlebot3_ws/install/wall_follower/local/lib/python3.10/dist-packages/wall_follower/landmark.py
[19.379s] -- Up-to-date symlink: /home/pi/turtlebot3_ws/install/wall_follower/lib/wall_follower/see_marker.py
[19.379s] -- Up-to-date symlink: /home/pi/turtlebot3_ws/install/wall_follower/lib/wall_follower/point_transformer.py
[19.379s] -- Up-to-date symlink: /home/pi/turtlebot3_ws/install/wall_follower/share/ament_index/resource_index/package_run_dependencies/wall_follower
[19.383s] -- Up-to-date symlink: /home/pi/turtlebot3_ws/install/wall_follower/share/ament_index/resource_index/parent_prefix_path/wall_follower
[19.383s] -- Up-to-date symlink: /home/pi/turtlebot3_ws/install/wall_follower/share/wall_follower/environment/ament_prefix_path.sh
[19.384s] -- Up-to-date symlink: /home/pi/turtlebot3_ws/install/wall_follower/share/wall_follower/environment/ament_prefix_path.dsv
[19.384s] -- Up-to-date symlink: /home/pi/turtlebot3_ws/install/wall_follower/share/wall_follower/environment/path.sh
[19.384s] -- Up-to-date symlink: /home/pi/turtlebot3_ws/install/wall_follower/share/wall_follower/environment/path.dsv
[19.384s] -- Up-to-date symlink: /home/pi/turtlebot3_ws/install/wall_follower/share/wall_follower/local_setup.bash
[19.384s] -- Up-to-date symlink: /home/pi/turtlebot3_ws/install/wall_follower/share/wall_follower/local_setup.sh
[19.384s] -- Up-to-date symlink: /home/pi/turtlebot3_ws/install/wall_follower/share/wall_follower/local_setup.zsh
[19.384s] -- Up-to-date symlink: /home/pi/turtlebot3_ws/install/wall_follower/share/wall_follower/local_setup.dsv
[19.384s] -- Symlinking: /home/pi/turtlebot3_ws/install/wall_follower/share/wall_follower/package.dsv
[19.397s] -- Up-to-date symlink: /home/pi/turtlebot3_ws/install/wall_follower/share/ament_index/resource_index/packages/wall_follower
[19.397s] -- Up-to-date symlink: /home/pi/turtlebot3_ws/install/wall_follower/share/wall_follower/cmake/ament_cmake_export_include_directories-extras.cmake
[19.398s] -- Up-to-date symlink: /home/pi/turtlebot3_ws/install/wall_follower/share/wall_follower/cmake/ament_cmake_export_dependencies-extras.cmake
[19.398s] -- Up-to-date symlink: /home/pi/turtlebot3_ws/install/wall_follower/share/wall_follower/cmake/wall_followerConfig.cmake
[19.398s] -- Up-to-date symlink: /home/pi/turtlebot3_ws/install/wall_follower/share/wall_follower/cmake/wall_followerConfig-version.cmake
[19.398s] -- Up-to-date symlink: /home/pi/turtlebot3_ws/install/wall_follower/share/wall_follower/package.xml
[19.438s] Listing '/home/pi/turtlebot3_ws/install/wall_follower/local/lib/python3.10/dist-packages/wall_follower'...
[19.447s] Invoked command in '/home/pi/turtlebot3_ws/build/wall_follower' returned '0': CMAKE_PREFIX_PATH=${CMAKE_PREFIX_PATH}:/home/pi/turtlebot3_ws/install/turtlebot3_teleop:/home/pi/turtlebot3_ws/install/turtlebot3_example:/opt/ros/humble /usr/bin/cmake --install /home/pi/turtlebot3_ws/build/wall_follower
