[0.725s] Invoking command in '/home/pi/turtlebot3_ws/build/turtlebot3_teleop': PYTHONPATH=/home/pi/turtlebot3_ws/build/turtlebot3_teleop/prefix_override:/usr/lib/python3/dist-packages/colcon_core/task/python/colcon_distutils_commands:/home/pi/turtlebot3_ws/install/turtlebot3_teleop/lib/python3.10/site-packages:${PYTHONPATH} /usr/bin/python3 -W ignore:setup.py install is deprecated -W ignore:easy_install command is deprecated setup.py develop --editable --build-directory /home/pi/turtlebot3_ws/build/turtlebot3_teleop/build --no-deps symlink_data
[1.012s] running develop
[1.200s] running egg_info
[1.200s] creating turtlebot3_teleop.egg-info
[1.201s] writing turtlebot3_teleop.egg-info/PKG-INFO
[1.201s] writing dependency_links to turtlebot3_teleop.egg-info/dependency_links.txt
[1.201s] writing entry points to turtlebot3_teleop.egg-info/entry_points.txt
[1.201s] writing requirements to turtlebot3_teleop.egg-info/requires.txt
[1.201s] writing top-level names to turtlebot3_teleop.egg-info/top_level.txt
[1.201s] writing manifest file 'turtlebot3_teleop.egg-info/SOURCES.txt'
[1.203s] reading manifest file 'turtlebot3_teleop.egg-info/SOURCES.txt'
[1.204s] writing manifest file 'turtlebot3_teleop.egg-info/SOURCES.txt'
[1.205s] running build_ext
[1.205s] Creating /home/pi/turtlebot3_ws/install/turtlebot3_teleop/lib/python3.10/site-packages/turtlebot3-teleop.egg-link (link to .)
[1.206s] Installing teleop_keyboard script to /home/pi/turtlebot3_ws/install/turtlebot3_teleop/lib/turtlebot3_teleop
[1.207s] 
[1.207s] Installed /home/pi/turtlebot3_ws/build/turtlebot3_teleop
[1.207s] running symlink_data
[1.207s] creating /home/pi/turtlebot3_ws/install/turtlebot3_teleop/share/ament_index
[1.207s] creating /home/pi/turtlebot3_ws/install/turtlebot3_teleop/share/ament_index/resource_index
[1.207s] creating /home/pi/turtlebot3_ws/install/turtlebot3_teleop/share/ament_index/resource_index/packages
[1.207s] symbolically linking /home/pi/turtlebot3_ws/build/turtlebot3_teleop/resource/turtlebot3_teleop -> /home/pi/turtlebot3_ws/install/turtlebot3_teleop/share/ament_index/resource_index/packages
[1.207s] symbolically linking /home/pi/turtlebot3_ws/build/turtlebot3_teleop/package.xml -> /home/pi/turtlebot3_ws/install/turtlebot3_teleop/share/turtlebot3_teleop
[1.231s] Invoked command in '/home/pi/turtlebot3_ws/build/turtlebot3_teleop' returned '0': PYTHONPATH=/home/pi/turtlebot3_ws/build/turtlebot3_teleop/prefix_override:/usr/lib/python3/dist-packages/colcon_core/task/python/colcon_distutils_commands:/home/pi/turtlebot3_ws/install/turtlebot3_teleop/lib/python3.10/site-packages:${PYTHONPATH} /usr/bin/python3 -W ignore:setup.py install is deprecated -W ignore:easy_install command is deprecated setup.py develop --editable --build-directory /home/pi/turtlebot3_ws/build/turtlebot3_teleop/build --no-deps symlink_data
