[0.304s] Invoking command in '/home/pi/turtlebot3_ws/build/turtlebot3_fake_node': CMAKE_PREFIX_PATH=/home/pi/turtlebot3_ws/install/turtlebot3_msgs:/home/pi/turtlebot3_ws/install/wall_follower:/home/pi/turtlebot3_ws/install/turtlebot3:/home/pi/turtlebot3_ws/install/turtlebot3_simulations:/home/pi/turtlebot3_ws/install/turtlebot3_bringup:/home/pi/turtlebot3_ws/install/turtlebot3_node:/home/pi/turtlebot3_ws/install/turtlebot3_navigation2:/home/pi/turtlebot3_ws/install/turtlebot3_fake_node:/home/pi/turtlebot3_ws/install/turtlebot3_manipulation_gazebo:/home/pi/turtlebot3_ws/install/turtlebot3_gazebo:/home/pi/turtlebot3_ws/install/turtlebot3_description:/home/pi/turtlebot3_ws/install/turtlebot3_cartographer:/home/pi/turtlebot3_ws/install/dynamixel_sdk_examples:/home/pi/turtlebot3_ws/install/dynamixel_sdk_custom_interfaces:/home/pi/turtlebot3_ws/install/dynamixel_sdk:/home/pi/turtlebot3_ws/install/turtlebot3_teleop:/home/pi/turtlebot3_ws/install/turtlebot3_example:/opt/ros/humble LD_LIBRARY_PATH=/home/pi/turtlebot3_ws/install/turtlebot3_msgs/lib:/home/pi/turtlebot3_ws/install/dynamixel_sdk_custom_interfaces/lib:/home/pi/turtlebot3_ws/install/dynamixel_sdk/lib:/usr/lib/x86_64-linux-gnu/gazebo-11/plugins:/opt/ros/humble/opt/rviz_ogre_vendor/lib:/opt/ros/humble/lib/x86_64-linux-gnu:/opt/ros/humble/lib:/usr/lib/x86_64-linux-gnu/gazebo-11/plugins:/usr/lib/x86_64-linux-gnu/gazebo-11/plugins:/usr/lib/x86_64-linux-gnu/gazebo-11/plugins /usr/bin/cmake --build /home/pi/turtlebot3_ws/build/turtlebot3_fake_node -- -j4 -l4
[0.352s] -- Found ament_cmake: 1.3.12 (/opt/ros/humble/share/ament_cmake/cmake)
[0.535s] -- Override CMake install command with custom implementation using symlinks instead of copying resources
[0.566s] -- Found geometry_msgs: 4.9.0 (/opt/ros/humble/share/geometry_msgs/cmake)
[0.586s] -- Found rosidl_generator_c: 3.1.7 (/opt/ros/humble/share/rosidl_generator_c/cmake)
[0.603s] -- Found rosidl_adapter: 3.1.7 (/opt/ros/humble/share/rosidl_adapter/cmake)
[0.619s] -- Found rosidl_generator_cpp: 3.1.7 (/opt/ros/humble/share/rosidl_generator_cpp/cmake)
[0.619s] -- Using all available rosidl_typesupport_c: rosidl_typesupport_fastrtps_c;rosidl_typesupport_introspection_c
[0.636s] -- Using all available rosidl_typesupport_cpp: rosidl_typesupport_fastrtps_cpp;rosidl_typesupport_introspection_cpp
[0.685s] -- Found nav_msgs: 4.9.0 (/opt/ros/humble/share/nav_msgs/cmake)
[0.740s] -- Found rclcpp: 16.0.14 (/opt/ros/humble/share/rclcpp/cmake)
[0.747s] -- Found rmw_implementation_cmake: 6.1.2 (/opt/ros/humble/share/rmw_implementation_cmake/cmake)
[0.749s] -- Found rmw_fastrtps_cpp: 6.2.8 (/opt/ros/humble/share/rmw_fastrtps_cpp/cmake)
[0.917s] -- Using RMW implementation 'rmw_fastrtps_cpp' as default
[0.996s] -- Found sensor_msgs: 4.9.0 (/opt/ros/humble/share/sensor_msgs/cmake)
[1.018s] -- Found tf2: 0.25.16 (/opt/ros/humble/share/tf2/cmake)
[1.029s] -- Found tf2_msgs: 0.25.16 (/opt/ros/humble/share/tf2_msgs/cmake)
[1.088s] -- Found turtlebot3_msgs: 2.4.0 (/home/pi/turtlebot3_ws/install/turtlebot3_msgs/share/turtlebot3_msgs/cmake)
[1.201s] -- Configuring done
[1.240s] -- Generating done
[1.246s] -- Build files have been written to: /home/pi/turtlebot3_ws/build/turtlebot3_fake_node
[1.306s] [35m[1mConsolidate compiler generated dependencies of target turtlebot3_fake_node[0m
[1.348s] [ 50%] [32mBuilding CXX object CMakeFiles/turtlebot3_fake_node.dir/src/turtlebot3_fake_node.cpp.o[0m
[11.708s] [100%] [32m[1mLinking CXX executable turtlebot3_fake_node[0m
[12.051s] [100%] Built target turtlebot3_fake_node
[12.074s] Invoked command in '/home/pi/turtlebot3_ws/build/turtlebot3_fake_node' returned '0': CMAKE_PREFIX_PATH=/home/pi/turtlebot3_ws/install/turtlebot3_msgs:/home/pi/turtlebot3_ws/install/wall_follower:/home/pi/turtlebot3_ws/install/turtlebot3:/home/pi/turtlebot3_ws/install/turtlebot3_simulations:/home/pi/turtlebot3_ws/install/turtlebot3_bringup:/home/pi/turtlebot3_ws/install/turtlebot3_node:/home/pi/turtlebot3_ws/install/turtlebot3_navigation2:/home/pi/turtlebot3_ws/install/turtlebot3_fake_node:/home/pi/turtlebot3_ws/install/turtlebot3_manipulation_gazebo:/home/pi/turtlebot3_ws/install/turtlebot3_gazebo:/home/pi/turtlebot3_ws/install/turtlebot3_description:/home/pi/turtlebot3_ws/install/turtlebot3_cartographer:/home/pi/turtlebot3_ws/install/dynamixel_sdk_examples:/home/pi/turtlebot3_ws/install/dynamixel_sdk_custom_interfaces:/home/pi/turtlebot3_ws/install/dynamixel_sdk:/home/pi/turtlebot3_ws/install/turtlebot3_teleop:/home/pi/turtlebot3_ws/install/turtlebot3_example:/opt/ros/humble LD_LIBRARY_PATH=/home/pi/turtlebot3_ws/install/turtlebot3_msgs/lib:/home/pi/turtlebot3_ws/install/dynamixel_sdk_custom_interfaces/lib:/home/pi/turtlebot3_ws/install/dynamixel_sdk/lib:/usr/lib/x86_64-linux-gnu/gazebo-11/plugins:/opt/ros/humble/opt/rviz_ogre_vendor/lib:/opt/ros/humble/lib/x86_64-linux-gnu:/opt/ros/humble/lib:/usr/lib/x86_64-linux-gnu/gazebo-11/plugins:/usr/lib/x86_64-linux-gnu/gazebo-11/plugins:/usr/lib/x86_64-linux-gnu/gazebo-11/plugins /usr/bin/cmake --build /home/pi/turtlebot3_ws/build/turtlebot3_fake_node -- -j4 -l4
[12.080s] Invoking command in '/home/pi/turtlebot3_ws/build/turtlebot3_fake_node': CMAKE_PREFIX_PATH=/home/pi/turtlebot3_ws/install/turtlebot3_msgs:/home/pi/turtlebot3_ws/install/wall_follower:/home/pi/turtlebot3_ws/install/turtlebot3:/home/pi/turtlebot3_ws/install/turtlebot3_simulations:/home/pi/turtlebot3_ws/install/turtlebot3_bringup:/home/pi/turtlebot3_ws/install/turtlebot3_node:/home/pi/turtlebot3_ws/install/turtlebot3_navigation2:/home/pi/turtlebot3_ws/install/turtlebot3_fake_node:/home/pi/turtlebot3_ws/install/turtlebot3_manipulation_gazebo:/home/pi/turtlebot3_ws/install/turtlebot3_gazebo:/home/pi/turtlebot3_ws/install/turtlebot3_description:/home/pi/turtlebot3_ws/install/turtlebot3_cartographer:/home/pi/turtlebot3_ws/install/dynamixel_sdk_examples:/home/pi/turtlebot3_ws/install/dynamixel_sdk_custom_interfaces:/home/pi/turtlebot3_ws/install/dynamixel_sdk:/home/pi/turtlebot3_ws/install/turtlebot3_teleop:/home/pi/turtlebot3_ws/install/turtlebot3_example:/opt/ros/humble LD_LIBRARY_PATH=/home/pi/turtlebot3_ws/install/turtlebot3_msgs/lib:/home/pi/turtlebot3_ws/install/dynamixel_sdk_custom_interfaces/lib:/home/pi/turtlebot3_ws/install/dynamixel_sdk/lib:/usr/lib/x86_64-linux-gnu/gazebo-11/plugins:/opt/ros/humble/opt/rviz_ogre_vendor/lib:/opt/ros/humble/lib/x86_64-linux-gnu:/opt/ros/humble/lib:/usr/lib/x86_64-linux-gnu/gazebo-11/plugins:/usr/lib/x86_64-linux-gnu/gazebo-11/plugins:/usr/lib/x86_64-linux-gnu/gazebo-11/plugins /usr/bin/cmake --install /home/pi/turtlebot3_ws/build/turtlebot3_fake_node
[12.092s] -- Install configuration: ""
[12.097s] -- Execute custom install script
[12.097s] -- Up-to-date symlink: /home/pi/turtlebot3_ws/install/turtlebot3_fake_node/lib/turtlebot3_fake_node/turtlebot3_fake_node
[12.097s] -- Up-to-date symlink: /home/pi/turtlebot3_ws/install/turtlebot3_fake_node/share/turtlebot3_fake_node/launch/rviz2.launch.py
[12.097s] -- Up-to-date symlink: /home/pi/turtlebot3_ws/install/turtlebot3_fake_node/share/turtlebot3_fake_node/launch/turtlebot3_fake_node.launch.py
[12.097s] -- Up-to-date symlink: /home/pi/turtlebot3_ws/install/turtlebot3_fake_node/share/turtlebot3_fake_node/param/burger.yaml
[12.097s] -- Up-to-date symlink: /home/pi/turtlebot3_ws/install/turtlebot3_fake_node/share/turtlebot3_fake_node/param/waffle.yaml
[12.097s] -- Up-to-date symlink: /home/pi/turtlebot3_ws/install/turtlebot3_fake_node/share/turtlebot3_fake_node/param/waffle_pi.yaml
[12.097s] -- Up-to-date symlink: /home/pi/turtlebot3_ws/install/turtlebot3_fake_node/include//turtlebot3_fake_node/turtlebot3_fake_node.hpp
[12.097s] -- Up-to-date symlink: /home/pi/turtlebot3_ws/install/turtlebot3_fake_node/share/ament_index/resource_index/package_run_dependencies/turtlebot3_fake_node
[12.097s] -- Up-to-date symlink: /home/pi/turtlebot3_ws/install/turtlebot3_fake_node/share/ament_index/resource_index/parent_prefix_path/turtlebot3_fake_node
[12.097s] -- Up-to-date symlink: /home/pi/turtlebot3_ws/install/turtlebot3_fake_node/share/turtlebot3_fake_node/environment/ament_prefix_path.sh
[12.097s] -- Up-to-date symlink: /home/pi/turtlebot3_ws/install/turtlebot3_fake_node/share/turtlebot3_fake_node/environment/ament_prefix_path.dsv
[12.097s] -- Up-to-date symlink: /home/pi/turtlebot3_ws/install/turtlebot3_fake_node/share/turtlebot3_fake_node/environment/path.sh
[12.097s] -- Up-to-date symlink: /home/pi/turtlebot3_ws/install/turtlebot3_fake_node/share/turtlebot3_fake_node/environment/path.dsv
[12.097s] -- Up-to-date symlink: /home/pi/turtlebot3_ws/install/turtlebot3_fake_node/share/turtlebot3_fake_node/local_setup.bash
[12.098s] -- Up-to-date symlink: /home/pi/turtlebot3_ws/install/turtlebot3_fake_node/share/turtlebot3_fake_node/local_setup.sh
[12.098s] -- Up-to-date symlink: /home/pi/turtlebot3_ws/install/turtlebot3_fake_node/share/turtlebot3_fake_node/local_setup.zsh
[12.098s] -- Up-to-date symlink: /home/pi/turtlebot3_ws/install/turtlebot3_fake_node/share/turtlebot3_fake_node/local_setup.dsv
[12.098s] -- Symlinking: /home/pi/turtlebot3_ws/install/turtlebot3_fake_node/share/turtlebot3_fake_node/package.dsv
[12.105s] -- Up-to-date symlink: /home/pi/turtlebot3_ws/install/turtlebot3_fake_node/share/ament_index/resource_index/packages/turtlebot3_fake_node
[12.105s] -- Up-to-date symlink: /home/pi/turtlebot3_ws/install/turtlebot3_fake_node/share/turtlebot3_fake_node/cmake/ament_cmake_export_include_directories-extras.cmake
[12.105s] -- Up-to-date symlink: /home/pi/turtlebot3_ws/install/turtlebot3_fake_node/share/turtlebot3_fake_node/cmake/ament_cmake_export_dependencies-extras.cmake
[12.106s] -- Up-to-date symlink: /home/pi/turtlebot3_ws/install/turtlebot3_fake_node/share/turtlebot3_fake_node/cmake/turtlebot3_fake_nodeConfig.cmake
[12.106s] -- Up-to-date symlink: /home/pi/turtlebot3_ws/install/turtlebot3_fake_node/share/turtlebot3_fake_node/cmake/turtlebot3_fake_nodeConfig-version.cmake
[12.106s] -- Up-to-date symlink: /home/pi/turtlebot3_ws/install/turtlebot3_fake_node/share/turtlebot3_fake_node/package.xml
[12.108s] Invoked command in '/home/pi/turtlebot3_ws/build/turtlebot3_fake_node' returned '0': CMAKE_PREFIX_PATH=/home/pi/turtlebot3_ws/install/turtlebot3_msgs:/home/pi/turtlebot3_ws/install/wall_follower:/home/pi/turtlebot3_ws/install/turtlebot3:/home/pi/turtlebot3_ws/install/turtlebot3_simulations:/home/pi/turtlebot3_ws/install/turtlebot3_bringup:/home/pi/turtlebot3_ws/install/turtlebot3_node:/home/pi/turtlebot3_ws/install/turtlebot3_navigation2:/home/pi/turtlebot3_ws/install/turtlebot3_fake_node:/home/pi/turtlebot3_ws/install/turtlebot3_manipulation_gazebo:/home/pi/turtlebot3_ws/install/turtlebot3_gazebo:/home/pi/turtlebot3_ws/install/turtlebot3_description:/home/pi/turtlebot3_ws/install/turtlebot3_cartographer:/home/pi/turtlebot3_ws/install/dynamixel_sdk_examples:/home/pi/turtlebot3_ws/install/dynamixel_sdk_custom_interfaces:/home/pi/turtlebot3_ws/install/dynamixel_sdk:/home/pi/turtlebot3_ws/install/turtlebot3_teleop:/home/pi/turtlebot3_ws/install/turtlebot3_example:/opt/ros/humble LD_LIBRARY_PATH=/home/pi/turtlebot3_ws/install/turtlebot3_msgs/lib:/home/pi/turtlebot3_ws/install/dynamixel_sdk_custom_interfaces/lib:/home/pi/turtlebot3_ws/install/dynamixel_sdk/lib:/usr/lib/x86_64-linux-gnu/gazebo-11/plugins:/opt/ros/humble/opt/rviz_ogre_vendor/lib:/opt/ros/humble/lib/x86_64-linux-gnu:/opt/ros/humble/lib:/usr/lib/x86_64-linux-gnu/gazebo-11/plugins:/usr/lib/x86_64-linux-gnu/gazebo-11/plugins:/usr/lib/x86_64-linux-gnu/gazebo-11/plugins /usr/bin/cmake --install /home/pi/turtlebot3_ws/build/turtlebot3_fake_node
