[0.063s] Invoking command in '/home/pi/turtlebot3_ws/build/dynamixel_sdk': CMAKE_PREFIX_PATH=${CMAKE_PREFIX_PATH}:/home/pi/turtlebot3_ws/install/turtlebot3_teleop:/home/pi/turtlebot3_ws/install/turtlebot3_example:/opt/ros/humble /usr/bin/cmake --build /home/pi/turtlebot3_ws/build/dynamixel_sdk -- -j4 -l4
[0.293s] [100%] Built target dynamixel_sdk
[0.420s] [100%] Built target ament_cmake_python_symlink_dynamixel_sdk
[1.213s] running egg_info
[1.215s] writing dynamixel_sdk.egg-info/PKG-INFO
[1.215s] writing dependency_links to dynamixel_sdk.egg-info/dependency_links.txt
[1.215s] writing top-level names to dynamixel_sdk.egg-info/top_level.txt
[1.215s] reading manifest file 'dynamixel_sdk.egg-info/SOURCES.txt'
[1.215s] writing manifest file 'dynamixel_sdk.egg-info/SOURCES.txt'
[1.251s] [100%] Built target ament_cmake_python_build_dynamixel_sdk_egg
[1.308s] Invoked command in '/home/pi/turtlebot3_ws/build/dynamixel_sdk' returned '0': CMAKE_PREFIX_PATH=${CMAKE_PREFIX_PATH}:/home/pi/turtlebot3_ws/install/turtlebot3_teleop:/home/pi/turtlebot3_ws/install/turtlebot3_example:/opt/ros/humble /usr/bin/cmake --build /home/pi/turtlebot3_ws/build/dynamixel_sdk -- -j4 -l4
[1.309s] Invoking command in '/home/pi/turtlebot3_ws/build/dynamixel_sdk': CMAKE_PREFIX_PATH=${CMAKE_PREFIX_PATH}:/home/pi/turtlebot3_ws/install/turtlebot3_teleop:/home/pi/turtlebot3_ws/install/turtlebot3_example:/opt/ros/humble /usr/bin/cmake --install /home/pi/turtlebot3_ws/build/dynamixel_sdk
[1.336s] -- Install configuration: ""
[1.336s] -- Execute custom install script
[1.336s] -- Up-to-date symlink: /home/pi/turtlebot3_ws/install/dynamixel_sdk/include//dynamixel_sdk/dynamixel_sdk.h
[1.344s] -- Up-to-date symlink: /home/pi/turtlebot3_ws/install/dynamixel_sdk/include//dynamixel_sdk/group_bulk_read.h
[1.344s] -- Up-to-date symlink: /home/pi/turtlebot3_ws/install/dynamixel_sdk/include//dynamixel_sdk/group_bulk_write.h
[1.344s] -- Up-to-date symlink: /home/pi/turtlebot3_ws/install/dynamixel_sdk/include//dynamixel_sdk/group_fast_bulk_read.h
[1.344s] -- Up-to-date symlink: /home/pi/turtlebot3_ws/install/dynamixel_sdk/include//dynamixel_sdk/group_fast_sync_read.h
[1.344s] -- Up-to-date symlink: /home/pi/turtlebot3_ws/install/dynamixel_sdk/include//dynamixel_sdk/group_handler.h
[1.344s] -- Up-to-date symlink: /home/pi/turtlebot3_ws/install/dynamixel_sdk/include//dynamixel_sdk/group_sync_read.h
[1.345s] -- Up-to-date symlink: /home/pi/turtlebot3_ws/install/dynamixel_sdk/include//dynamixel_sdk/group_sync_write.h
[1.347s] -- Up-to-date symlink: /home/pi/turtlebot3_ws/install/dynamixel_sdk/include//dynamixel_sdk/packet_handler.h
[1.347s] -- Up-to-date symlink: /home/pi/turtlebot3_ws/install/dynamixel_sdk/include//dynamixel_sdk/port_handler.h
[1.347s] -- Up-to-date symlink: /home/pi/turtlebot3_ws/install/dynamixel_sdk/include//dynamixel_sdk/port_handler_arduino.h
[1.348s] -- Up-to-date symlink: /home/pi/turtlebot3_ws/install/dynamixel_sdk/include//dynamixel_sdk/port_handler_linux.h
[1.348s] -- Up-to-date symlink: /home/pi/turtlebot3_ws/install/dynamixel_sdk/include//dynamixel_sdk/port_handler_mac.h
[1.348s] -- Up-to-date symlink: /home/pi/turtlebot3_ws/install/dynamixel_sdk/include//dynamixel_sdk/port_handler_windows.h
[1.348s] -- Up-to-date symlink: /home/pi/turtlebot3_ws/install/dynamixel_sdk/include//dynamixel_sdk/protocol1_packet_handler.h
[1.349s] -- Up-to-date symlink: /home/pi/turtlebot3_ws/install/dynamixel_sdk/include//dynamixel_sdk/protocol2_packet_handler.h
[1.349s] -- Up-to-date symlink: /home/pi/turtlebot3_ws/install/dynamixel_sdk/share/dynamixel_sdk/environment/pythonpath.sh
[1.349s] -- Up-to-date symlink: /home/pi/turtlebot3_ws/install/dynamixel_sdk/share/dynamixel_sdk/environment/pythonpath.dsv
[1.350s] -- Up-to-date symlink: /home/pi/turtlebot3_ws/install/dynamixel_sdk/local/lib/python3.10/dist-packages/dynamixel_sdk-3.8.4-py3.10.egg-info/PKG-INFO
[1.350s] -- Up-to-date symlink: /home/pi/turtlebot3_ws/install/dynamixel_sdk/local/lib/python3.10/dist-packages/dynamixel_sdk-3.8.4-py3.10.egg-info/SOURCES.txt
[1.350s] -- Up-to-date symlink: /home/pi/turtlebot3_ws/install/dynamixel_sdk/local/lib/python3.10/dist-packages/dynamixel_sdk-3.8.4-py3.10.egg-info/dependency_links.txt
[1.351s] -- Up-to-date symlink: /home/pi/turtlebot3_ws/install/dynamixel_sdk/local/lib/python3.10/dist-packages/dynamixel_sdk-3.8.4-py3.10.egg-info/top_level.txt
[1.351s] -- Up-to-date symlink: /home/pi/turtlebot3_ws/install/dynamixel_sdk/local/lib/python3.10/dist-packages/dynamixel_sdk/__init__.py
[1.362s] -- Up-to-date symlink: /home/pi/turtlebot3_ws/install/dynamixel_sdk/local/lib/python3.10/dist-packages/dynamixel_sdk/group_bulk_read.cpp
[1.362s] -- Up-to-date symlink: /home/pi/turtlebot3_ws/install/dynamixel_sdk/local/lib/python3.10/dist-packages/dynamixel_sdk/group_bulk_read.py
[1.363s] -- Up-to-date symlink: /home/pi/turtlebot3_ws/install/dynamixel_sdk/local/lib/python3.10/dist-packages/dynamixel_sdk/group_bulk_write.cpp
[1.363s] -- Up-to-date symlink: /home/pi/turtlebot3_ws/install/dynamixel_sdk/local/lib/python3.10/dist-packages/dynamixel_sdk/group_bulk_write.py
[1.363s] -- Up-to-date symlink: /home/pi/turtlebot3_ws/install/dynamixel_sdk/local/lib/python3.10/dist-packages/dynamixel_sdk/group_fast_bulk_read.cpp
[1.364s] -- Up-to-date symlink: /home/pi/turtlebot3_ws/install/dynamixel_sdk/local/lib/python3.10/dist-packages/dynamixel_sdk/group_fast_sync_read.cpp
[1.364s] -- Up-to-date symlink: /home/pi/turtlebot3_ws/install/dynamixel_sdk/local/lib/python3.10/dist-packages/dynamixel_sdk/group_handler.cpp
[1.364s] -- Up-to-date symlink: /home/pi/turtlebot3_ws/install/dynamixel_sdk/local/lib/python3.10/dist-packages/dynamixel_sdk/group_sync_read.cpp
[1.366s] -- Up-to-date symlink: /home/pi/turtlebot3_ws/install/dynamixel_sdk/local/lib/python3.10/dist-packages/dynamixel_sdk/group_sync_read.py
[1.368s] -- Up-to-date symlink: /home/pi/turtlebot3_ws/install/dynamixel_sdk/local/lib/python3.10/dist-packages/dynamixel_sdk/group_sync_write.cpp
[1.369s] -- Up-to-date symlink: /home/pi/turtlebot3_ws/install/dynamixel_sdk/local/lib/python3.10/dist-packages/dynamixel_sdk/group_sync_write.py
[1.370s] -- Up-to-date symlink: /home/pi/turtlebot3_ws/install/dynamixel_sdk/local/lib/python3.10/dist-packages/dynamixel_sdk/packet_handler.cpp
[1.370s] -- Up-to-date symlink: /home/pi/turtlebot3_ws/install/dynamixel_sdk/local/lib/python3.10/dist-packages/dynamixel_sdk/packet_handler.py
[1.370s] -- Up-to-date symlink: /home/pi/turtlebot3_ws/install/dynamixel_sdk/local/lib/python3.10/dist-packages/dynamixel_sdk/port_handler.cpp
[1.371s] -- Up-to-date symlink: /home/pi/turtlebot3_ws/install/dynamixel_sdk/local/lib/python3.10/dist-packages/dynamixel_sdk/port_handler.py
[1.371s] -- Up-to-date symlink: /home/pi/turtlebot3_ws/install/dynamixel_sdk/local/lib/python3.10/dist-packages/dynamixel_sdk/port_handler_arduino.cpp
[1.371s] -- Up-to-date symlink: /home/pi/turtlebot3_ws/install/dynamixel_sdk/local/lib/python3.10/dist-packages/dynamixel_sdk/port_handler_linux.cpp
[1.371s] -- Up-to-date symlink: /home/pi/turtlebot3_ws/install/dynamixel_sdk/local/lib/python3.10/dist-packages/dynamixel_sdk/port_handler_mac.cpp
[1.372s] -- Up-to-date symlink: /home/pi/turtlebot3_ws/install/dynamixel_sdk/local/lib/python3.10/dist-packages/dynamixel_sdk/port_handler_windows.cpp
[1.373s] -- Up-to-date symlink: /home/pi/turtlebot3_ws/install/dynamixel_sdk/local/lib/python3.10/dist-packages/dynamixel_sdk/protocol1_packet_handler.cpp
[1.373s] -- Up-to-date symlink: /home/pi/turtlebot3_ws/install/dynamixel_sdk/local/lib/python3.10/dist-packages/dynamixel_sdk/protocol1_packet_handler.py
[1.373s] -- Up-to-date symlink: /home/pi/turtlebot3_ws/install/dynamixel_sdk/local/lib/python3.10/dist-packages/dynamixel_sdk/protocol2_packet_handler.cpp
[1.374s] -- Up-to-date symlink: /home/pi/turtlebot3_ws/install/dynamixel_sdk/local/lib/python3.10/dist-packages/dynamixel_sdk/protocol2_packet_handler.py
[1.374s] -- Up-to-date symlink: /home/pi/turtlebot3_ws/install/dynamixel_sdk/local/lib/python3.10/dist-packages/dynamixel_sdk/robotis_def.py
[1.374s] -- Up-to-date symlink: /home/pi/turtlebot3_ws/install/dynamixel_sdk/share/dynamixel_sdk/environment/library_path.sh
[1.375s] -- Up-to-date symlink: /home/pi/turtlebot3_ws/install/dynamixel_sdk/share/dynamixel_sdk/environment/library_path.dsv
[1.375s] -- Up-to-date symlink: /home/pi/turtlebot3_ws/install/dynamixel_sdk/share/ament_index/resource_index/package_run_dependencies/dynamixel_sdk
[1.375s] -- Up-to-date symlink: /home/pi/turtlebot3_ws/install/dynamixel_sdk/share/ament_index/resource_index/parent_prefix_path/dynamixel_sdk
[1.376s] -- Up-to-date symlink: /home/pi/turtlebot3_ws/install/dynamixel_sdk/share/dynamixel_sdk/environment/ament_prefix_path.sh
[1.376s] -- Up-to-date symlink: /home/pi/turtlebot3_ws/install/dynamixel_sdk/share/dynamixel_sdk/environment/ament_prefix_path.dsv
[1.376s] -- Up-to-date symlink: /home/pi/turtlebot3_ws/install/dynamixel_sdk/share/dynamixel_sdk/environment/path.sh
[1.376s] -- Up-to-date symlink: /home/pi/turtlebot3_ws/install/dynamixel_sdk/share/dynamixel_sdk/environment/path.dsv
[1.377s] -- Up-to-date symlink: /home/pi/turtlebot3_ws/install/dynamixel_sdk/share/dynamixel_sdk/local_setup.bash
[1.377s] -- Up-to-date symlink: /home/pi/turtlebot3_ws/install/dynamixel_sdk/share/dynamixel_sdk/local_setup.sh
[1.377s] -- Up-to-date symlink: /home/pi/turtlebot3_ws/install/dynamixel_sdk/share/dynamixel_sdk/local_setup.zsh
[1.377s] -- Up-to-date symlink: /home/pi/turtlebot3_ws/install/dynamixel_sdk/share/dynamixel_sdk/local_setup.dsv
[1.378s] -- Symlinking: /home/pi/turtlebot3_ws/install/dynamixel_sdk/share/dynamixel_sdk/package.dsv
[1.438s] -- Up-to-date symlink: /home/pi/turtlebot3_ws/install/dynamixel_sdk/share/ament_index/resource_index/packages/dynamixel_sdk
[1.438s] -- Up-to-date symlink: /home/pi/turtlebot3_ws/install/dynamixel_sdk/share/dynamixel_sdk/cmake/ament_cmake_export_targets-extras.cmake
[1.438s] -- Up-to-date symlink: /home/pi/turtlebot3_ws/install/dynamixel_sdk/share/dynamixel_sdk/cmake/ament_cmake_export_include_directories-extras.cmake
[1.438s] -- Up-to-date symlink: /home/pi/turtlebot3_ws/install/dynamixel_sdk/share/dynamixel_sdk/cmake/ament_cmake_export_libraries-extras.cmake
[1.438s] -- Up-to-date symlink: /home/pi/turtlebot3_ws/install/dynamixel_sdk/share/dynamixel_sdk/cmake/dynamixel_sdkConfig.cmake
[1.438s] -- Up-to-date symlink: /home/pi/turtlebot3_ws/install/dynamixel_sdk/share/dynamixel_sdk/cmake/dynamixel_sdkConfig-version.cmake
[1.438s] -- Up-to-date symlink: /home/pi/turtlebot3_ws/install/dynamixel_sdk/share/dynamixel_sdk/package.xml
[1.438s] -- Up-to-date: /home/pi/turtlebot3_ws/install/dynamixel_sdk/lib/libdynamixel_sdk.so
[1.561s] Listing '/home/pi/turtlebot3_ws/install/dynamixel_sdk/local/lib/python3.10/dist-packages/dynamixel_sdk'...
[1.594s] -- Up-to-date: /home/pi/turtlebot3_ws/install/dynamixel_sdk/share/dynamixel_sdk/cmake/dynamixel_sdkExport.cmake
[1.594s] -- Up-to-date: /home/pi/turtlebot3_ws/install/dynamixel_sdk/share/dynamixel_sdk/cmake/dynamixel_sdkExport-noconfig.cmake
[1.600s] Invoked command in '/home/pi/turtlebot3_ws/build/dynamixel_sdk' returned '0': CMAKE_PREFIX_PATH=${CMAKE_PREFIX_PATH}:/home/pi/turtlebot3_ws/install/turtlebot3_teleop:/home/pi/turtlebot3_ws/install/turtlebot3_example:/opt/ros/humble /usr/bin/cmake --install /home/pi/turtlebot3_ws/build/dynamixel_sdk
