[2.087s] Invoking command in '/home/pi/turtlebot3_ws/build/turtlebot3_msgs': CMAKE_PREFIX_PATH=${CMAKE_PREFIX_PATH}:/home/pi/turtlebot3_ws/install/turtlebot3_teleop:/home/pi/turtlebot3_ws/install/turtlebot3_example:/opt/ros/humble /usr/bin/cmake --build /home/pi/turtlebot3_ws/build/turtlebot3_msgs -- -j14 -l14
[6.256s] [  1%] Built target turtlebot3_msgs__cpp
[6.376s] [  1%] Built target ament_cmake_python_symlink_turtlebot3_msgs
[7.625s] [ 12%] Built target turtlebot3_msgs__rosidl_generator_c
[8.058s] [ 24%] Built target turtlebot3_msgs__rosidl_typesupport_cpp
[8.357s] [ 35%] Built target turtlebot3_msgs__rosidl_typesupport_fastrtps_cpp
[8.358s] [ 46%] Built target turtlebot3_msgs__rosidl_typesupport_introspection_cpp
[8.374s] [ 58%] Built target turtlebot3_msgs__rosidl_typesupport_introspection_c
[8.641s] [ 69%] Built target turtlebot3_msgs__rosidl_typesupport_fastrtps_c
[8.881s] [ 81%] Built target turtlebot3_msgs__rosidl_typesupport_c
[9.577s] [ 81%] Built target turtlebot3_msgs
[10.033s] [ 82%] Built target turtlebot3_msgs__py
[10.998s] [ 92%] Built target turtlebot3_msgs__rosidl_generator_py
[11.177s] [ 94%] Built target turtlebot3_msgs__rosidl_typesupport_fastrtps_c__pyext
[11.233s] running egg_info
[11.233s] writing turtlebot3_msgs.egg-info/PKG-INFO
[11.322s] writing dependency_links to turtlebot3_msgs.egg-info/dependency_links.txt
[11.351s] writing top-level names to turtlebot3_msgs.egg-info/top_level.txt
[11.353s] reading manifest file 'turtlebot3_msgs.egg-info/SOURCES.txt'
[11.353s] writing manifest file 'turtlebot3_msgs.egg-info/SOURCES.txt'
[11.462s] [ 97%] Built target turtlebot3_msgs__rosidl_typesupport_c__pyext
[11.578s] [ 97%] Built target ament_cmake_python_build_turtlebot3_msgs_egg
[11.772s] [100%] Built target turtlebot3_msgs__rosidl_typesupport_introspection_c__pyext
[12.590s] Invoked command in '/home/pi/turtlebot3_ws/build/turtlebot3_msgs' returned '0': CMAKE_PREFIX_PATH=${CMAKE_PREFIX_PATH}:/home/pi/turtlebot3_ws/install/turtlebot3_teleop:/home/pi/turtlebot3_ws/install/turtlebot3_example:/opt/ros/humble /usr/bin/cmake --build /home/pi/turtlebot3_ws/build/turtlebot3_msgs -- -j14 -l14
[12.741s] Invoking command in '/home/pi/turtlebot3_ws/build/turtlebot3_msgs': CMAKE_PREFIX_PATH=${CMAKE_PREFIX_PATH}:/home/pi/turtlebot3_ws/install/turtlebot3_teleop:/home/pi/turtlebot3_ws/install/turtlebot3_example:/opt/ros/humble /usr/bin/cmake --install /home/pi/turtlebot3_ws/build/turtlebot3_msgs
[13.066s] -- Install configuration: ""
[13.066s] -- Execute custom install script
[13.067s] -- Up-to-date symlink: /home/pi/turtlebot3_ws/install/turtlebot3_msgs/share/ament_index/resource_index/rosidl_interfaces/turtlebot3_msgs
[13.067s] -- Up-to-date symlink: /home/pi/turtlebot3_ws/install/turtlebot3_msgs/include/turtlebot3_msgs/turtlebot3_msgs/action/detail/patrol__functions.h
[13.067s] -- Up-to-date symlink: /home/pi/turtlebot3_ws/install/turtlebot3_msgs/include/turtlebot3_msgs/turtlebot3_msgs/action/detail/patrol__struct.h
[13.067s] -- Up-to-date symlink: /home/pi/turtlebot3_ws/install/turtlebot3_msgs/include/turtlebot3_msgs/turtlebot3_msgs/action/detail/patrol__type_support.h
[13.067s] -- Up-to-date symlink: /home/pi/turtlebot3_ws/install/turtlebot3_msgs/include/turtlebot3_msgs/turtlebot3_msgs/action/patrol.h
[13.068s] -- Up-to-date symlink: /home/pi/turtlebot3_ws/install/turtlebot3_msgs/include/turtlebot3_msgs/turtlebot3_msgs/msg/detail/sensor_state__functions.h
[13.068s] -- Up-to-date symlink: /home/pi/turtlebot3_ws/install/turtlebot3_msgs/include/turtlebot3_msgs/turtlebot3_msgs/msg/detail/sensor_state__struct.h
[13.068s] -- Up-to-date symlink: /home/pi/turtlebot3_ws/install/turtlebot3_msgs/include/turtlebot3_msgs/turtlebot3_msgs/msg/detail/sensor_state__type_support.h
[13.068s] -- Up-to-date symlink: /home/pi/turtlebot3_ws/install/turtlebot3_msgs/include/turtlebot3_msgs/turtlebot3_msgs/msg/detail/sound__functions.h
[13.068s] -- Up-to-date symlink: /home/pi/turtlebot3_ws/install/turtlebot3_msgs/include/turtlebot3_msgs/turtlebot3_msgs/msg/detail/sound__struct.h
[13.068s] -- Up-to-date symlink: /home/pi/turtlebot3_ws/install/turtlebot3_msgs/include/turtlebot3_msgs/turtlebot3_msgs/msg/detail/sound__type_support.h
[13.068s] -- Up-to-date symlink: /home/pi/turtlebot3_ws/install/turtlebot3_msgs/include/turtlebot3_msgs/turtlebot3_msgs/msg/detail/version_info__functions.h
[13.068s] -- Up-to-date symlink: /home/pi/turtlebot3_ws/install/turtlebot3_msgs/include/turtlebot3_msgs/turtlebot3_msgs/msg/detail/version_info__struct.h
[13.068s] -- Up-to-date symlink: /home/pi/turtlebot3_ws/install/turtlebot3_msgs/include/turtlebot3_msgs/turtlebot3_msgs/msg/detail/version_info__type_support.h
[13.068s] -- Up-to-date symlink: /home/pi/turtlebot3_ws/install/turtlebot3_msgs/include/turtlebot3_msgs/turtlebot3_msgs/msg/rosidl_generator_c__visibility_control.h
[13.068s] -- Up-to-date symlink: /home/pi/turtlebot3_ws/install/turtlebot3_msgs/include/turtlebot3_msgs/turtlebot3_msgs/msg/sensor_state.h
[13.068s] -- Up-to-date symlink: /home/pi/turtlebot3_ws/install/turtlebot3_msgs/include/turtlebot3_msgs/turtlebot3_msgs/msg/sound.h
[13.068s] -- Up-to-date symlink: /home/pi/turtlebot3_ws/install/turtlebot3_msgs/include/turtlebot3_msgs/turtlebot3_msgs/msg/version_info.h
[13.068s] -- Up-to-date symlink: /home/pi/turtlebot3_ws/install/turtlebot3_msgs/include/turtlebot3_msgs/turtlebot3_msgs/srv/detail/dqn__functions.h
[13.068s] -- Up-to-date symlink: /home/pi/turtlebot3_ws/install/turtlebot3_msgs/include/turtlebot3_msgs/turtlebot3_msgs/srv/detail/dqn__struct.h
[13.068s] -- Up-to-date symlink: /home/pi/turtlebot3_ws/install/turtlebot3_msgs/include/turtlebot3_msgs/turtlebot3_msgs/srv/detail/dqn__type_support.h
[13.068s] -- Up-to-date symlink: /home/pi/turtlebot3_ws/install/turtlebot3_msgs/include/turtlebot3_msgs/turtlebot3_msgs/srv/detail/goal__functions.h
[13.068s] -- Up-to-date symlink: /home/pi/turtlebot3_ws/install/turtlebot3_msgs/include/turtlebot3_msgs/turtlebot3_msgs/srv/detail/goal__struct.h
[13.068s] -- Up-to-date symlink: /home/pi/turtlebot3_ws/install/turtlebot3_msgs/include/turtlebot3_msgs/turtlebot3_msgs/srv/detail/goal__type_support.h
[13.068s] -- Up-to-date symlink: /home/pi/turtlebot3_ws/install/turtlebot3_msgs/include/turtlebot3_msgs/turtlebot3_msgs/srv/detail/sound__functions.h
[13.068s] -- Up-to-date symlink: /home/pi/turtlebot3_ws/install/turtlebot3_msgs/include/turtlebot3_msgs/turtlebot3_msgs/srv/detail/sound__struct.h
[13.068s] -- Up-to-date symlink: /home/pi/turtlebot3_ws/install/turtlebot3_msgs/include/turtlebot3_msgs/turtlebot3_msgs/srv/detail/sound__type_support.h
[13.068s] -- Up-to-date symlink: /home/pi/turtlebot3_ws/install/turtlebot3_msgs/include/turtlebot3_msgs/turtlebot3_msgs/srv/dqn.h
[13.070s] -- Up-to-date symlink: /home/pi/turtlebot3_ws/install/turtlebot3_msgs/include/turtlebot3_msgs/turtlebot3_msgs/srv/goal.h
[13.070s] -- Up-to-date symlink: /home/pi/turtlebot3_ws/install/turtlebot3_msgs/include/turtlebot3_msgs/turtlebot3_msgs/srv/sound.h
[13.070s] -- Up-to-date symlink: /home/pi/turtlebot3_ws/install/turtlebot3_msgs/share/turtlebot3_msgs/environment/library_path.sh
[13.070s] -- Up-to-date symlink: /home/pi/turtlebot3_ws/install/turtlebot3_msgs/share/turtlebot3_msgs/environment/library_path.dsv
[13.070s] -- Up-to-date symlink: /home/pi/turtlebot3_ws/install/turtlebot3_msgs/include/turtlebot3_msgs/turtlebot3_msgs/action/detail/patrol__rosidl_typesupport_fastrtps_c.h
[13.070s] -- Up-to-date symlink: /home/pi/turtlebot3_ws/install/turtlebot3_msgs/include/turtlebot3_msgs/turtlebot3_msgs/msg/detail/sensor_state__rosidl_typesupport_fastrtps_c.h
[13.070s] -- Up-to-date symlink: /home/pi/turtlebot3_ws/install/turtlebot3_msgs/include/turtlebot3_msgs/turtlebot3_msgs/msg/detail/sound__rosidl_typesupport_fastrtps_c.h
[13.070s] -- Up-to-date symlink: /home/pi/turtlebot3_ws/install/turtlebot3_msgs/include/turtlebot3_msgs/turtlebot3_msgs/msg/detail/version_info__rosidl_typesupport_fastrtps_c.h
[13.070s] -- Up-to-date symlink: /home/pi/turtlebot3_ws/install/turtlebot3_msgs/include/turtlebot3_msgs/turtlebot3_msgs/msg/rosidl_typesupport_fastrtps_c__visibility_control.h
[13.070s] -- Up-to-date symlink: /home/pi/turtlebot3_ws/install/turtlebot3_msgs/include/turtlebot3_msgs/turtlebot3_msgs/srv/detail/dqn__rosidl_typesupport_fastrtps_c.h
[13.070s] -- Up-to-date symlink: /home/pi/turtlebot3_ws/install/turtlebot3_msgs/include/turtlebot3_msgs/turtlebot3_msgs/srv/detail/goal__rosidl_typesupport_fastrtps_c.h
[13.070s] -- Up-to-date symlink: /home/pi/turtlebot3_ws/install/turtlebot3_msgs/include/turtlebot3_msgs/turtlebot3_msgs/srv/detail/sound__rosidl_typesupport_fastrtps_c.h
[13.070s] -- Up-to-date symlink: /home/pi/turtlebot3_ws/install/turtlebot3_msgs/include/turtlebot3_msgs/turtlebot3_msgs/action/detail/patrol__builder.hpp
[13.070s] -- Up-to-date symlink: /home/pi/turtlebot3_ws/install/turtlebot3_msgs/include/turtlebot3_msgs/turtlebot3_msgs/action/detail/patrol__struct.hpp
[13.070s] -- Up-to-date symlink: /home/pi/turtlebot3_ws/install/turtlebot3_msgs/include/turtlebot3_msgs/turtlebot3_msgs/action/detail/patrol__traits.hpp
[13.071s] -- Up-to-date symlink: /home/pi/turtlebot3_ws/install/turtlebot3_msgs/include/turtlebot3_msgs/turtlebot3_msgs/action/detail/patrol__type_support.hpp
[13.071s] -- Up-to-date symlink: /home/pi/turtlebot3_ws/install/turtlebot3_msgs/include/turtlebot3_msgs/turtlebot3_msgs/action/patrol.hpp
[13.071s] -- Up-to-date symlink: /home/pi/turtlebot3_ws/install/turtlebot3_msgs/include/turtlebot3_msgs/turtlebot3_msgs/msg/detail/sensor_state__builder.hpp
[13.071s] -- Up-to-date symlink: /home/pi/turtlebot3_ws/install/turtlebot3_msgs/include/turtlebot3_msgs/turtlebot3_msgs/msg/detail/sensor_state__struct.hpp
[13.071s] -- Up-to-date symlink: /home/pi/turtlebot3_ws/install/turtlebot3_msgs/include/turtlebot3_msgs/turtlebot3_msgs/msg/detail/sensor_state__traits.hpp
[13.071s] -- Up-to-date symlink: /home/pi/turtlebot3_ws/install/turtlebot3_msgs/include/turtlebot3_msgs/turtlebot3_msgs/msg/detail/sensor_state__type_support.hpp
[13.071s] -- Up-to-date symlink: /home/pi/turtlebot3_ws/install/turtlebot3_msgs/include/turtlebot3_msgs/turtlebot3_msgs/msg/detail/sound__builder.hpp
[13.071s] -- Up-to-date symlink: /home/pi/turtlebot3_ws/install/turtlebot3_msgs/include/turtlebot3_msgs/turtlebot3_msgs/msg/detail/sound__struct.hpp
[13.071s] -- Up-to-date symlink: /home/pi/turtlebot3_ws/install/turtlebot3_msgs/include/turtlebot3_msgs/turtlebot3_msgs/msg/detail/sound__traits.hpp
[13.072s] -- Up-to-date symlink: /home/pi/turtlebot3_ws/install/turtlebot3_msgs/include/turtlebot3_msgs/turtlebot3_msgs/msg/detail/sound__type_support.hpp
[13.072s] -- Up-to-date symlink: /home/pi/turtlebot3_ws/install/turtlebot3_msgs/include/turtlebot3_msgs/turtlebot3_msgs/msg/detail/version_info__builder.hpp
[13.072s] -- Up-to-date symlink: /home/pi/turtlebot3_ws/install/turtlebot3_msgs/include/turtlebot3_msgs/turtlebot3_msgs/msg/detail/version_info__struct.hpp
[13.072s] -- Up-to-date symlink: /home/pi/turtlebot3_ws/install/turtlebot3_msgs/include/turtlebot3_msgs/turtlebot3_msgs/msg/detail/version_info__traits.hpp
[13.072s] -- Up-to-date symlink: /home/pi/turtlebot3_ws/install/turtlebot3_msgs/include/turtlebot3_msgs/turtlebot3_msgs/msg/detail/version_info__type_support.hpp
[13.072s] -- Up-to-date symlink: /home/pi/turtlebot3_ws/install/turtlebot3_msgs/include/turtlebot3_msgs/turtlebot3_msgs/msg/rosidl_generator_cpp__visibility_control.hpp
[13.072s] -- Up-to-date symlink: /home/pi/turtlebot3_ws/install/turtlebot3_msgs/include/turtlebot3_msgs/turtlebot3_msgs/msg/sensor_state.hpp
[13.072s] -- Up-to-date symlink: /home/pi/turtlebot3_ws/install/turtlebot3_msgs/include/turtlebot3_msgs/turtlebot3_msgs/msg/sound.hpp
[13.072s] -- Up-to-date symlink: /home/pi/turtlebot3_ws/install/turtlebot3_msgs/include/turtlebot3_msgs/turtlebot3_msgs/msg/version_info.hpp
[13.072s] -- Up-to-date symlink: /home/pi/turtlebot3_ws/install/turtlebot3_msgs/include/turtlebot3_msgs/turtlebot3_msgs/srv/detail/dqn__builder.hpp
[13.072s] -- Up-to-date symlink: /home/pi/turtlebot3_ws/install/turtlebot3_msgs/include/turtlebot3_msgs/turtlebot3_msgs/srv/detail/dqn__struct.hpp
[13.072s] -- Up-to-date symlink: /home/pi/turtlebot3_ws/install/turtlebot3_msgs/include/turtlebot3_msgs/turtlebot3_msgs/srv/detail/dqn__traits.hpp
[13.072s] -- Up-to-date symlink: /home/pi/turtlebot3_ws/install/turtlebot3_msgs/include/turtlebot3_msgs/turtlebot3_msgs/srv/detail/dqn__type_support.hpp
[13.072s] -- Up-to-date symlink: /home/pi/turtlebot3_ws/install/turtlebot3_msgs/include/turtlebot3_msgs/turtlebot3_msgs/srv/detail/goal__builder.hpp
[13.072s] -- Up-to-date symlink: /home/pi/turtlebot3_ws/install/turtlebot3_msgs/include/turtlebot3_msgs/turtlebot3_msgs/srv/detail/goal__struct.hpp
[13.072s] -- Up-to-date symlink: /home/pi/turtlebot3_ws/install/turtlebot3_msgs/include/turtlebot3_msgs/turtlebot3_msgs/srv/detail/goal__traits.hpp
[13.072s] -- Up-to-date symlink: /home/pi/turtlebot3_ws/install/turtlebot3_msgs/include/turtlebot3_msgs/turtlebot3_msgs/srv/detail/goal__type_support.hpp
[13.072s] -- Up-to-date symlink: /home/pi/turtlebot3_ws/install/turtlebot3_msgs/include/turtlebot3_msgs/turtlebot3_msgs/srv/detail/sound__builder.hpp
[13.072s] -- Up-to-date symlink: /home/pi/turtlebot3_ws/install/turtlebot3_msgs/include/turtlebot3_msgs/turtlebot3_msgs/srv/detail/sound__struct.hpp
[13.072s] -- Up-to-date symlink: /home/pi/turtlebot3_ws/install/turtlebot3_msgs/include/turtlebot3_msgs/turtlebot3_msgs/srv/detail/sound__traits.hpp
[13.072s] -- Up-to-date symlink: /home/pi/turtlebot3_ws/install/turtlebot3_msgs/include/turtlebot3_msgs/turtlebot3_msgs/srv/detail/sound__type_support.hpp
[13.072s] -- Up-to-date symlink: /home/pi/turtlebot3_ws/install/turtlebot3_msgs/include/turtlebot3_msgs/turtlebot3_msgs/srv/dqn.hpp
[13.077s] -- Up-to-date symlink: /home/pi/turtlebot3_ws/install/turtlebot3_msgs/include/turtlebot3_msgs/turtlebot3_msgs/srv/goal.hpp
[13.077s] -- Up-to-date symlink: /home/pi/turtlebot3_ws/install/turtlebot3_msgs/include/turtlebot3_msgs/turtlebot3_msgs/srv/sound.hpp
[13.077s] -- Up-to-date symlink: /home/pi/turtlebot3_ws/install/turtlebot3_msgs/include/turtlebot3_msgs/turtlebot3_msgs/action/detail/patrol__rosidl_typesupport_fastrtps_cpp.hpp
[13.077s] -- Up-to-date symlink: /home/pi/turtlebot3_ws/install/turtlebot3_msgs/include/turtlebot3_msgs/turtlebot3_msgs/msg/detail/sensor_state__rosidl_typesupport_fastrtps_cpp.hpp
[13.077s] -- Up-to-date symlink: /home/pi/turtlebot3_ws/install/turtlebot3_msgs/include/turtlebot3_msgs/turtlebot3_msgs/msg/detail/sound__rosidl_typesupport_fastrtps_cpp.hpp
[13.077s] -- Up-to-date symlink: /home/pi/turtlebot3_ws/install/turtlebot3_msgs/include/turtlebot3_msgs/turtlebot3_msgs/msg/detail/version_info__rosidl_typesupport_fastrtps_cpp.hpp
[13.077s] -- Up-to-date symlink: /home/pi/turtlebot3_ws/install/turtlebot3_msgs/include/turtlebot3_msgs/turtlebot3_msgs/msg/rosidl_typesupport_fastrtps_cpp__visibility_control.h
[13.077s] -- Up-to-date symlink: /home/pi/turtlebot3_ws/install/turtlebot3_msgs/include/turtlebot3_msgs/turtlebot3_msgs/srv/detail/dqn__rosidl_typesupport_fastrtps_cpp.hpp
[13.078s] -- Up-to-date symlink: /home/pi/turtlebot3_ws/install/turtlebot3_msgs/include/turtlebot3_msgs/turtlebot3_msgs/srv/detail/goal__rosidl_typesupport_fastrtps_cpp.hpp
[13.078s] -- Up-to-date symlink: /home/pi/turtlebot3_ws/install/turtlebot3_msgs/include/turtlebot3_msgs/turtlebot3_msgs/srv/detail/sound__rosidl_typesupport_fastrtps_cpp.hpp
[13.078s] -- Up-to-date symlink: /home/pi/turtlebot3_ws/install/turtlebot3_msgs/include/turtlebot3_msgs/turtlebot3_msgs/action/detail/patrol__rosidl_typesupport_introspection_c.h
[13.078s] -- Up-to-date symlink: /home/pi/turtlebot3_ws/install/turtlebot3_msgs/include/turtlebot3_msgs/turtlebot3_msgs/msg/detail/sensor_state__rosidl_typesupport_introspection_c.h
[13.078s] -- Up-to-date symlink: /home/pi/turtlebot3_ws/install/turtlebot3_msgs/include/turtlebot3_msgs/turtlebot3_msgs/msg/detail/sound__rosidl_typesupport_introspection_c.h
[13.078s] -- Up-to-date symlink: /home/pi/turtlebot3_ws/install/turtlebot3_msgs/include/turtlebot3_msgs/turtlebot3_msgs/msg/detail/version_info__rosidl_typesupport_introspection_c.h
[13.078s] -- Up-to-date symlink: /home/pi/turtlebot3_ws/install/turtlebot3_msgs/include/turtlebot3_msgs/turtlebot3_msgs/msg/rosidl_typesupport_introspection_c__visibility_control.h
[13.078s] -- Up-to-date symlink: /home/pi/turtlebot3_ws/install/turtlebot3_msgs/include/turtlebot3_msgs/turtlebot3_msgs/srv/detail/dqn__rosidl_typesupport_introspection_c.h
[13.078s] -- Up-to-date symlink: /home/pi/turtlebot3_ws/install/turtlebot3_msgs/include/turtlebot3_msgs/turtlebot3_msgs/srv/detail/goal__rosidl_typesupport_introspection_c.h
[13.079s] -- Up-to-date symlink: /home/pi/turtlebot3_ws/install/turtlebot3_msgs/include/turtlebot3_msgs/turtlebot3_msgs/srv/detail/sound__rosidl_typesupport_introspection_c.h
[13.079s] -- Up-to-date symlink: /home/pi/turtlebot3_ws/install/turtlebot3_msgs/include/turtlebot3_msgs/turtlebot3_msgs/action/detail/patrol__rosidl_typesupport_introspection_cpp.hpp
[13.079s] -- Up-to-date symlink: /home/pi/turtlebot3_ws/install/turtlebot3_msgs/include/turtlebot3_msgs/turtlebot3_msgs/msg/detail/sensor_state__rosidl_typesupport_introspection_cpp.hpp
[13.079s] -- Up-to-date symlink: /home/pi/turtlebot3_ws/install/turtlebot3_msgs/include/turtlebot3_msgs/turtlebot3_msgs/msg/detail/sound__rosidl_typesupport_introspection_cpp.hpp
[13.079s] -- Up-to-date symlink: /home/pi/turtlebot3_ws/install/turtlebot3_msgs/include/turtlebot3_msgs/turtlebot3_msgs/msg/detail/version_info__rosidl_typesupport_introspection_cpp.hpp
[13.079s] -- Up-to-date symlink: /home/pi/turtlebot3_ws/install/turtlebot3_msgs/include/turtlebot3_msgs/turtlebot3_msgs/srv/detail/dqn__rosidl_typesupport_introspection_cpp.hpp
[13.079s] -- Up-to-date symlink: /home/pi/turtlebot3_ws/install/turtlebot3_msgs/include/turtlebot3_msgs/turtlebot3_msgs/srv/detail/goal__rosidl_typesupport_introspection_cpp.hpp
[13.079s] -- Up-to-date symlink: /home/pi/turtlebot3_ws/install/turtlebot3_msgs/include/turtlebot3_msgs/turtlebot3_msgs/srv/detail/sound__rosidl_typesupport_introspection_cpp.hpp
[13.079s] -- Up-to-date symlink: /home/pi/turtlebot3_ws/install/turtlebot3_msgs/share/turtlebot3_msgs/environment/pythonpath.sh
[13.079s] -- Up-to-date symlink: /home/pi/turtlebot3_ws/install/turtlebot3_msgs/share/turtlebot3_msgs/environment/pythonpath.dsv
[13.080s] -- Up-to-date symlink: /home/pi/turtlebot3_ws/install/turtlebot3_msgs/local/lib/python3.10/dist-packages/turtlebot3_msgs-2.4.0-py3.10.egg-info/PKG-INFO
[13.080s] -- Up-to-date symlink: /home/pi/turtlebot3_ws/install/turtlebot3_msgs/local/lib/python3.10/dist-packages/turtlebot3_msgs-2.4.0-py3.10.egg-info/SOURCES.txt
[13.080s] -- Up-to-date symlink: /home/pi/turtlebot3_ws/install/turtlebot3_msgs/local/lib/python3.10/dist-packages/turtlebot3_msgs-2.4.0-py3.10.egg-info/dependency_links.txt
[13.080s] -- Up-to-date symlink: /home/pi/turtlebot3_ws/install/turtlebot3_msgs/local/lib/python3.10/dist-packages/turtlebot3_msgs-2.4.0-py3.10.egg-info/top_level.txt
[13.080s] -- Up-to-date symlink: /home/pi/turtlebot3_ws/install/turtlebot3_msgs/local/lib/python3.10/dist-packages/turtlebot3_msgs/__init__.py
[13.080s] -- Up-to-date symlink: /home/pi/turtlebot3_ws/install/turtlebot3_msgs/local/lib/python3.10/dist-packages/turtlebot3_msgs/_turtlebot3_msgs_s.ep.rosidl_typesupport_c.c
[13.080s] -- Up-to-date symlink: /home/pi/turtlebot3_ws/install/turtlebot3_msgs/local/lib/python3.10/dist-packages/turtlebot3_msgs/_turtlebot3_msgs_s.ep.rosidl_typesupport_fastrtps_c.c
[13.080s] -- Up-to-date symlink: /home/pi/turtlebot3_ws/install/turtlebot3_msgs/local/lib/python3.10/dist-packages/turtlebot3_msgs/_turtlebot3_msgs_s.ep.rosidl_typesupport_introspection_c.c
[13.080s] -- Up-to-date symlink: /home/pi/turtlebot3_ws/install/turtlebot3_msgs/local/lib/python3.10/dist-packages/turtlebot3_msgs/action/__init__.py
[13.080s] -- Up-to-date symlink: /home/pi/turtlebot3_ws/install/turtlebot3_msgs/local/lib/python3.10/dist-packages/turtlebot3_msgs/action/_patrol.py
[13.080s] -- Up-to-date symlink: /home/pi/turtlebot3_ws/install/turtlebot3_msgs/local/lib/python3.10/dist-packages/turtlebot3_msgs/action/_patrol_s.c
[13.080s] -- Up-to-date symlink: /home/pi/turtlebot3_ws/install/turtlebot3_msgs/local/lib/python3.10/dist-packages/turtlebot3_msgs/libturtlebot3_msgs__rosidl_generator_py.so
[13.080s] -- Up-to-date symlink: /home/pi/turtlebot3_ws/install/turtlebot3_msgs/local/lib/python3.10/dist-packages/turtlebot3_msgs/msg/__init__.py
[13.080s] -- Up-to-date symlink: /home/pi/turtlebot3_ws/install/turtlebot3_msgs/local/lib/python3.10/dist-packages/turtlebot3_msgs/msg/_sensor_state.py
[13.080s] -- Up-to-date symlink: /home/pi/turtlebot3_ws/install/turtlebot3_msgs/local/lib/python3.10/dist-packages/turtlebot3_msgs/msg/_sensor_state_s.c
[13.080s] -- Up-to-date symlink: /home/pi/turtlebot3_ws/install/turtlebot3_msgs/local/lib/python3.10/dist-packages/turtlebot3_msgs/msg/_sound.py
[13.080s] -- Up-to-date symlink: /home/pi/turtlebot3_ws/install/turtlebot3_msgs/local/lib/python3.10/dist-packages/turtlebot3_msgs/msg/_sound_s.c
[13.080s] -- Up-to-date symlink: /home/pi/turtlebot3_ws/install/turtlebot3_msgs/local/lib/python3.10/dist-packages/turtlebot3_msgs/msg/_version_info.py
[13.080s] -- Up-to-date symlink: /home/pi/turtlebot3_ws/install/turtlebot3_msgs/local/lib/python3.10/dist-packages/turtlebot3_msgs/msg/_version_info_s.c
[13.080s] -- Up-to-date symlink: /home/pi/turtlebot3_ws/install/turtlebot3_msgs/local/lib/python3.10/dist-packages/turtlebot3_msgs/srv/__init__.py
[13.080s] -- Up-to-date symlink: /home/pi/turtlebot3_ws/install/turtlebot3_msgs/local/lib/python3.10/dist-packages/turtlebot3_msgs/srv/_dqn.py
[13.080s] -- Up-to-date symlink: /home/pi/turtlebot3_ws/install/turtlebot3_msgs/local/lib/python3.10/dist-packages/turtlebot3_msgs/srv/_dqn_s.c
[13.080s] -- Up-to-date symlink: /home/pi/turtlebot3_ws/install/turtlebot3_msgs/local/lib/python3.10/dist-packages/turtlebot3_msgs/srv/_goal.py
[13.082s] -- Up-to-date symlink: /home/pi/turtlebot3_ws/install/turtlebot3_msgs/local/lib/python3.10/dist-packages/turtlebot3_msgs/srv/_goal_s.c
[13.082s] -- Up-to-date symlink: /home/pi/turtlebot3_ws/install/turtlebot3_msgs/local/lib/python3.10/dist-packages/turtlebot3_msgs/srv/_sound.py
[13.112s] -- Up-to-date symlink: /home/pi/turtlebot3_ws/install/turtlebot3_msgs/local/lib/python3.10/dist-packages/turtlebot3_msgs/srv/_sound_s.c
[13.113s] -- Up-to-date symlink: /home/pi/turtlebot3_ws/install/turtlebot3_msgs/local/lib/python3.10/dist-packages/turtlebot3_msgs/turtlebot3_msgs_s__rosidl_typesupport_c.cpython-310-x86_64-linux-gnu.so
[13.113s] -- Up-to-date symlink: /home/pi/turtlebot3_ws/install/turtlebot3_msgs/local/lib/python3.10/dist-packages/turtlebot3_msgs/turtlebot3_msgs_s__rosidl_typesupport_fastrtps_c.cpython-310-x86_64-linux-gnu.so
[13.113s] -- Up-to-date symlink: /home/pi/turtlebot3_ws/install/turtlebot3_msgs/local/lib/python3.10/dist-packages/turtlebot3_msgs/turtlebot3_msgs_s__rosidl_typesupport_introspection_c.cpython-310-x86_64-linux-gnu.so
[13.127s] -- Up-to-date symlink: /home/pi/turtlebot3_ws/install/turtlebot3_msgs/local/lib/python3.10/dist-packages/turtlebot3_msgs/turtlebot3_msgs_s__rosidl_typesupport_fastrtps_c.cpython-310-x86_64-linux-gnu.so
[13.127s] -- Up-to-date symlink: /home/pi/turtlebot3_ws/install/turtlebot3_msgs/local/lib/python3.10/dist-packages/turtlebot3_msgs/turtlebot3_msgs_s__rosidl_typesupport_introspection_c.cpython-310-x86_64-linux-gnu.so
[13.127s] -- Up-to-date symlink: /home/pi/turtlebot3_ws/install/turtlebot3_msgs/local/lib/python3.10/dist-packages/turtlebot3_msgs/turtlebot3_msgs_s__rosidl_typesupport_c.cpython-310-x86_64-linux-gnu.so
[13.127s] -- Up-to-date symlink: /home/pi/turtlebot3_ws/install/turtlebot3_msgs/share/turtlebot3_msgs/msg/SensorState.idl
[13.127s] -- Up-to-date symlink: /home/pi/turtlebot3_ws/install/turtlebot3_msgs/share/turtlebot3_msgs/msg/Sound.idl
[13.127s] -- Up-to-date symlink: /home/pi/turtlebot3_ws/install/turtlebot3_msgs/share/turtlebot3_msgs/msg/VersionInfo.idl
[13.127s] -- Up-to-date symlink: /home/pi/turtlebot3_ws/install/turtlebot3_msgs/share/turtlebot3_msgs/srv/Sound.idl
[13.127s] -- Up-to-date symlink: /home/pi/turtlebot3_ws/install/turtlebot3_msgs/share/turtlebot3_msgs/srv/Dqn.idl
[13.127s] -- Up-to-date symlink: /home/pi/turtlebot3_ws/install/turtlebot3_msgs/share/turtlebot3_msgs/srv/Goal.idl
[13.127s] -- Up-to-date symlink: /home/pi/turtlebot3_ws/install/turtlebot3_msgs/share/turtlebot3_msgs/action/Patrol.idl
[13.127s] -- Up-to-date symlink: /home/pi/turtlebot3_ws/install/turtlebot3_msgs/share/turtlebot3_msgs/msg/SensorState.msg
[13.128s] -- Up-to-date symlink: /home/pi/turtlebot3_ws/install/turtlebot3_msgs/share/turtlebot3_msgs/msg/Sound.msg
[13.128s] -- Up-to-date symlink: /home/pi/turtlebot3_ws/install/turtlebot3_msgs/share/turtlebot3_msgs/msg/VersionInfo.msg
[13.129s] -- Up-to-date symlink: /home/pi/turtlebot3_ws/install/turtlebot3_msgs/share/turtlebot3_msgs/srv/Sound.srv
[13.129s] -- Up-to-date symlink: /home/pi/turtlebot3_ws/install/turtlebot3_msgs/share/turtlebot3_msgs/srv/Sound_Request.msg
[13.129s] -- Up-to-date symlink: /home/pi/turtlebot3_ws/install/turtlebot3_msgs/share/turtlebot3_msgs/srv/Sound_Response.msg
[13.129s] -- Up-to-date symlink: /home/pi/turtlebot3_ws/install/turtlebot3_msgs/share/turtlebot3_msgs/srv/Dqn.srv
[13.129s] -- Up-to-date symlink: /home/pi/turtlebot3_ws/install/turtlebot3_msgs/share/turtlebot3_msgs/srv/Dqn_Request.msg
[13.129s] -- Up-to-date symlink: /home/pi/turtlebot3_ws/install/turtlebot3_msgs/share/turtlebot3_msgs/srv/Dqn_Response.msg
[13.129s] -- Up-to-date symlink: /home/pi/turtlebot3_ws/install/turtlebot3_msgs/share/turtlebot3_msgs/srv/Goal.srv
[13.129s] -- Up-to-date symlink: /home/pi/turtlebot3_ws/install/turtlebot3_msgs/share/turtlebot3_msgs/srv/Goal_Request.msg
[13.129s] -- Up-to-date symlink: /home/pi/turtlebot3_ws/install/turtlebot3_msgs/share/turtlebot3_msgs/srv/Goal_Response.msg
[13.129s] -- Up-to-date symlink: /home/pi/turtlebot3_ws/install/turtlebot3_msgs/share/turtlebot3_msgs/action/Patrol.action
[13.129s] -- Up-to-date symlink: /home/pi/turtlebot3_ws/install/turtlebot3_msgs/share/ament_index/resource_index/package_run_dependencies/turtlebot3_msgs
[13.129s] -- Up-to-date symlink: /home/pi/turtlebot3_ws/install/turtlebot3_msgs/share/ament_index/resource_index/parent_prefix_path/turtlebot3_msgs
[13.135s] -- Up-to-date symlink: /home/pi/turtlebot3_ws/install/turtlebot3_msgs/share/turtlebot3_msgs/environment/ament_prefix_path.sh
[13.135s] -- Up-to-date symlink: /home/pi/turtlebot3_ws/install/turtlebot3_msgs/share/turtlebot3_msgs/environment/ament_prefix_path.dsv
[13.135s] -- Up-to-date symlink: /home/pi/turtlebot3_ws/install/turtlebot3_msgs/share/turtlebot3_msgs/environment/path.sh
[13.135s] -- Up-to-date symlink: /home/pi/turtlebot3_ws/install/turtlebot3_msgs/share/turtlebot3_msgs/environment/path.dsv
[13.135s] -- Up-to-date symlink: /home/pi/turtlebot3_ws/install/turtlebot3_msgs/share/turtlebot3_msgs/local_setup.bash
[13.135s] -- Up-to-date symlink: /home/pi/turtlebot3_ws/install/turtlebot3_msgs/share/turtlebot3_msgs/local_setup.sh
[13.135s] -- Up-to-date symlink: /home/pi/turtlebot3_ws/install/turtlebot3_msgs/share/turtlebot3_msgs/local_setup.zsh
[13.135s] -- Up-to-date symlink: /home/pi/turtlebot3_ws/install/turtlebot3_msgs/share/turtlebot3_msgs/local_setup.dsv
[13.135s] -- Symlinking: /home/pi/turtlebot3_ws/install/turtlebot3_msgs/share/turtlebot3_msgs/package.dsv
[13.186s] -- Up-to-date symlink: /home/pi/turtlebot3_ws/install/turtlebot3_msgs/share/ament_index/resource_index/packages/turtlebot3_msgs
[13.197s] -- Up-to-date symlink: /home/pi/turtlebot3_ws/install/turtlebot3_msgs/share/turtlebot3_msgs/cmake/rosidl_cmake-extras.cmake
[13.197s] -- Up-to-date symlink: /home/pi/turtlebot3_ws/install/turtlebot3_msgs/share/turtlebot3_msgs/cmake/ament_cmake_export_dependencies-extras.cmake
[13.197s] -- Up-to-date symlink: /home/pi/turtlebot3_ws/install/turtlebot3_msgs/share/turtlebot3_msgs/cmake/ament_cmake_export_include_directories-extras.cmake
[13.200s] -- Up-to-date symlink: /home/pi/turtlebot3_ws/install/turtlebot3_msgs/share/turtlebot3_msgs/cmake/ament_cmake_export_libraries-extras.cmake
[13.200s] -- Up-to-date symlink: /home/pi/turtlebot3_ws/install/turtlebot3_msgs/share/turtlebot3_msgs/cmake/ament_cmake_export_targets-extras.cmake
[13.200s] -- Up-to-date symlink: /home/pi/turtlebot3_ws/install/turtlebot3_msgs/share/turtlebot3_msgs/cmake/rosidl_cmake_export_typesupport_targets-extras.cmake
[13.200s] -- Up-to-date symlink: /home/pi/turtlebot3_ws/install/turtlebot3_msgs/share/turtlebot3_msgs/cmake/rosidl_cmake_export_typesupport_libraries-extras.cmake
[13.200s] -- Up-to-date symlink: /home/pi/turtlebot3_ws/install/turtlebot3_msgs/share/turtlebot3_msgs/cmake/turtlebot3_msgsConfig.cmake
[13.200s] -- Up-to-date symlink: /home/pi/turtlebot3_ws/install/turtlebot3_msgs/share/turtlebot3_msgs/cmake/turtlebot3_msgsConfig-version.cmake
[13.200s] -- Up-to-date symlink: /home/pi/turtlebot3_ws/install/turtlebot3_msgs/share/turtlebot3_msgs/package.xml
[13.274s] -- Up-to-date: /home/pi/turtlebot3_ws/install/turtlebot3_msgs/lib/libturtlebot3_msgs__rosidl_generator_c.so
[13.314s] -- Up-to-date: /home/pi/turtlebot3_ws/install/turtlebot3_msgs/lib/libturtlebot3_msgs__rosidl_typesupport_fastrtps_c.so
[13.356s] -- Up-to-date: /home/pi/turtlebot3_ws/install/turtlebot3_msgs/lib/libturtlebot3_msgs__rosidl_typesupport_fastrtps_cpp.so
[13.386s] -- Up-to-date: /home/pi/turtlebot3_ws/install/turtlebot3_msgs/lib/libturtlebot3_msgs__rosidl_typesupport_introspection_c.so
[13.475s] -- Up-to-date: /home/pi/turtlebot3_ws/install/turtlebot3_msgs/lib/libturtlebot3_msgs__rosidl_typesupport_c.so
[13.475s] -- Up-to-date: /home/pi/turtlebot3_ws/install/turtlebot3_msgs/lib/libturtlebot3_msgs__rosidl_typesupport_introspection_cpp.so
[13.475s] -- Up-to-date: /home/pi/turtlebot3_ws/install/turtlebot3_msgs/lib/libturtlebot3_msgs__rosidl_typesupport_cpp.so
[13.780s] Listing '/home/pi/turtlebot3_ws/install/turtlebot3_msgs/local/lib/python3.10/dist-packages/turtlebot3_msgs'...
[13.780s] Listing '/home/pi/turtlebot3_ws/install/turtlebot3_msgs/local/lib/python3.10/dist-packages/turtlebot3_msgs/action'...
[13.780s] Listing '/home/pi/turtlebot3_ws/install/turtlebot3_msgs/local/lib/python3.10/dist-packages/turtlebot3_msgs/msg'...
[13.780s] Listing '/home/pi/turtlebot3_ws/install/turtlebot3_msgs/local/lib/python3.10/dist-packages/turtlebot3_msgs/srv'...
[13.866s] -- Up-to-date: /home/pi/turtlebot3_ws/install/turtlebot3_msgs/lib/libturtlebot3_msgs__rosidl_generator_py.so
[13.866s] -- Up-to-date: /home/pi/turtlebot3_ws/install/turtlebot3_msgs/share/turtlebot3_msgs/cmake/export_turtlebot3_msgs__rosidl_generator_cExport.cmake
[13.866s] -- Up-to-date: /home/pi/turtlebot3_ws/install/turtlebot3_msgs/share/turtlebot3_msgs/cmake/export_turtlebot3_msgs__rosidl_generator_cExport-noconfig.cmake
[13.866s] -- Up-to-date: /home/pi/turtlebot3_ws/install/turtlebot3_msgs/share/turtlebot3_msgs/cmake/export_turtlebot3_msgs__rosidl_typesupport_fastrtps_cExport.cmake
[13.866s] -- Up-to-date: /home/pi/turtlebot3_ws/install/turtlebot3_msgs/share/turtlebot3_msgs/cmake/export_turtlebot3_msgs__rosidl_typesupport_fastrtps_cExport-noconfig.cmake
[13.872s] -- Up-to-date: /home/pi/turtlebot3_ws/install/turtlebot3_msgs/share/turtlebot3_msgs/cmake/export_turtlebot3_msgs__rosidl_generator_cppExport.cmake
[13.984s] -- Up-to-date: /home/pi/turtlebot3_ws/install/turtlebot3_msgs/share/turtlebot3_msgs/cmake/export_turtlebot3_msgs__rosidl_typesupport_fastrtps_cppExport.cmake
[13.997s] -- Up-to-date: /home/pi/turtlebot3_ws/install/turtlebot3_msgs/share/turtlebot3_msgs/cmake/export_turtlebot3_msgs__rosidl_typesupport_fastrtps_cppExport-noconfig.cmake
[14.053s] -- Up-to-date: /home/pi/turtlebot3_ws/install/turtlebot3_msgs/share/turtlebot3_msgs/cmake/turtlebot3_msgs__rosidl_typesupport_introspection_cExport.cmake
[14.053s] -- Up-to-date: /home/pi/turtlebot3_ws/install/turtlebot3_msgs/share/turtlebot3_msgs/cmake/turtlebot3_msgs__rosidl_typesupport_introspection_cExport-noconfig.cmake
[14.053s] -- Up-to-date: /home/pi/turtlebot3_ws/install/turtlebot3_msgs/share/turtlebot3_msgs/cmake/turtlebot3_msgs__rosidl_typesupport_cExport.cmake
[14.053s] -- Up-to-date: /home/pi/turtlebot3_ws/install/turtlebot3_msgs/share/turtlebot3_msgs/cmake/turtlebot3_msgs__rosidl_typesupport_cExport-noconfig.cmake
[14.053s] -- Up-to-date: /home/pi/turtlebot3_ws/install/turtlebot3_msgs/share/turtlebot3_msgs/cmake/turtlebot3_msgs__rosidl_typesupport_introspection_cppExport.cmake
[14.053s] -- Up-to-date: /home/pi/turtlebot3_ws/install/turtlebot3_msgs/share/turtlebot3_msgs/cmake/turtlebot3_msgs__rosidl_typesupport_introspection_cppExport-noconfig.cmake
[14.053s] -- Up-to-date: /home/pi/turtlebot3_ws/install/turtlebot3_msgs/share/turtlebot3_msgs/cmake/turtlebot3_msgs__rosidl_typesupport_cppExport.cmake
[14.053s] -- Up-to-date: /home/pi/turtlebot3_ws/install/turtlebot3_msgs/share/turtlebot3_msgs/cmake/turtlebot3_msgs__rosidl_typesupport_cppExport-noconfig.cmake
[14.054s] -- Up-to-date: /home/pi/turtlebot3_ws/install/turtlebot3_msgs/share/turtlebot3_msgs/cmake/export_turtlebot3_msgs__rosidl_generator_pyExport.cmake
[14.054s] -- Up-to-date: /home/pi/turtlebot3_ws/install/turtlebot3_msgs/share/turtlebot3_msgs/cmake/export_turtlebot3_msgs__rosidl_generator_pyExport-noconfig.cmake
[14.477s] Invoked command in '/home/pi/turtlebot3_ws/build/turtlebot3_msgs' returned '0': CMAKE_PREFIX_PATH=${CMAKE_PREFIX_PATH}:/home/pi/turtlebot3_ws/install/turtlebot3_teleop:/home/pi/turtlebot3_ws/install/turtlebot3_example:/opt/ros/humble /usr/bin/cmake --install /home/pi/turtlebot3_ws/build/turtlebot3_msgs
