[0.733s] Invoking command in '/home/pi/turtlebot3_ws/build/turtlebot3_example': AMENT_PREFIX_PATH=/home/pi/turtlebot3_ws/install/turtlebot3_msgs:${AMENT_PREFIX_PATH} CMAKE_PREFIX_PATH=/home/pi/turtlebot3_ws/install/turtlebot3_msgs LD_LIBRARY_PATH=/home/pi/turtlebot3_ws/install/turtlebot3_msgs/lib:/usr/lib/x86_64-linux-gnu/gazebo-11/plugins:/opt/ros/humble/opt/rviz_ogre_vendor/lib:/opt/ros/humble/lib/x86_64-linux-gnu:/opt/ros/humble/lib:/usr/lib/x86_64-linux-gnu/gazebo-11/plugins PYTHONPATH=/home/pi/turtlebot3_ws/build/turtlebot3_example/prefix_override:/usr/lib/python3/dist-packages/colcon_core/task/python/colcon_distutils_commands:/home/pi/turtlebot3_ws/install/turtlebot3_example/lib/python3.10/site-packages:/home/pi/turtlebot3_ws/install/turtlebot3_msgs/local/lib/python3.10/dist-packages:${PYTHONPATH} /usr/bin/python3 -W ignore:setup.py install is deprecated -W ignore:easy_install command is deprecated setup.py develop --editable --build-directory /home/pi/turtlebot3_ws/build/turtlebot3_example/build --no-deps symlink_data
[1.048s] running develop
[1.251s] running egg_info
[1.251s] creating turtlebot3_example.egg-info
[1.251s] writing turtlebot3_example.egg-info/PKG-INFO
[1.251s] writing dependency_links to turtlebot3_example.egg-info/dependency_links.txt
[1.251s] writing entry points to turtlebot3_example.egg-info/entry_points.txt
[1.252s] writing requirements to turtlebot3_example.egg-info/requires.txt
[1.252s] writing top-level names to turtlebot3_example.egg-info/top_level.txt
[1.252s] writing manifest file 'turtlebot3_example.egg-info/SOURCES.txt'
[1.255s] reading manifest file 'turtlebot3_example.egg-info/SOURCES.txt'
[1.255s] writing manifest file 'turtlebot3_example.egg-info/SOURCES.txt'
[1.256s] running build_ext
[1.257s] Creating /home/pi/turtlebot3_ws/install/turtlebot3_example/lib/python3.10/site-packages/turtlebot3-example.egg-link (link to .)
[1.257s] Installing turtlebot3_absolute_move script to /home/pi/turtlebot3_ws/install/turtlebot3_example/lib/turtlebot3_example
[1.258s] Installing turtlebot3_interactive_marker script to /home/pi/turtlebot3_ws/install/turtlebot3_example/lib/turtlebot3_example
[1.259s] Installing turtlebot3_obstacle_detection script to /home/pi/turtlebot3_ws/install/turtlebot3_example/lib/turtlebot3_example
[1.259s] Installing turtlebot3_patrol_client script to /home/pi/turtlebot3_ws/install/turtlebot3_example/lib/turtlebot3_example
[1.259s] Installing turtlebot3_patrol_server script to /home/pi/turtlebot3_ws/install/turtlebot3_example/lib/turtlebot3_example
[1.259s] Installing turtlebot3_relative_move script to /home/pi/turtlebot3_ws/install/turtlebot3_example/lib/turtlebot3_example
[1.259s] 
[1.259s] Installed /home/pi/turtlebot3_ws/build/turtlebot3_example
[1.259s] running symlink_data
[1.259s] creating /home/pi/turtlebot3_ws/install/turtlebot3_example/share/ament_index
[1.259s] creating /home/pi/turtlebot3_ws/install/turtlebot3_example/share/ament_index/resource_index
[1.259s] creating /home/pi/turtlebot3_ws/install/turtlebot3_example/share/ament_index/resource_index/packages
[1.260s] symbolically linking /home/pi/turtlebot3_ws/build/turtlebot3_example/resource/turtlebot3_example -> /home/pi/turtlebot3_ws/install/turtlebot3_example/share/ament_index/resource_index/packages
[1.260s] symbolically linking /home/pi/turtlebot3_ws/build/turtlebot3_example/package.xml -> /home/pi/turtlebot3_ws/install/turtlebot3_example/share/turtlebot3_example
[1.293s] Invoked command in '/home/pi/turtlebot3_ws/build/turtlebot3_example' returned '0': AMENT_PREFIX_PATH=/home/pi/turtlebot3_ws/install/turtlebot3_msgs:${AMENT_PREFIX_PATH} CMAKE_PREFIX_PATH=/home/pi/turtlebot3_ws/install/turtlebot3_msgs LD_LIBRARY_PATH=/home/pi/turtlebot3_ws/install/turtlebot3_msgs/lib:/usr/lib/x86_64-linux-gnu/gazebo-11/plugins:/opt/ros/humble/opt/rviz_ogre_vendor/lib:/opt/ros/humble/lib/x86_64-linux-gnu:/opt/ros/humble/lib:/usr/lib/x86_64-linux-gnu/gazebo-11/plugins PYTHONPATH=/home/pi/turtlebot3_ws/build/turtlebot3_example/prefix_override:/usr/lib/python3/dist-packages/colcon_core/task/python/colcon_distutils_commands:/home/pi/turtlebot3_ws/install/turtlebot3_example/lib/python3.10/site-packages:/home/pi/turtlebot3_ws/install/turtlebot3_msgs/local/lib/python3.10/dist-packages:${PYTHONPATH} /usr/bin/python3 -W ignore:setup.py install is deprecated -W ignore:easy_install command is deprecated setup.py develop --editable --build-directory /home/pi/turtlebot3_ws/build/turtlebot3_example/build --no-deps symlink_data
