[0.037s] Invoking command in '/home/pi/turtlebot3_ws/build/wall_follower': CMAKE_PREFIX_PATH=${CMAKE_PREFIX_PATH}:/home/pi/turtlebot3_ws/install/turtlebot3_teleop:/home/pi/turtlebot3_ws/install/turtlebot3_example:/opt/ros/humble /usr/bin/cmake --build /home/pi/turtlebot3_ws/build/wall_follower -- -j2 -l2
[0.151s] [35m[1mConsolidate compiler generated dependencies of target wall_follower[0m
[0.192s] [ 50%] [32mBuilding CXX object CMakeFiles/wall_follower.dir/src/wall_follower.cpp.o[0m
[0.251s] [ 50%] Built target ament_cmake_python_symlink_wall_follower
[0.757s] running egg_info
[0.771s] writing wall_follower.egg-info/PKG-INFO
[0.772s] writing dependency_links to wall_follower.egg-info/dependency_links.txt
[0.773s] writing top-level names to wall_follower.egg-info/top_level.txt
[0.778s] reading manifest file 'wall_follower.egg-info/SOURCES.txt'
[0.779s] writing manifest file 'wall_follower.egg-info/SOURCES.txt'
[0.856s] [ 50%] Built target ament_cmake_python_build_wall_follower_egg
[11.646s] [100%] [32m[1mLinking CXX executable wall_follower[0m
[12.063s] [100%] Built target wall_follower
[12.089s] Invoked command in '/home/pi/turtlebot3_ws/build/wall_follower' returned '0': CMAKE_PREFIX_PATH=${CMAKE_PREFIX_PATH}:/home/pi/turtlebot3_ws/install/turtlebot3_teleop:/home/pi/turtlebot3_ws/install/turtlebot3_example:/opt/ros/humble /usr/bin/cmake --build /home/pi/turtlebot3_ws/build/wall_follower -- -j2 -l2
[12.094s] Invoking command in '/home/pi/turtlebot3_ws/build/wall_follower': CMAKE_PREFIX_PATH=${CMAKE_PREFIX_PATH}:/home/pi/turtlebot3_ws/install/turtlebot3_teleop:/home/pi/turtlebot3_ws/install/turtlebot3_example:/opt/ros/humble /usr/bin/cmake --install /home/pi/turtlebot3_ws/build/wall_follower
[12.108s] -- Install configuration: ""
[12.111s] -- Execute custom install script
[12.111s] -- Up-to-date symlink: /home/pi/turtlebot3_ws/install/wall_follower/lib/wall_follower/wall_follower
[12.111s] -- Up-to-date symlink: /home/pi/turtlebot3_ws/install/wall_follower/share/wall_follower//launch/wall_follower.launch.py
[12.111s] -- Up-to-date symlink: /home/pi/turtlebot3_ws/install/wall_follower/include//wall_follower/wall_follower.hpp
[12.111s] -- Up-to-date symlink: /home/pi/turtlebot3_ws/install/wall_follower/share/wall_follower/environment/pythonpath.sh
[12.111s] -- Up-to-date symlink: /home/pi/turtlebot3_ws/install/wall_follower/share/wall_follower/environment/pythonpath.dsv
[12.111s] -- Up-to-date symlink: /home/pi/turtlebot3_ws/install/wall_follower/local/lib/python3.10/dist-packages/wall_follower-0.0.0-py3.10.egg-info/PKG-INFO
[12.111s] -- Up-to-date symlink: /home/pi/turtlebot3_ws/install/wall_follower/local/lib/python3.10/dist-packages/wall_follower-0.0.0-py3.10.egg-info/SOURCES.txt
[12.111s] -- Up-to-date symlink: /home/pi/turtlebot3_ws/install/wall_follower/local/lib/python3.10/dist-packages/wall_follower-0.0.0-py3.10.egg-info/dependency_links.txt
[12.111s] -- Up-to-date symlink: /home/pi/turtlebot3_ws/install/wall_follower/local/lib/python3.10/dist-packages/wall_follower-0.0.0-py3.10.egg-info/top_level.txt
[12.111s] -- Up-to-date symlink: /home/pi/turtlebot3_ws/install/wall_follower/local/lib/python3.10/dist-packages/wall_follower/__init__.py
[12.111s] -- Up-to-date symlink: /home/pi/turtlebot3_ws/install/wall_follower/local/lib/python3.10/dist-packages/wall_follower/landmark.py
[12.111s] -- Up-to-date symlink: /home/pi/turtlebot3_ws/install/wall_follower/lib/wall_follower/see_marker.py
[12.111s] -- Up-to-date symlink: /home/pi/turtlebot3_ws/install/wall_follower/lib/wall_follower/point_transformer.py
[12.111s] -- Up-to-date symlink: /home/pi/turtlebot3_ws/install/wall_follower/share/ament_index/resource_index/package_run_dependencies/wall_follower
[12.111s] -- Up-to-date symlink: /home/pi/turtlebot3_ws/install/wall_follower/share/ament_index/resource_index/parent_prefix_path/wall_follower
[12.111s] -- Up-to-date symlink: /home/pi/turtlebot3_ws/install/wall_follower/share/wall_follower/environment/ament_prefix_path.sh
[12.111s] -- Up-to-date symlink: /home/pi/turtlebot3_ws/install/wall_follower/share/wall_follower/environment/ament_prefix_path.dsv
[12.111s] -- Up-to-date symlink: /home/pi/turtlebot3_ws/install/wall_follower/share/wall_follower/environment/path.sh
[12.111s] -- Up-to-date symlink: /home/pi/turtlebot3_ws/install/wall_follower/share/wall_follower/environment/path.dsv
[12.111s] -- Up-to-date symlink: /home/pi/turtlebot3_ws/install/wall_follower/share/wall_follower/local_setup.bash
[12.111s] -- Up-to-date symlink: /home/pi/turtlebot3_ws/install/wall_follower/share/wall_follower/local_setup.sh
[12.112s] -- Up-to-date symlink: /home/pi/turtlebot3_ws/install/wall_follower/share/wall_follower/local_setup.zsh
[12.112s] -- Up-to-date symlink: /home/pi/turtlebot3_ws/install/wall_follower/share/wall_follower/local_setup.dsv
[12.112s] -- Symlinking: /home/pi/turtlebot3_ws/install/wall_follower/share/wall_follower/package.dsv
[12.125s] -- Up-to-date symlink: /home/pi/turtlebot3_ws/install/wall_follower/share/ament_index/resource_index/packages/wall_follower
[12.126s] -- Up-to-date symlink: /home/pi/turtlebot3_ws/install/wall_follower/share/wall_follower/cmake/ament_cmake_export_include_directories-extras.cmake
[12.127s] -- Up-to-date symlink: /home/pi/turtlebot3_ws/install/wall_follower/share/wall_follower/cmake/ament_cmake_export_dependencies-extras.cmake
[12.127s] -- Up-to-date symlink: /home/pi/turtlebot3_ws/install/wall_follower/share/wall_follower/cmake/wall_followerConfig.cmake
[12.127s] -- Up-to-date symlink: /home/pi/turtlebot3_ws/install/wall_follower/share/wall_follower/cmake/wall_followerConfig-version.cmake
[12.127s] -- Up-to-date symlink: /home/pi/turtlebot3_ws/install/wall_follower/share/wall_follower/package.xml
[12.157s] Listing '/home/pi/turtlebot3_ws/install/wall_follower/local/lib/python3.10/dist-packages/wall_follower'...
[12.162s] Invoked command in '/home/pi/turtlebot3_ws/build/wall_follower' returned '0': CMAKE_PREFIX_PATH=${CMAKE_PREFIX_PATH}:/home/pi/turtlebot3_ws/install/turtlebot3_teleop:/home/pi/turtlebot3_ws/install/turtlebot3_example:/opt/ros/humble /usr/bin/cmake --install /home/pi/turtlebot3_ws/build/wall_follower
