[0.016s] Invoking command in '/home/pi/turtlebot3_ws/build/wall_follower': CMAKE_PREFIX_PATH=${CMAKE_PREFIX_PATH}:/home/pi/turtlebot3_ws/install/turtlebot3_teleop:/home/pi/turtlebot3_ws/install/turtlebot3_example:/opt/ros/humble /usr/bin/cmake --build /home/pi/turtlebot3_ws/build/wall_follower -- -j4 -l4
[0.302s] [35m[1mConsolidate compiler generated dependencies of target wall_follower[0m
[0.371s] [  0%] Built target ament_cmake_python_symlink_wall_follower
[0.425s] [ 50%] [32mBuilding CXX object CMakeFiles/wall_follower.dir/src/wall_follower.cpp.o[0m
[0.906s] running egg_info
[0.932s] writing wall_follower.egg-info/PKG-INFO
[0.934s] writing dependency_links to wall_follower.egg-info/dependency_links.txt
[0.943s] writing top-level names to wall_follower.egg-info/top_level.txt
[0.953s] reading manifest file 'wall_follower.egg-info/SOURCES.txt'
[0.956s] writing manifest file 'wall_follower.egg-info/SOURCES.txt'
[1.076s] [ 50%] Built target ament_cmake_python_build_wall_follower_egg
[3.716s] In file included from [01m[K/opt/ros/humble/include/rclcpp/rclcpp/logging.hpp:24[m[K,
[3.716s]                  from [01m[K/opt/ros/humble/include/rclcpp/rclcpp/client.hpp:40[m[K,
[3.721s]                  from [01m[K/opt/ros/humble/include/rclcpp/rclcpp/callback_group.hpp:24[m[K,
[3.722s]                  from [01m[K/opt/ros/humble/include/rclcpp/rclcpp/any_executable.hpp:20[m[K,
[3.722s]                  from [01m[K/opt/ros/humble/include/rclcpp/rclcpp/memory_strategy.hpp:25[m[K,
[3.722s]                  from [01m[K/opt/ros/humble/include/rclcpp/rclcpp/memory_strategies.hpp:18[m[K,
[3.722s]                  from [01m[K/opt/ros/humble/include/rclcpp/rclcpp/executor_options.hpp:20[m[K,
[3.722s]                  from [01m[K/opt/ros/humble/include/rclcpp/rclcpp/executor.hpp:37[m[K,
[3.722s]                  from [01m[K/opt/ros/humble/include/rclcpp/rclcpp/executors/multi_threaded_executor.hpp:25[m[K,
[3.722s]                  from [01m[K/opt/ros/humble/include/rclcpp/rclcpp/executors.hpp:21[m[K,
[3.723s]                  from [01m[K/opt/ros/humble/include/rclcpp/rclcpp/rclcpp.hpp:155[m[K,
[3.723s]                  from [01m[K/home/pi/turtlebot3_ws/src/wall_follower/include/wall_follower/wall_follower.hpp:25[m[K,
[3.723s]                  from [01m[K/home/pi/turtlebot3_ws/src/wall_follower/src/wall_follower.cpp:24[m[K:
[3.723s] [01m[K/home/pi/turtlebot3_ws/src/wall_follower/src/wall_follower.cpp:[m[K In member function ‘[01m[Kvoid WallFollower::odom_callback(nav_msgs::msg::Odometry_<std::allocator<void> >::SharedPtr)[m[K’:
[3.723s] [01m[K/home/pi/turtlebot3_ws/src/wall_follower/src/wall_follower.cpp:123:57:[m[K [01;31m[Kerror: [m[Kcannot convert ‘[01m[Kstd::string[m[K’ {aka ‘[01m[Kstd::__cxx11::basic_string<char>[m[K’} to ‘[01m[Kconst char*[m[K’
[3.723s]   123 |                         RCLCPP_INFO(this->get_logger(), [01;31m[Kprint[m[K);
[3.723s]       |                                                         [01;31m[K^~~~~[m[K
[3.723s]       |                                                         [01;31m[K|[m[K
[3.724s]       |                                                         [01;31m[Kstd::string {aka std::__cxx11::basic_string<char>}[m[K
[3.724s] In file included from [01m[K/opt/ros/humble/include/rmw/rmw/types.h:28[m[K,
[3.724s]                  from [01m[K/opt/ros/humble/include/rcl/rcl/types.h:20[m[K,
[3.724s]                  from [01m[K/opt/ros/humble/include/rcl/rcl/log_level.h:22[m[K,
[3.724s]                  from [01m[K/opt/ros/humble/include/rcl/rcl/arguments.h:21[m[K,
[3.724s]                  from [01m[K/opt/ros/humble/include/rcl/rcl/context.h:28[m[K,
[3.724s]                  from [01m[K/opt/ros/humble/include/rcl/rcl/guard_condition.h:26[m[K,
[3.724s]                  from [01m[K/opt/ros/humble/include/rclcpp/rclcpp/executor.hpp:30[m[K,
[3.724s]                  from [01m[K/opt/ros/humble/include/rclcpp/rclcpp/executors/multi_threaded_executor.hpp:25[m[K,
[3.724s]                  from [01m[K/opt/ros/humble/include/rclcpp/rclcpp/executors.hpp:21[m[K,
[3.724s]                  from [01m[K/opt/ros/humble/include/rclcpp/rclcpp/rclcpp.hpp:155[m[K,
[3.725s]                  from [01m[K/home/pi/turtlebot3_ws/src/wall_follower/include/wall_follower/wall_follower.hpp:25[m[K,
[3.725s]                  from [01m[K/home/pi/turtlebot3_ws/src/wall_follower/src/wall_follower.cpp:24[m[K:
[3.725s] [01m[K/opt/ros/humble/include/rcutils/rcutils/logging.h:479:16:[m[K [01;36m[Knote: [m[K  initializing argument 4 of ‘[01m[Kvoid rcutils_log(const rcutils_log_location_t*, int, const char*, const char*, ...)[m[K’
[3.725s]   479 |   [01;36m[Kconst char * format[m[K,
[3.725s]       |   [01;36m[K~~~~~~~~~~~~~^~~~~~[m[K
[3.725s] In file included from [01m[K/opt/ros/humble/include/rclcpp/rclcpp/logging.hpp:24[m[K,
[3.725s]                  from [01m[K/opt/ros/humble/include/rclcpp/rclcpp/client.hpp:40[m[K,
[3.725s]                  from [01m[K/opt/ros/humble/include/rclcpp/rclcpp/callback_group.hpp:24[m[K,
[3.725s]                  from [01m[K/opt/ros/humble/include/rclcpp/rclcpp/any_executable.hpp:20[m[K,
[3.725s]                  from [01m[K/opt/ros/humble/include/rclcpp/rclcpp/memory_strategy.hpp:25[m[K,
[3.725s]                  from [01m[K/opt/ros/humble/include/rclcpp/rclcpp/memory_strategies.hpp:18[m[K,
[3.725s]                  from [01m[K/opt/ros/humble/include/rclcpp/rclcpp/executor_options.hpp:20[m[K,
[3.725s]                  from [01m[K/opt/ros/humble/include/rclcpp/rclcpp/executor.hpp:37[m[K,
[3.725s]                  from [01m[K/opt/ros/humble/include/rclcpp/rclcpp/executors/multi_threaded_executor.hpp:25[m[K,
[3.725s]                  from [01m[K/opt/ros/humble/include/rclcpp/rclcpp/executors.hpp:21[m[K,
[3.725s]                  from [01m[K/opt/ros/humble/include/rclcpp/rclcpp/rclcpp.hpp:155[m[K,
[3.725s]                  from [01m[K/home/pi/turtlebot3_ws/src/wall_follower/include/wall_follower/wall_follower.hpp:25[m[K,
[3.725s]                  from [01m[K/home/pi/turtlebot3_ws/src/wall_follower/src/wall_follower.cpp:24[m[K:
[3.725s] [01m[K/home/pi/turtlebot3_ws/src/wall_follower/src/wall_follower.cpp:[m[K In member function ‘[01m[Kvoid WallFollower::update_callback()[m[K’:
[3.725s] [01m[K/home/pi/turtlebot3_ws/src/wall_follower/src/wall_follower.cpp:259:57:[m[K [01;31m[Kerror: [m[Kcannot convert ‘[01m[Kstd::string[m[K’ {aka ‘[01m[Kstd::__cxx11::basic_string<char>[m[K’} to ‘[01m[Kconst char*[m[K’
[3.725s]   259 |                         RCLCPP_INFO(this->get_logger(), [01;31m[Kprint[m[K);
[3.725s]       |                                                         [01;31m[K^~~~~[m[K
[3.725s]       |                                                         [01;31m[K|[m[K
[3.725s]       |                                                         [01;31m[Kstd::string {aka std::__cxx11::basic_string<char>}[m[K
[3.725s] In file included from [01m[K/opt/ros/humble/include/rmw/rmw/types.h:28[m[K,
[3.725s]                  from [01m[K/opt/ros/humble/include/rcl/rcl/types.h:20[m[K,
[3.725s]                  from [01m[K/opt/ros/humble/include/rcl/rcl/log_level.h:22[m[K,
[3.726s]                  from [01m[K/opt/ros/humble/include/rcl/rcl/arguments.h:21[m[K,
[3.726s]                  from [01m[K/opt/ros/humble/include/rcl/rcl/context.h:28[m[K,
[3.726s]                  from [01m[K/opt/ros/humble/include/rcl/rcl/guard_condition.h:26[m[K,
[3.726s]                  from [01m[K/opt/ros/humble/include/rclcpp/rclcpp/executor.hpp:30[m[K,
[3.726s]                  from [01m[K/opt/ros/humble/include/rclcpp/rclcpp/executors/multi_threaded_executor.hpp:25[m[K,
[3.726s]                  from [01m[K/opt/ros/humble/include/rclcpp/rclcpp/executors.hpp:21[m[K,
[3.726s]                  from [01m[K/opt/ros/humble/include/rclcpp/rclcpp/rclcpp.hpp:155[m[K,
[3.726s]                  from [01m[K/home/pi/turtlebot3_ws/src/wall_follower/include/wall_follower/wall_follower.hpp:25[m[K,
[3.726s]                  from [01m[K/home/pi/turtlebot3_ws/src/wall_follower/src/wall_follower.cpp:24[m[K:
[3.726s] [01m[K/opt/ros/humble/include/rcutils/rcutils/logging.h:479:16:[m[K [01;36m[Knote: [m[K  initializing argument 4 of ‘[01m[Kvoid rcutils_log(const rcutils_log_location_t*, int, const char*, const char*, ...)[m[K’
[3.726s]   479 |   [01;36m[Kconst char * format[m[K,
[3.726s]       |   [01;36m[K~~~~~~~~~~~~~^~~~~~[m[K
[3.732s] In file included from [01m[K/opt/ros/humble/include/rclcpp/rclcpp/logging.hpp:24[m[K,
[3.732s]                  from [01m[K/opt/ros/humble/include/rclcpp/rclcpp/client.hpp:40[m[K,
[3.732s]                  from [01m[K/opt/ros/humble/include/rclcpp/rclcpp/callback_group.hpp:24[m[K,
[3.732s]                  from [01m[K/opt/ros/humble/include/rclcpp/rclcpp/any_executable.hpp:20[m[K,
[3.732s]                  from [01m[K/opt/ros/humble/include/rclcpp/rclcpp/memory_strategy.hpp:25[m[K,
[3.732s]                  from [01m[K/opt/ros/humble/include/rclcpp/rclcpp/memory_strategies.hpp:18[m[K,
[3.732s]                  from [01m[K/opt/ros/humble/include/rclcpp/rclcpp/executor_options.hpp:20[m[K,
[3.732s]                  from [01m[K/opt/ros/humble/include/rclcpp/rclcpp/executor.hpp:37[m[K,
[3.732s]                  from [01m[K/opt/ros/humble/include/rclcpp/rclcpp/executors/multi_threaded_executor.hpp:25[m[K,
[3.732s]                  from [01m[K/opt/ros/humble/include/rclcpp/rclcpp/executors.hpp:21[m[K,
[3.732s]                  from [01m[K/opt/ros/humble/include/rclcpp/rclcpp/rclcpp.hpp:155[m[K,
[3.732s]                  from [01m[K/home/pi/turtlebot3_ws/src/wall_follower/include/wall_follower/wall_follower.hpp:25[m[K,
[3.732s]                  from [01m[K/home/pi/turtlebot3_ws/src/wall_follower/src/wall_follower.cpp:24[m[K:
[3.732s] [01m[K/home/pi/turtlebot3_ws/src/wall_follower/src/wall_follower.cpp:265:57:[m[K [01;31m[Kerror: [m[Kcannot convert ‘[01m[Kstd::string[m[K’ {aka ‘[01m[Kstd::__cxx11::basic_string<char>[m[K’} to ‘[01m[Kconst char*[m[K’
[3.732s]   265 |                         RCLCPP_INFO(this->get_logger(), [01;31m[Kprint[m[K);
[3.732s]       |                                                         [01;31m[K^~~~~[m[K
[3.732s]       |                                                         [01;31m[K|[m[K
[3.732s]       |                                                         [01;31m[Kstd::string {aka std::__cxx11::basic_string<char>}[m[K
[3.732s] In file included from [01m[K/opt/ros/humble/include/rmw/rmw/types.h:28[m[K,
[3.732s]                  from [01m[K/opt/ros/humble/include/rcl/rcl/types.h:20[m[K,
[3.732s]                  from [01m[K/opt/ros/humble/include/rcl/rcl/log_level.h:22[m[K,
[3.732s]                  from [01m[K/opt/ros/humble/include/rcl/rcl/arguments.h:21[m[K,
[3.732s]                  from [01m[K/opt/ros/humble/include/rcl/rcl/context.h:28[m[K,
[3.732s]                  from [01m[K/opt/ros/humble/include/rcl/rcl/guard_condition.h:26[m[K,
[3.733s]                  from [01m[K/opt/ros/humble/include/rclcpp/rclcpp/executor.hpp:30[m[K,
[3.733s]                  from [01m[K/opt/ros/humble/include/rclcpp/rclcpp/executors/multi_threaded_executor.hpp:25[m[K,
[3.733s]                  from [01m[K/opt/ros/humble/include/rclcpp/rclcpp/executors.hpp:21[m[K,
[3.733s]                  from [01m[K/opt/ros/humble/include/rclcpp/rclcpp/rclcpp.hpp:155[m[K,
[3.733s]                  from [01m[K/home/pi/turtlebot3_ws/src/wall_follower/include/wall_follower/wall_follower.hpp:25[m[K,
[3.733s]                  from [01m[K/home/pi/turtlebot3_ws/src/wall_follower/src/wall_follower.cpp:24[m[K:
[3.733s] [01m[K/opt/ros/humble/include/rcutils/rcutils/logging.h:479:16:[m[K [01;36m[Knote: [m[K  initializing argument 4 of ‘[01m[Kvoid rcutils_log(const rcutils_log_location_t*, int, const char*, const char*, ...)[m[K’
[3.733s]   479 |   [01;36m[Kconst char * format[m[K,
[3.733s]       |   [01;36m[K~~~~~~~~~~~~~^~~~~~[m[K
[3.733s] In file included from [01m[K/opt/ros/humble/include/rclcpp/rclcpp/logging.hpp:24[m[K,
[3.733s]                  from [01m[K/opt/ros/humble/include/rclcpp/rclcpp/client.hpp:40[m[K,
[3.733s]                  from [01m[K/opt/ros/humble/include/rclcpp/rclcpp/callback_group.hpp:24[m[K,
[3.733s]                  from [01m[K/opt/ros/humble/include/rclcpp/rclcpp/any_executable.hpp:20[m[K,
[3.733s]                  from [01m[K/opt/ros/humble/include/rclcpp/rclcpp/memory_strategy.hpp:25[m[K,
[3.733s]                  from [01m[K/opt/ros/humble/include/rclcpp/rclcpp/memory_strategies.hpp:18[m[K,
[3.733s]                  from [01m[K/opt/ros/humble/include/rclcpp/rclcpp/executor_options.hpp:20[m[K,
[3.733s]                  from [01m[K/opt/ros/humble/include/rclcpp/rclcpp/executor.hpp:37[m[K,
[3.733s]                  from [01m[K/opt/ros/humble/include/rclcpp/rclcpp/executors/multi_threaded_executor.hpp:25[m[K,
[3.733s]                  from [01m[K/opt/ros/humble/include/rclcpp/rclcpp/executors.hpp:21[m[K,
[3.733s]                  from [01m[K/opt/ros/humble/include/rclcpp/rclcpp/rclcpp.hpp:155[m[K,
[3.733s]                  from [01m[K/home/pi/turtlebot3_ws/src/wall_follower/include/wall_follower/wall_follower.hpp:25[m[K,
[3.733s]                  from [01m[K/home/pi/turtlebot3_ws/src/wall_follower/src/wall_follower.cpp:24[m[K:
[3.733s] [01m[K/home/pi/turtlebot3_ws/src/wall_follower/src/wall_follower.cpp:349:57:[m[K [01;31m[Kerror: [m[Kcannot convert ‘[01m[Kstd::string[m[K’ {aka ‘[01m[Kstd::__cxx11::basic_string<char>[m[K’} to ‘[01m[Kconst char*[m[K’
[3.733s]   349 |                         RCLCPP_INFO(this->get_logger(), [01;31m[Kprint1[m[K);
[3.733s]       |                                                         [01;31m[K^~~~~~[m[K
[3.733s]       |                                                         [01;31m[K|[m[K
[3.733s]       |                                                         [01;31m[Kstd::string {aka std::__cxx11::basic_string<char>}[m[K
[3.733s] In file included from [01m[K/opt/ros/humble/include/rmw/rmw/types.h:28[m[K,
[3.733s]                  from [01m[K/opt/ros/humble/include/rcl/rcl/types.h:20[m[K,
[3.733s]                  from [01m[K/opt/ros/humble/include/rcl/rcl/log_level.h:22[m[K,
[3.733s]                  from [01m[K/opt/ros/humble/include/rcl/rcl/arguments.h:21[m[K,
[3.733s]                  from [01m[K/opt/ros/humble/include/rcl/rcl/context.h:28[m[K,
[3.733s]                  from [01m[K/opt/ros/humble/include/rcl/rcl/guard_condition.h:26[m[K,
[3.733s]                  from [01m[K/opt/ros/humble/include/rclcpp/rclcpp/executor.hpp:30[m[K,
[3.733s]                  from [01m[K/opt/ros/humble/include/rclcpp/rclcpp/executors/multi_threaded_executor.hpp:25[m[K,
[3.733s]                  from [01m[K/opt/ros/humble/include/rclcpp/rclcpp/executors.hpp:21[m[K,
[3.733s]                  from [01m[K/opt/ros/humble/include/rclcpp/rclcpp/rclcpp.hpp:155[m[K,
[3.733s]                  from [01m[K/home/pi/turtlebot3_ws/src/wall_follower/include/wall_follower/wall_follower.hpp:25[m[K,
[3.733s]                  from [01m[K/home/pi/turtlebot3_ws/src/wall_follower/src/wall_follower.cpp:24[m[K:
[3.733s] [01m[K/opt/ros/humble/include/rcutils/rcutils/logging.h:479:16:[m[K [01;36m[Knote: [m[K  initializing argument 4 of ‘[01m[Kvoid rcutils_log(const rcutils_log_location_t*, int, const char*, const char*, ...)[m[K’
[3.733s]   479 |   [01;36m[Kconst char * format[m[K,
[3.733s]       |   [01;36m[K~~~~~~~~~~~~~^~~~~~[m[K
[3.733s] In file included from [01m[K/opt/ros/humble/include/rclcpp/rclcpp/logging.hpp:24[m[K,
[3.733s]                  from [01m[K/opt/ros/humble/include/rclcpp/rclcpp/client.hpp:40[m[K,
[3.734s]                  from [01m[K/opt/ros/humble/include/rclcpp/rclcpp/callback_group.hpp:24[m[K,
[3.734s]                  from [01m[K/opt/ros/humble/include/rclcpp/rclcpp/any_executable.hpp:20[m[K,
[3.734s]                  from [01m[K/opt/ros/humble/include/rclcpp/rclcpp/memory_strategy.hpp:25[m[K,
[3.734s]                  from [01m[K/opt/ros/humble/include/rclcpp/rclcpp/memory_strategies.hpp:18[m[K,
[3.734s]                  from [01m[K/opt/ros/humble/include/rclcpp/rclcpp/executor_options.hpp:20[m[K,
[3.734s]                  from [01m[K/opt/ros/humble/include/rclcpp/rclcpp/executor.hpp:37[m[K,
[3.734s]                  from [01m[K/opt/ros/humble/include/rclcpp/rclcpp/executors/multi_threaded_executor.hpp:25[m[K,
[3.734s]                  from [01m[K/opt/ros/humble/include/rclcpp/rclcpp/executors.hpp:21[m[K,
[3.734s]                  from [01m[K/opt/ros/humble/include/rclcpp/rclcpp/rclcpp.hpp:155[m[K,
[3.734s]                  from [01m[K/home/pi/turtlebot3_ws/src/wall_follower/include/wall_follower/wall_follower.hpp:25[m[K,
[3.734s]                  from [01m[K/home/pi/turtlebot3_ws/src/wall_follower/src/wall_follower.cpp:24[m[K:
[3.734s] [01m[K/home/pi/turtlebot3_ws/src/wall_follower/src/wall_follower.cpp:359:57:[m[K [01;31m[Kerror: [m[Kcannot convert ‘[01m[Kstd::string[m[K’ {aka ‘[01m[Kstd::__cxx11::basic_string<char>[m[K’} to ‘[01m[Kconst char*[m[K’
[3.734s]   359 |                         RCLCPP_INFO(this->get_logger(), [01;31m[Kprint2[m[K);
[3.734s]       |                                                         [01;31m[K^~~~~~[m[K
[3.734s]       |                                                         [01;31m[K|[m[K
[3.734s]       |                                                         [01;31m[Kstd::string {aka std::__cxx11::basic_string<char>}[m[K
[3.734s] In file included from [01m[K/opt/ros/humble/include/rmw/rmw/types.h:28[m[K,
[3.734s]                  from [01m[K/opt/ros/humble/include/rcl/rcl/types.h:20[m[K,
[3.734s]                  from [01m[K/opt/ros/humble/include/rcl/rcl/log_level.h:22[m[K,
[3.734s]                  from [01m[K/opt/ros/humble/include/rcl/rcl/arguments.h:21[m[K,
[3.734s]                  from [01m[K/opt/ros/humble/include/rcl/rcl/context.h:28[m[K,
[3.734s]                  from [01m[K/opt/ros/humble/include/rcl/rcl/guard_condition.h:26[m[K,
[3.734s]                  from [01m[K/opt/ros/humble/include/rclcpp/rclcpp/executor.hpp:30[m[K,
[3.734s]                  from [01m[K/opt/ros/humble/include/rclcpp/rclcpp/executors/multi_threaded_executor.hpp:25[m[K,
[3.734s]                  from [01m[K/opt/ros/humble/include/rclcpp/rclcpp/executors.hpp:21[m[K,
[3.734s]                  from [01m[K/opt/ros/humble/include/rclcpp/rclcpp/rclcpp.hpp:155[m[K,
[3.734s]                  from [01m[K/home/pi/turtlebot3_ws/src/wall_follower/include/wall_follower/wall_follower.hpp:25[m[K,
[3.734s]                  from [01m[K/home/pi/turtlebot3_ws/src/wall_follower/src/wall_follower.cpp:24[m[K:
[3.734s] [01m[K/opt/ros/humble/include/rcutils/rcutils/logging.h:479:16:[m[K [01;36m[Knote: [m[K  initializing argument 4 of ‘[01m[Kvoid rcutils_log(const rcutils_log_location_t*, int, const char*, const char*, ...)[m[K’
[3.734s]   479 |   [01;36m[Kconst char * format[m[K,
[3.734s]       |   [01;36m[K~~~~~~~~~~~~~^~~~~~[m[K
[3.734s] In file included from [01m[K/opt/ros/humble/include/rclcpp/rclcpp/logging.hpp:24[m[K,
[3.734s]                  from [01m[K/opt/ros/humble/include/rclcpp/rclcpp/client.hpp:40[m[K,
[3.734s]                  from [01m[K/opt/ros/humble/include/rclcpp/rclcpp/callback_group.hpp:24[m[K,
[3.734s]                  from [01m[K/opt/ros/humble/include/rclcpp/rclcpp/any_executable.hpp:20[m[K,
[3.734s]                  from [01m[K/opt/ros/humble/include/rclcpp/rclcpp/memory_strategy.hpp:25[m[K,
[3.734s]                  from [01m[K/opt/ros/humble/include/rclcpp/rclcpp/memory_strategies.hpp:18[m[K,
[3.734s]                  from [01m[K/opt/ros/humble/include/rclcpp/rclcpp/executor_options.hpp:20[m[K,
[3.734s]                  from [01m[K/opt/ros/humble/include/rclcpp/rclcpp/executor.hpp:37[m[K,
[3.734s]                  from [01m[K/opt/ros/humble/include/rclcpp/rclcpp/executors/multi_threaded_executor.hpp:25[m[K,
[3.734s]                  from [01m[K/opt/ros/humble/include/rclcpp/rclcpp/executors.hpp:21[m[K,
[3.734s]                  from [01m[K/opt/ros/humble/include/rclcpp/rclcpp/rclcpp.hpp:155[m[K,
[3.734s]                  from [01m[K/home/pi/turtlebot3_ws/src/wall_follower/include/wall_follower/wall_follower.hpp:25[m[K,
[3.734s]                  from [01m[K/home/pi/turtlebot3_ws/src/wall_follower/src/wall_follower.cpp:24[m[K:
[3.734s] [01m[K/home/pi/turtlebot3_ws/src/wall_follower/src/wall_follower.cpp:368:57:[m[K [01;31m[Kerror: [m[Kcannot convert ‘[01m[Kstd::string[m[K’ {aka ‘[01m[Kstd::__cxx11::basic_string<char>[m[K’} to ‘[01m[Kconst char*[m[K’
[3.734s]   368 |                         RCLCPP_INFO(this->get_logger(), [01;31m[Kprint4[m[K);
[3.735s]       |                                                         [01;31m[K^~~~~~[m[K
[3.735s]       |                                                         [01;31m[K|[m[K
[3.735s]       |                                                         [01;31m[Kstd::string {aka std::__cxx11::basic_string<char>}[m[K
[3.735s] In file included from [01m[K/opt/ros/humble/include/rmw/rmw/types.h:28[m[K,
[3.735s]                  from [01m[K/opt/ros/humble/include/rcl/rcl/types.h:20[m[K,
[3.735s]                  from [01m[K/opt/ros/humble/include/rcl/rcl/log_level.h:22[m[K,
[3.735s]                  from [01m[K/opt/ros/humble/include/rcl/rcl/arguments.h:21[m[K,
[3.735s]                  from [01m[K/opt/ros/humble/include/rcl/rcl/context.h:28[m[K,
[3.735s]                  from [01m[K/opt/ros/humble/include/rcl/rcl/guard_condition.h:26[m[K,
[3.735s]                  from [01m[K/opt/ros/humble/include/rclcpp/rclcpp/executor.hpp:30[m[K,
[3.735s]                  from [01m[K/opt/ros/humble/include/rclcpp/rclcpp/executors/multi_threaded_executor.hpp:25[m[K,
[3.735s]                  from [01m[K/opt/ros/humble/include/rclcpp/rclcpp/executors.hpp:21[m[K,
[3.735s]                  from [01m[K/opt/ros/humble/include/rclcpp/rclcpp/rclcpp.hpp:155[m[K,
[3.735s]                  from [01m[K/home/pi/turtlebot3_ws/src/wall_follower/include/wall_follower/wall_follower.hpp:25[m[K,
[3.735s]                  from [01m[K/home/pi/turtlebot3_ws/src/wall_follower/src/wall_follower.cpp:24[m[K:
[3.735s] [01m[K/opt/ros/humble/include/rcutils/rcutils/logging.h:479:16:[m[K [01;36m[Knote: [m[K  initializing argument 4 of ‘[01m[Kvoid rcutils_log(const rcutils_log_location_t*, int, const char*, const char*, ...)[m[K’
[3.735s]   479 |   [01;36m[Kconst char * format[m[K,
[3.735s]       |   [01;36m[K~~~~~~~~~~~~~^~~~~~[m[K
[3.735s] In file included from [01m[K/opt/ros/humble/include/rclcpp/rclcpp/logging.hpp:24[m[K,
[3.735s]                  from [01m[K/opt/ros/humble/include/rclcpp/rclcpp/client.hpp:40[m[K,
[3.735s]                  from [01m[K/opt/ros/humble/include/rclcpp/rclcpp/callback_group.hpp:24[m[K,
[3.735s]                  from [01m[K/opt/ros/humble/include/rclcpp/rclcpp/any_executable.hpp:20[m[K,
[3.735s]                  from [01m[K/opt/ros/humble/include/rclcpp/rclcpp/memory_strategy.hpp:25[m[K,
[3.735s]                  from [01m[K/opt/ros/humble/include/rclcpp/rclcpp/memory_strategies.hpp:18[m[K,
[3.735s]                  from [01m[K/opt/ros/humble/include/rclcpp/rclcpp/executor_options.hpp:20[m[K,
[3.735s]                  from [01m[K/opt/ros/humble/include/rclcpp/rclcpp/executor.hpp:37[m[K,
[3.735s]                  from [01m[K/opt/ros/humble/include/rclcpp/rclcpp/executors/multi_threaded_executor.hpp:25[m[K,
[3.735s]                  from [01m[K/opt/ros/humble/include/rclcpp/rclcpp/executors.hpp:21[m[K,
[3.735s]                  from [01m[K/opt/ros/humble/include/rclcpp/rclcpp/rclcpp.hpp:155[m[K,
[3.735s]                  from [01m[K/home/pi/turtlebot3_ws/src/wall_follower/include/wall_follower/wall_follower.hpp:25[m[K,
[3.735s]                  from [01m[K/home/pi/turtlebot3_ws/src/wall_follower/src/wall_follower.cpp:24[m[K:
[3.735s] [01m[K/home/pi/turtlebot3_ws/src/wall_follower/src/wall_follower.cpp:382:57:[m[K [01;31m[Kerror: [m[Kcannot convert ‘[01m[Kstd::string[m[K’ {aka ‘[01m[Kstd::__cxx11::basic_string<char>[m[K’} to ‘[01m[Kconst char*[m[K’
[3.735s]   382 |                         RCLCPP_INFO(this->get_logger(), [01;31m[Kprint2[m[K);
[3.735s]       |                                                         [01;31m[K^~~~~~[m[K
[3.735s]       |                                                         [01;31m[K|[m[K
[3.735s]       |                                                         [01;31m[Kstd::string {aka std::__cxx11::basic_string<char>}[m[K
[3.735s] In file included from [01m[K/opt/ros/humble/include/rmw/rmw/types.h:28[m[K,
[3.735s]                  from [01m[K/opt/ros/humble/include/rcl/rcl/types.h:20[m[K,
[3.735s]                  from [01m[K/opt/ros/humble/include/rcl/rcl/log_level.h:22[m[K,
[3.735s]                  from [01m[K/opt/ros/humble/include/rcl/rcl/arguments.h:21[m[K,
[3.735s]                  from [01m[K/opt/ros/humble/include/rcl/rcl/context.h:28[m[K,
[3.735s]                  from [01m[K/opt/ros/humble/include/rcl/rcl/guard_condition.h:26[m[K,
[3.735s]                  from [01m[K/opt/ros/humble/include/rclcpp/rclcpp/executor.hpp:30[m[K,
[3.735s]                  from [01m[K/opt/ros/humble/include/rclcpp/rclcpp/executors/multi_threaded_executor.hpp:25[m[K,
[3.735s]                  from [01m[K/opt/ros/humble/include/rclcpp/rclcpp/executors.hpp:21[m[K,
[3.736s]                  from [01m[K/opt/ros/humble/include/rclcpp/rclcpp/rclcpp.hpp:155[m[K,
[3.736s]                  from [01m[K/home/pi/turtlebot3_ws/src/wall_follower/include/wall_follower/wall_follower.hpp:25[m[K,
[3.736s]                  from [01m[K/home/pi/turtlebot3_ws/src/wall_follower/src/wall_follower.cpp:24[m[K:
[3.736s] [01m[K/opt/ros/humble/include/rcutils/rcutils/logging.h:479:16:[m[K [01;36m[Knote: [m[K  initializing argument 4 of ‘[01m[Kvoid rcutils_log(const rcutils_log_location_t*, int, const char*, const char*, ...)[m[K’
[3.736s]   479 |   [01;36m[Kconst char * format[m[K,
[3.736s]       |   [01;36m[K~~~~~~~~~~~~~^~~~~~[m[K
[3.736s] In file included from [01m[K/opt/ros/humble/include/rclcpp/rclcpp/logging.hpp:24[m[K,
[3.736s]                  from [01m[K/opt/ros/humble/include/rclcpp/rclcpp/client.hpp:40[m[K,
[3.736s]                  from [01m[K/opt/ros/humble/include/rclcpp/rclcpp/callback_group.hpp:24[m[K,
[3.736s]                  from [01m[K/opt/ros/humble/include/rclcpp/rclcpp/any_executable.hpp:20[m[K,
[3.736s]                  from [01m[K/opt/ros/humble/include/rclcpp/rclcpp/memory_strategy.hpp:25[m[K,
[3.736s]                  from [01m[K/opt/ros/humble/include/rclcpp/rclcpp/memory_strategies.hpp:18[m[K,
[3.736s]                  from [01m[K/opt/ros/humble/include/rclcpp/rclcpp/executor_options.hpp:20[m[K,
[3.736s]                  from [01m[K/opt/ros/humble/include/rclcpp/rclcpp/executor.hpp:37[m[K,
[3.736s]                  from [01m[K/opt/ros/humble/include/rclcpp/rclcpp/executors/multi_threaded_executor.hpp:25[m[K,
[3.736s]                  from [01m[K/opt/ros/humble/include/rclcpp/rclcpp/executors.hpp:21[m[K,
[3.736s]                  from [01m[K/opt/ros/humble/include/rclcpp/rclcpp/rclcpp.hpp:155[m[K,
[3.736s]                  from [01m[K/home/pi/turtlebot3_ws/src/wall_follower/include/wall_follower/wall_follower.hpp:25[m[K,
[3.736s]                  from [01m[K/home/pi/turtlebot3_ws/src/wall_follower/src/wall_follower.cpp:24[m[K:
[3.736s] [01m[K/home/pi/turtlebot3_ws/src/wall_follower/src/wall_follower.cpp:391:57:[m[K [01;31m[Kerror: [m[Kcannot convert ‘[01m[Kstd::string[m[K’ {aka ‘[01m[Kstd::__cxx11::basic_string<char>[m[K’} to ‘[01m[Kconst char*[m[K’
[3.736s]   391 |                         RCLCPP_INFO(this->get_logger(), [01;31m[Kprint4[m[K);
[3.736s]       |                                                         [01;31m[K^~~~~~[m[K
[3.736s]       |                                                         [01;31m[K|[m[K
[3.736s]       |                                                         [01;31m[Kstd::string {aka std::__cxx11::basic_string<char>}[m[K
[3.736s] In file included from [01m[K/opt/ros/humble/include/rmw/rmw/types.h:28[m[K,
[3.736s]                  from [01m[K/opt/ros/humble/include/rcl/rcl/types.h:20[m[K,
[3.736s]                  from [01m[K/opt/ros/humble/include/rcl/rcl/log_level.h:22[m[K,
[3.736s]                  from [01m[K/opt/ros/humble/include/rcl/rcl/arguments.h:21[m[K,
[3.736s]                  from [01m[K/opt/ros/humble/include/rcl/rcl/context.h:28[m[K,
[3.736s]                  from [01m[K/opt/ros/humble/include/rcl/rcl/guard_condition.h:26[m[K,
[3.736s]                  from [01m[K/opt/ros/humble/include/rclcpp/rclcpp/executor.hpp:30[m[K,
[3.736s]                  from [01m[K/opt/ros/humble/include/rclcpp/rclcpp/executors/multi_threaded_executor.hpp:25[m[K,
[3.736s]                  from [01m[K/opt/ros/humble/include/rclcpp/rclcpp/executors.hpp:21[m[K,
[3.736s]                  from [01m[K/opt/ros/humble/include/rclcpp/rclcpp/rclcpp.hpp:155[m[K,
[3.736s]                  from [01m[K/home/pi/turtlebot3_ws/src/wall_follower/include/wall_follower/wall_follower.hpp:25[m[K,
[3.736s]                  from [01m[K/home/pi/turtlebot3_ws/src/wall_follower/src/wall_follower.cpp:24[m[K:
[3.736s] [01m[K/opt/ros/humble/include/rcutils/rcutils/logging.h:479:16:[m[K [01;36m[Knote: [m[K  initializing argument 4 of ‘[01m[Kvoid rcutils_log(const rcutils_log_location_t*, int, const char*, const char*, ...)[m[K’
[3.736s]   479 |   [01;36m[Kconst char * format[m[K,
[3.736s]       |   [01;36m[K~~~~~~~~~~~~~^~~~~~[m[K
[3.736s] In file included from [01m[K/opt/ros/humble/include/rclcpp/rclcpp/logging.hpp:24[m[K,
[3.736s]                  from [01m[K/opt/ros/humble/include/rclcpp/rclcpp/client.hpp:40[m[K,
[3.736s]                  from [01m[K/opt/ros/humble/include/rclcpp/rclcpp/callback_group.hpp:24[m[K,
[3.736s]                  from [01m[K/opt/ros/humble/include/rclcpp/rclcpp/any_executable.hpp:20[m[K,
[3.736s]                  from [01m[K/opt/ros/humble/include/rclcpp/rclcpp/memory_strategy.hpp:25[m[K,
[3.736s]                  from [01m[K/opt/ros/humble/include/rclcpp/rclcpp/memory_strategies.hpp:18[m[K,
[3.736s]                  from [01m[K/opt/ros/humble/include/rclcpp/rclcpp/executor_options.hpp:20[m[K,
[3.736s]                  from [01m[K/opt/ros/humble/include/rclcpp/rclcpp/executor.hpp:37[m[K,
[3.737s]                  from [01m[K/opt/ros/humble/include/rclcpp/rclcpp/executors/multi_threaded_executor.hpp:25[m[K,
[3.737s]                  from [01m[K/opt/ros/humble/include/rclcpp/rclcpp/executors.hpp:21[m[K,
[3.737s]                  from [01m[K/opt/ros/humble/include/rclcpp/rclcpp/rclcpp.hpp:155[m[K,
[3.737s]                  from [01m[K/home/pi/turtlebot3_ws/src/wall_follower/include/wall_follower/wall_follower.hpp:25[m[K,
[3.737s]                  from [01m[K/home/pi/turtlebot3_ws/src/wall_follower/src/wall_follower.cpp:24[m[K:
[3.737s] [01m[K/home/pi/turtlebot3_ws/src/wall_follower/src/wall_follower.cpp:398:57:[m[K [01;31m[Kerror: [m[Kcannot convert ‘[01m[Kstd::string[m[K’ {aka ‘[01m[Kstd::__cxx11::basic_string<char>[m[K’} to ‘[01m[Kconst char*[m[K’
[3.737s]   398 |                         RCLCPP_INFO(this->get_logger(), [01;31m[Kprint7[m[K);
[3.737s]       |                                                         [01;31m[K^~~~~~[m[K
[3.737s]       |                                                         [01;31m[K|[m[K
[3.737s]       |                                                         [01;31m[Kstd::string {aka std::__cxx11::basic_string<char>}[m[K
[3.737s] In file included from [01m[K/opt/ros/humble/include/rmw/rmw/types.h:28[m[K,
[3.737s]                  from [01m[K/opt/ros/humble/include/rcl/rcl/types.h:20[m[K,
[3.737s]                  from [01m[K/opt/ros/humble/include/rcl/rcl/log_level.h:22[m[K,
[3.737s]                  from [01m[K/opt/ros/humble/include/rcl/rcl/arguments.h:21[m[K,
[3.737s]                  from [01m[K/opt/ros/humble/include/rcl/rcl/context.h:28[m[K,
[3.737s]                  from [01m[K/opt/ros/humble/include/rcl/rcl/guard_condition.h:26[m[K,
[3.737s]                  from [01m[K/opt/ros/humble/include/rclcpp/rclcpp/executor.hpp:30[m[K,
[3.737s]                  from [01m[K/opt/ros/humble/include/rclcpp/rclcpp/executors/multi_threaded_executor.hpp:25[m[K,
[3.737s]                  from [01m[K/opt/ros/humble/include/rclcpp/rclcpp/executors.hpp:21[m[K,
[3.737s]                  from [01m[K/opt/ros/humble/include/rclcpp/rclcpp/rclcpp.hpp:155[m[K,
[3.737s]                  from [01m[K/home/pi/turtlebot3_ws/src/wall_follower/include/wall_follower/wall_follower.hpp:25[m[K,
[3.737s]                  from [01m[K/home/pi/turtlebot3_ws/src/wall_follower/src/wall_follower.cpp:24[m[K:
[3.737s] [01m[K/opt/ros/humble/include/rcutils/rcutils/logging.h:479:16:[m[K [01;36m[Knote: [m[K  initializing argument 4 of ‘[01m[Kvoid rcutils_log(const rcutils_log_location_t*, int, const char*, const char*, ...)[m[K’
[3.737s]   479 |   [01;36m[Kconst char * format[m[K,
[3.737s]       |   [01;36m[K~~~~~~~~~~~~~^~~~~~[m[K
[7.428s] gmake[2]: *** [CMakeFiles/wall_follower.dir/build.make:76: CMakeFiles/wall_follower.dir/src/wall_follower.cpp.o] Error 1
[7.428s] gmake[1]: *** [CMakeFiles/Makefile2:140: CMakeFiles/wall_follower.dir/all] Error 2
[7.428s] gmake: *** [Makefile:146: all] Error 2
[7.428s] Invoked command in '/home/pi/turtlebot3_ws/build/wall_follower' returned '2': CMAKE_PREFIX_PATH=${CMAKE_PREFIX_PATH}:/home/pi/turtlebot3_ws/install/turtlebot3_teleop:/home/pi/turtlebot3_ws/install/turtlebot3_example:/opt/ros/humble /usr/bin/cmake --build /home/pi/turtlebot3_ws/build/wall_follower -- -j4 -l4
