[0.042s] Invoking command in '/home/pi/turtlebot3_ws/build/turtlebot3_gazebo': CMAKE_PREFIX_PATH=${CMAKE_PREFIX_PATH}:/home/pi/turtlebot3_ws/install/turtlebot3_teleop:/home/pi/turtlebot3_ws/install/turtlebot3_example:/opt/ros/humble /usr/bin/cmake --build /home/pi/turtlebot3_ws/build/turtlebot3_gazebo -- -j2 -l2
[0.464s] [ 16%] Built target turtlebot3_drive
[0.803s] [ 33%] Built target traffic_light_plugin
[0.964s] [ 50%] Built target traffic_bar_plugin
[1.274s] [ 66%] Built target obstacle1
[1.504s] [ 83%] Built target obstacle2
[1.809s] [100%] Built target obstacles
[1.881s] Invoked command in '/home/pi/turtlebot3_ws/build/turtlebot3_gazebo' returned '0': CMAKE_PREFIX_PATH=${CMAKE_PREFIX_PATH}:/home/pi/turtlebot3_ws/install/turtlebot3_teleop:/home/pi/turtlebot3_ws/install/turtlebot3_example:/opt/ros/humble /usr/bin/cmake --build /home/pi/turtlebot3_ws/build/turtlebot3_gazebo -- -j2 -l2
[1.903s] Invoking command in '/home/pi/turtlebot3_ws/build/turtlebot3_gazebo': CMAKE_PREFIX_PATH=${CMAKE_PREFIX_PATH}:/home/pi/turtlebot3_ws/install/turtlebot3_teleop:/home/pi/turtlebot3_ws/install/turtlebot3_example:/opt/ros/humble /usr/bin/cmake --install /home/pi/turtlebot3_ws/build/turtlebot3_gazebo
[1.946s] -- Install configuration: ""
[1.947s] -- Execute custom install script
[1.956s] -- Up-to-date symlink: /home/pi/turtlebot3_ws/install/turtlebot3_gazebo/lib/turtlebot3_gazebo/turtlebot3_drive
[1.957s] -- Up-to-date symlink: /home/pi/turtlebot3_ws/install/turtlebot3_gazebo/share/turtlebot3_gazebo//launch/empty_world.launch.py
[1.957s] -- Up-to-date symlink: /home/pi/turtlebot3_ws/install/turtlebot3_gazebo/share/turtlebot3_gazebo//launch/multi_robot.launch.py
[1.958s] -- Up-to-date symlink: /home/pi/turtlebot3_ws/install/turtlebot3_gazebo/share/turtlebot3_gazebo//launch/multi_spawn_turtlebot3.launch.py
[1.988s] -- Up-to-date symlink: /home/pi/turtlebot3_ws/install/turtlebot3_gazebo/share/turtlebot3_gazebo//launch/robot_state_publisher.launch.py
[1.989s] -- Up-to-date symlink: /home/pi/turtlebot3_ws/install/turtlebot3_gazebo/share/turtlebot3_gazebo//launch/spawn_turtlebot3.launch.py
[2.004s] -- Up-to-date symlink: /home/pi/turtlebot3_ws/install/turtlebot3_gazebo/share/turtlebot3_gazebo//launch/turtlebot3_autorace_2020.launch.py
[2.004s] -- Up-to-date symlink: /home/pi/turtlebot3_ws/install/turtlebot3_gazebo/share/turtlebot3_gazebo//launch/turtlebot3_dqn_stage1.launch.py
[2.014s] -- Up-to-date symlink: /home/pi/turtlebot3_ws/install/turtlebot3_gazebo/share/turtlebot3_gazebo//launch/turtlebot3_dqn_stage2.launch.py
[2.018s] -- Up-to-date symlink: /home/pi/turtlebot3_ws/install/turtlebot3_gazebo/share/turtlebot3_gazebo//launch/turtlebot3_dqn_stage3.launch.py
[2.047s] -- Up-to-date symlink: /home/pi/turtlebot3_ws/install/turtlebot3_gazebo/share/turtlebot3_gazebo//launch/turtlebot3_dqn_stage4.launch.py
[2.065s] -- Up-to-date symlink: /home/pi/turtlebot3_ws/install/turtlebot3_gazebo/share/turtlebot3_gazebo//launch/turtlebot3_house.launch.py
[2.067s] -- Up-to-date symlink: /home/pi/turtlebot3_ws/install/turtlebot3_gazebo/share/turtlebot3_gazebo//launch/turtlebot3_maze.launch.py
[2.084s] -- Up-to-date symlink: /home/pi/turtlebot3_ws/install/turtlebot3_gazebo/share/turtlebot3_gazebo//launch/turtlebot3_world.launch.py
[2.221s] -- Up-to-date symlink: /home/pi/turtlebot3_ws/install/turtlebot3_gazebo/share/turtlebot3_gazebo//models/blue_on_pink_marker/model.config
[2.228s] -- Up-to-date symlink: /home/pi/turtlebot3_ws/install/turtlebot3_gazebo/share/turtlebot3_gazebo//models/blue_on_pink_marker/model.sdf
[2.228s] -- Up-to-date symlink: /home/pi/turtlebot3_ws/install/turtlebot3_gazebo/share/turtlebot3_gazebo//models/blue_on_pink_marker/model.sdf~
[2.228s] -- Up-to-date symlink: /home/pi/turtlebot3_ws/install/turtlebot3_gazebo/share/turtlebot3_gazebo//models/enclosure/model.config
[2.229s] -- Up-to-date symlink: /home/pi/turtlebot3_ws/install/turtlebot3_gazebo/share/turtlebot3_gazebo//models/enclosure/model.sdf
[2.229s] -- Up-to-date symlink: /home/pi/turtlebot3_ws/install/turtlebot3_gazebo/share/turtlebot3_gazebo//models/enclosure/model.sdf~
[2.229s] -- Up-to-date symlink: /home/pi/turtlebot3_ws/install/turtlebot3_gazebo/share/turtlebot3_gazebo//models/green_on_pink_marker/model.config
[2.229s] -- Up-to-date symlink: /home/pi/turtlebot3_ws/install/turtlebot3_gazebo/share/turtlebot3_gazebo//models/green_on_pink_marker/model.sdf
[2.236s] -- Up-to-date symlink: /home/pi/turtlebot3_ws/install/turtlebot3_gazebo/share/turtlebot3_gazebo//models/green_on_pink_marker/model.sdf~
[2.236s] -- Up-to-date symlink: /home/pi/turtlebot3_ws/install/turtlebot3_gazebo/share/turtlebot3_gazebo//models/maze2/model.config
[2.237s] -- Up-to-date symlink: /home/pi/turtlebot3_ws/install/turtlebot3_gazebo/share/turtlebot3_gazebo//models/maze2/model.sdf
[2.244s] -- Up-to-date symlink: /home/pi/turtlebot3_ws/install/turtlebot3_gazebo/share/turtlebot3_gazebo//models/pink_on_blue_marker/model.config
[2.245s] -- Up-to-date symlink: /home/pi/turtlebot3_ws/install/turtlebot3_gazebo/share/turtlebot3_gazebo//models/pink_on_blue_marker/model.sdf
[2.246s] -- Up-to-date symlink: /home/pi/turtlebot3_ws/install/turtlebot3_gazebo/share/turtlebot3_gazebo//models/pink_on_blue_marker/model.sdf~
[2.249s] -- Up-to-date symlink: /home/pi/turtlebot3_ws/install/turtlebot3_gazebo/share/turtlebot3_gazebo//models/pink_on_green_marker/model.config
[2.249s] -- Up-to-date symlink: /home/pi/turtlebot3_ws/install/turtlebot3_gazebo/share/turtlebot3_gazebo//models/pink_on_green_marker/model.sdf
[2.249s] -- Up-to-date symlink: /home/pi/turtlebot3_ws/install/turtlebot3_gazebo/share/turtlebot3_gazebo//models/pink_on_green_marker/model.sdf~
[2.318s] -- Up-to-date symlink: /home/pi/turtlebot3_ws/install/turtlebot3_gazebo/share/turtlebot3_gazebo//models/pink_on_yellow_marker/model.config
[2.318s] -- Up-to-date symlink: /home/pi/turtlebot3_ws/install/turtlebot3_gazebo/share/turtlebot3_gazebo//models/pink_on_yellow_marker/model.sdf
[2.322s] -- Up-to-date symlink: /home/pi/turtlebot3_ws/install/turtlebot3_gazebo/share/turtlebot3_gazebo//models/pink_on_yellow_marker/model.sdf~
[2.341s] -- Up-to-date symlink: /home/pi/turtlebot3_ws/install/turtlebot3_gazebo/share/turtlebot3_gazebo//models/turtlebot3_autorace_2020/checker/materials/checker.png
[2.341s] -- Up-to-date symlink: /home/pi/turtlebot3_ws/install/turtlebot3_gazebo/share/turtlebot3_gazebo//models/turtlebot3_autorace_2020/checker/materials/scripts/checker.material
[2.341s] -- Up-to-date symlink: /home/pi/turtlebot3_ws/install/turtlebot3_gazebo/share/turtlebot3_gazebo//models/turtlebot3_autorace_2020/checker/materials/textures/checker.png
[2.346s] -- Up-to-date symlink: /home/pi/turtlebot3_ws/install/turtlebot3_gazebo/share/turtlebot3_gazebo//models/turtlebot3_autorace_2020/checker/model.config
[2.346s] -- Up-to-date symlink: /home/pi/turtlebot3_ws/install/turtlebot3_gazebo/share/turtlebot3_gazebo//models/turtlebot3_autorace_2020/checker/model.sdf
[2.355s] -- Up-to-date symlink: /home/pi/turtlebot3_ws/install/turtlebot3_gazebo/share/turtlebot3_gazebo//models/turtlebot3_autorace_2020/course/materials/scripts/course.material
[2.359s] -- Up-to-date symlink: /home/pi/turtlebot3_ws/install/turtlebot3_gazebo/share/turtlebot3_gazebo//models/turtlebot3_autorace_2020/course/materials/textures/course.png
[2.359s] -- Up-to-date symlink: /home/pi/turtlebot3_ws/install/turtlebot3_gazebo/share/turtlebot3_gazebo//models/turtlebot3_autorace_2020/course/model.config
[2.360s] -- Up-to-date symlink: /home/pi/turtlebot3_ws/install/turtlebot3_gazebo/share/turtlebot3_gazebo//models/turtlebot3_autorace_2020/course/model.sdf
[2.364s] -- Up-to-date symlink: /home/pi/turtlebot3_ws/install/turtlebot3_gazebo/share/turtlebot3_gazebo//models/turtlebot3_autorace_2020/traffic_bar/materials/scripts/traffic_bar.material
[2.365s] -- Up-to-date symlink: /home/pi/turtlebot3_ws/install/turtlebot3_gazebo/share/turtlebot3_gazebo//models/turtlebot3_autorace_2020/traffic_bar/materials/textures/traffic_bar.png
[2.366s] -- Up-to-date symlink: /home/pi/turtlebot3_ws/install/turtlebot3_gazebo/share/turtlebot3_gazebo//models/turtlebot3_autorace_2020/traffic_bar/model.config
[2.367s] -- Up-to-date symlink: /home/pi/turtlebot3_ws/install/turtlebot3_gazebo/share/turtlebot3_gazebo//models/turtlebot3_autorace_2020/traffic_bar/model.sdf
[2.370s] -- Up-to-date symlink: /home/pi/turtlebot3_ws/install/turtlebot3_gazebo/share/turtlebot3_gazebo//models/turtlebot3_autorace_2020/traffic_construction/materials/scripts/traffic_construction.material
[2.371s] -- Up-to-date symlink: /home/pi/turtlebot3_ws/install/turtlebot3_gazebo/share/turtlebot3_gazebo//models/turtlebot3_autorace_2020/traffic_construction/materials/textures/traffic_construction.png
[2.373s] -- Up-to-date symlink: /home/pi/turtlebot3_ws/install/turtlebot3_gazebo/share/turtlebot3_gazebo//models/turtlebot3_autorace_2020/traffic_construction/model.config
[2.374s] -- Up-to-date symlink: /home/pi/turtlebot3_ws/install/turtlebot3_gazebo/share/turtlebot3_gazebo//models/turtlebot3_autorace_2020/traffic_construction/model.sdf
[2.376s] -- Up-to-date symlink: /home/pi/turtlebot3_ws/install/turtlebot3_gazebo/share/turtlebot3_gazebo//models/turtlebot3_autorace_2020/traffic_intersection/materials/scripts/traffic_intersection.material
[2.379s] -- Up-to-date symlink: /home/pi/turtlebot3_ws/install/turtlebot3_gazebo/share/turtlebot3_gazebo//models/turtlebot3_autorace_2020/traffic_intersection/materials/textures/traffic_intersection.png
[2.379s] -- Up-to-date symlink: /home/pi/turtlebot3_ws/install/turtlebot3_gazebo/share/turtlebot3_gazebo//models/turtlebot3_autorace_2020/traffic_intersection/model.config
[2.380s] -- Up-to-date symlink: /home/pi/turtlebot3_ws/install/turtlebot3_gazebo/share/turtlebot3_gazebo//models/turtlebot3_autorace_2020/traffic_intersection/model.sdf
[2.383s] -- Up-to-date symlink: /home/pi/turtlebot3_ws/install/turtlebot3_gazebo/share/turtlebot3_gazebo//models/turtlebot3_autorace_2020/traffic_left/materials/scripts/traffic_is_left.material
[2.384s] -- Up-to-date symlink: /home/pi/turtlebot3_ws/install/turtlebot3_gazebo/share/turtlebot3_gazebo//models/turtlebot3_autorace_2020/traffic_left/materials/textures/traffic_left.png
[2.385s] -- Up-to-date symlink: /home/pi/turtlebot3_ws/install/turtlebot3_gazebo/share/turtlebot3_gazebo//models/turtlebot3_autorace_2020/traffic_left/model.config
[2.386s] -- Up-to-date symlink: /home/pi/turtlebot3_ws/install/turtlebot3_gazebo/share/turtlebot3_gazebo//models/turtlebot3_autorace_2020/traffic_left/model.sdf
[2.391s] -- Up-to-date symlink: /home/pi/turtlebot3_ws/install/turtlebot3_gazebo/share/turtlebot3_gazebo//models/turtlebot3_autorace_2020/traffic_light/materials/scripts/traffic_light.material
[2.392s] -- Up-to-date symlink: /home/pi/turtlebot3_ws/install/turtlebot3_gazebo/share/turtlebot3_gazebo//models/turtlebot3_autorace_2020/traffic_light/materials/textures/traffic_light.png
[2.393s] -- Up-to-date symlink: /home/pi/turtlebot3_ws/install/turtlebot3_gazebo/share/turtlebot3_gazebo//models/turtlebot3_autorace_2020/traffic_light/materials/textures/traffic_light_green.png
[2.395s] -- Up-to-date symlink: /home/pi/turtlebot3_ws/install/turtlebot3_gazebo/share/turtlebot3_gazebo//models/turtlebot3_autorace_2020/traffic_light/materials/textures/traffic_light_red.png
[2.395s] -- Up-to-date symlink: /home/pi/turtlebot3_ws/install/turtlebot3_gazebo/share/turtlebot3_gazebo//models/turtlebot3_autorace_2020/traffic_light/materials/textures/traffic_light_yellow.png
[2.397s] -- Up-to-date symlink: /home/pi/turtlebot3_ws/install/turtlebot3_gazebo/share/turtlebot3_gazebo//models/turtlebot3_autorace_2020/traffic_light/model.config
[2.398s] -- Up-to-date symlink: /home/pi/turtlebot3_ws/install/turtlebot3_gazebo/share/turtlebot3_gazebo//models/turtlebot3_autorace_2020/traffic_light/model.sdf
[2.402s] -- Up-to-date symlink: /home/pi/turtlebot3_ws/install/turtlebot3_gazebo/share/turtlebot3_gazebo//models/turtlebot3_autorace_2020/traffic_noentry/materials/scripts/traffic_noentry.material
[2.404s] -- Up-to-date symlink: /home/pi/turtlebot3_ws/install/turtlebot3_gazebo/share/turtlebot3_gazebo//models/turtlebot3_autorace_2020/traffic_noentry/materials/textures/traffic_noentry.png
[2.406s] -- Up-to-date symlink: /home/pi/turtlebot3_ws/install/turtlebot3_gazebo/share/turtlebot3_gazebo//models/turtlebot3_autorace_2020/traffic_noentry/model.config
[2.408s] -- Up-to-date symlink: /home/pi/turtlebot3_ws/install/turtlebot3_gazebo/share/turtlebot3_gazebo//models/turtlebot3_autorace_2020/traffic_noentry/model.sdf
[2.410s] -- Up-to-date symlink: /home/pi/turtlebot3_ws/install/turtlebot3_gazebo/share/turtlebot3_gazebo//models/turtlebot3_autorace_2020/traffic_parking/materials/scripts/traffic_parking.material
[2.412s] -- Up-to-date symlink: /home/pi/turtlebot3_ws/install/turtlebot3_gazebo/share/turtlebot3_gazebo//models/turtlebot3_autorace_2020/traffic_parking/materials/textures/traffic_parking.png
[2.414s] -- Up-to-date symlink: /home/pi/turtlebot3_ws/install/turtlebot3_gazebo/share/turtlebot3_gazebo//models/turtlebot3_autorace_2020/traffic_parking/model.config
[2.414s] -- Up-to-date symlink: /home/pi/turtlebot3_ws/install/turtlebot3_gazebo/share/turtlebot3_gazebo//models/turtlebot3_autorace_2020/traffic_parking/model.sdf
[2.418s] -- Up-to-date symlink: /home/pi/turtlebot3_ws/install/turtlebot3_gazebo/share/turtlebot3_gazebo//models/turtlebot3_autorace_2020/traffic_pl_left/materials/scripts/traffic_pl_left.material
[2.419s] -- Up-to-date symlink: /home/pi/turtlebot3_ws/install/turtlebot3_gazebo/share/turtlebot3_gazebo//models/turtlebot3_autorace_2020/traffic_pl_left/materials/textures/traffic_pl_left.png
[2.420s] -- Up-to-date symlink: /home/pi/turtlebot3_ws/install/turtlebot3_gazebo/share/turtlebot3_gazebo//models/turtlebot3_autorace_2020/traffic_pl_left/model.config
[2.421s] -- Up-to-date symlink: /home/pi/turtlebot3_ws/install/turtlebot3_gazebo/share/turtlebot3_gazebo//models/turtlebot3_autorace_2020/traffic_pl_left/model.sdf
[2.425s] -- Up-to-date symlink: /home/pi/turtlebot3_ws/install/turtlebot3_gazebo/share/turtlebot3_gazebo//models/turtlebot3_autorace_2020/traffic_right/materials/scripts/traffic_right.material
[2.427s] -- Up-to-date symlink: /home/pi/turtlebot3_ws/install/turtlebot3_gazebo/share/turtlebot3_gazebo//models/turtlebot3_autorace_2020/traffic_right/materials/textures/traffic_right.png
[2.428s] -- Up-to-date symlink: /home/pi/turtlebot3_ws/install/turtlebot3_gazebo/share/turtlebot3_gazebo//models/turtlebot3_autorace_2020/traffic_right/model.config
[2.430s] -- Up-to-date symlink: /home/pi/turtlebot3_ws/install/turtlebot3_gazebo/share/turtlebot3_gazebo//models/turtlebot3_autorace_2020/traffic_right/model.sdf
[2.433s] -- Up-to-date symlink: /home/pi/turtlebot3_ws/install/turtlebot3_gazebo/share/turtlebot3_gazebo//models/turtlebot3_autorace_2020/traffic_stop/materials/scripts/traffic_stop.material
[2.434s] -- Up-to-date symlink: /home/pi/turtlebot3_ws/install/turtlebot3_gazebo/share/turtlebot3_gazebo//models/turtlebot3_autorace_2020/traffic_stop/materials/textures/traffic_stop.png
[2.435s] -- Up-to-date symlink: /home/pi/turtlebot3_ws/install/turtlebot3_gazebo/share/turtlebot3_gazebo//models/turtlebot3_autorace_2020/traffic_stop/model.config
[2.436s] -- Up-to-date symlink: /home/pi/turtlebot3_ws/install/turtlebot3_gazebo/share/turtlebot3_gazebo//models/turtlebot3_autorace_2020/traffic_stop/model.sdf
[2.439s] -- Up-to-date symlink: /home/pi/turtlebot3_ws/install/turtlebot3_gazebo/share/turtlebot3_gazebo//models/turtlebot3_autorace_2020/traffic_tunnel/materials/scripts/tunnel.material
[2.441s] -- Up-to-date symlink: /home/pi/turtlebot3_ws/install/turtlebot3_gazebo/share/turtlebot3_gazebo//models/turtlebot3_autorace_2020/traffic_tunnel/materials/textures/tunnel.png
[2.442s] -- Up-to-date symlink: /home/pi/turtlebot3_ws/install/turtlebot3_gazebo/share/turtlebot3_gazebo//models/turtlebot3_autorace_2020/traffic_tunnel/model.config
[2.442s] -- Up-to-date symlink: /home/pi/turtlebot3_ws/install/turtlebot3_gazebo/share/turtlebot3_gazebo//models/turtlebot3_autorace_2020/traffic_tunnel/model.sdf
[2.444s] -- Up-to-date symlink: /home/pi/turtlebot3_ws/install/turtlebot3_gazebo/share/turtlebot3_gazebo//models/turtlebot3_burger/model-1_4.sdf
[2.445s] -- Up-to-date symlink: /home/pi/turtlebot3_ws/install/turtlebot3_gazebo/share/turtlebot3_gazebo//models/turtlebot3_burger/model.config
[2.445s] -- Up-to-date symlink: /home/pi/turtlebot3_ws/install/turtlebot3_gazebo/share/turtlebot3_gazebo//models/turtlebot3_burger/model.sdf
[2.447s] -- Up-to-date symlink: /home/pi/turtlebot3_ws/install/turtlebot3_gazebo/share/turtlebot3_gazebo//models/turtlebot3_burger_cam/model-1_4.sdf
[2.448s] -- Up-to-date symlink: /home/pi/turtlebot3_ws/install/turtlebot3_gazebo/share/turtlebot3_gazebo//models/turtlebot3_burger_cam/model.config
[2.452s] -- Up-to-date symlink: /home/pi/turtlebot3_ws/install/turtlebot3_gazebo/share/turtlebot3_gazebo//models/turtlebot3_burger_cam/model.sdf
[2.455s] -- Up-to-date symlink: /home/pi/turtlebot3_ws/install/turtlebot3_gazebo/share/turtlebot3_gazebo//models/turtlebot3_common/meshes/bases/burger_base.stl
[2.455s] -- Up-to-date symlink: /home/pi/turtlebot3_ws/install/turtlebot3_gazebo/share/turtlebot3_gazebo//models/turtlebot3_common/meshes/bases/waffle_base.stl
[2.456s] -- Up-to-date symlink: /home/pi/turtlebot3_ws/install/turtlebot3_gazebo/share/turtlebot3_gazebo//models/turtlebot3_common/meshes/bases/waffle_pi_base.stl
[2.457s] -- Up-to-date symlink: /home/pi/turtlebot3_ws/install/turtlebot3_gazebo/share/turtlebot3_gazebo//models/turtlebot3_common/meshes/burger_base.dae
[2.459s] -- Up-to-date symlink: /home/pi/turtlebot3_ws/install/turtlebot3_gazebo/share/turtlebot3_gazebo//models/turtlebot3_common/meshes/lds.dae
[2.459s] -- Up-to-date symlink: /home/pi/turtlebot3_ws/install/turtlebot3_gazebo/share/turtlebot3_gazebo//models/turtlebot3_common/meshes/r200.dae
[2.460s] -- Up-to-date symlink: /home/pi/turtlebot3_ws/install/turtlebot3_gazebo/share/turtlebot3_gazebo//models/turtlebot3_common/meshes/sensors/astra.dae
[2.461s] -- Up-to-date symlink: /home/pi/turtlebot3_ws/install/turtlebot3_gazebo/share/turtlebot3_gazebo//models/turtlebot3_common/meshes/sensors/astra.jpg
[2.462s] -- Up-to-date symlink: /home/pi/turtlebot3_ws/install/turtlebot3_gazebo/share/turtlebot3_gazebo//models/turtlebot3_common/meshes/sensors/lds.stl
[2.463s] -- Up-to-date symlink: /home/pi/turtlebot3_ws/install/turtlebot3_gazebo/share/turtlebot3_gazebo//models/turtlebot3_common/meshes/sensors/r200.dae
[2.465s] -- Up-to-date symlink: /home/pi/turtlebot3_ws/install/turtlebot3_gazebo/share/turtlebot3_gazebo//models/turtlebot3_common/meshes/sensors/r200.jpg
[2.466s] -- Up-to-date symlink: /home/pi/turtlebot3_ws/install/turtlebot3_gazebo/share/turtlebot3_gazebo//models/turtlebot3_common/meshes/tire.dae
[2.467s] -- Up-to-date symlink: /home/pi/turtlebot3_ws/install/turtlebot3_gazebo/share/turtlebot3_gazebo//models/turtlebot3_common/meshes/waffle_base.dae
[2.469s] -- Up-to-date symlink: /home/pi/turtlebot3_ws/install/turtlebot3_gazebo/share/turtlebot3_gazebo//models/turtlebot3_common/meshes/waffle_pi_base.dae
[2.471s] -- Up-to-date symlink: /home/pi/turtlebot3_ws/install/turtlebot3_gazebo/share/turtlebot3_gazebo//models/turtlebot3_common/meshes/wheels/left_tire.stl
[2.472s] -- Up-to-date symlink: /home/pi/turtlebot3_ws/install/turtlebot3_gazebo/share/turtlebot3_gazebo//models/turtlebot3_common/meshes/wheels/right_tire.stl
[2.474s] -- Up-to-date symlink: /home/pi/turtlebot3_ws/install/turtlebot3_gazebo/share/turtlebot3_gazebo//models/turtlebot3_common/model.config
[2.476s] -- Up-to-date symlink: /home/pi/turtlebot3_ws/install/turtlebot3_gazebo/share/turtlebot3_gazebo//models/turtlebot3_dqn_world/goal_box/model.config
[2.478s] -- Up-to-date symlink: /home/pi/turtlebot3_ws/install/turtlebot3_gazebo/share/turtlebot3_gazebo//models/turtlebot3_dqn_world/goal_box/model.sdf
[2.481s] -- Up-to-date symlink: /home/pi/turtlebot3_ws/install/turtlebot3_gazebo/share/turtlebot3_gazebo//models/turtlebot3_dqn_world/inner_walls/model.config
[2.481s] -- Up-to-date symlink: /home/pi/turtlebot3_ws/install/turtlebot3_gazebo/share/turtlebot3_gazebo//models/turtlebot3_dqn_world/inner_walls/model.sdf
[2.483s] -- Up-to-date symlink: /home/pi/turtlebot3_ws/install/turtlebot3_gazebo/share/turtlebot3_gazebo//models/turtlebot3_dqn_world/model.config
[2.485s] -- Up-to-date symlink: /home/pi/turtlebot3_ws/install/turtlebot3_gazebo/share/turtlebot3_gazebo//models/turtlebot3_dqn_world/model.sdf
[2.488s] -- Up-to-date symlink: /home/pi/turtlebot3_ws/install/turtlebot3_gazebo/share/turtlebot3_gazebo//models/turtlebot3_dqn_world/obstacle1/model.config
[2.491s] -- Up-to-date symlink: /home/pi/turtlebot3_ws/install/turtlebot3_gazebo/share/turtlebot3_gazebo//models/turtlebot3_dqn_world/obstacle1/model.sdf
[2.498s] -- Up-to-date symlink: /home/pi/turtlebot3_ws/install/turtlebot3_gazebo/share/turtlebot3_gazebo//models/turtlebot3_dqn_world/obstacle2/model.config
[2.498s] -- Up-to-date symlink: /home/pi/turtlebot3_ws/install/turtlebot3_gazebo/share/turtlebot3_gazebo//models/turtlebot3_dqn_world/obstacle2/model.sdf
[2.498s] -- Up-to-date symlink: /home/pi/turtlebot3_ws/install/turtlebot3_gazebo/share/turtlebot3_gazebo//models/turtlebot3_dqn_world/obstacles/model.config
[2.499s] -- Up-to-date symlink: /home/pi/turtlebot3_ws/install/turtlebot3_gazebo/share/turtlebot3_gazebo//models/turtlebot3_dqn_world/obstacles/model.sdf
[2.500s] -- Up-to-date symlink: /home/pi/turtlebot3_ws/install/turtlebot3_gazebo/share/turtlebot3_gazebo//models/turtlebot3_house/model.config
[2.502s] -- Up-to-date symlink: /home/pi/turtlebot3_ws/install/turtlebot3_gazebo/share/turtlebot3_gazebo//models/turtlebot3_house/model.sdf
[2.504s] -- Up-to-date symlink: /home/pi/turtlebot3_ws/install/turtlebot3_gazebo/share/turtlebot3_gazebo//models/turtlebot3_maze/model (copy 1).sdf
[2.505s] -- Up-to-date symlink: /home/pi/turtlebot3_ws/install/turtlebot3_gazebo/share/turtlebot3_gazebo//models/turtlebot3_maze/model.config
[2.506s] -- Up-to-date symlink: /home/pi/turtlebot3_ws/install/turtlebot3_gazebo/share/turtlebot3_gazebo//models/turtlebot3_maze/model.sdf
[2.507s] -- Up-to-date symlink: /home/pi/turtlebot3_ws/install/turtlebot3_gazebo/share/turtlebot3_gazebo//models/turtlebot3_maze/model.sdf~
[2.509s] -- Up-to-date symlink: /home/pi/turtlebot3_ws/install/turtlebot3_gazebo/share/turtlebot3_gazebo//models/turtlebot3_waffle/model-1_4.sdf
[2.510s] -- Up-to-date symlink: /home/pi/turtlebot3_ws/install/turtlebot3_gazebo/share/turtlebot3_gazebo//models/turtlebot3_waffle/model.config
[2.511s] -- Up-to-date symlink: /home/pi/turtlebot3_ws/install/turtlebot3_gazebo/share/turtlebot3_gazebo//models/turtlebot3_waffle/model.sdf
[2.513s] -- Up-to-date symlink: /home/pi/turtlebot3_ws/install/turtlebot3_gazebo/share/turtlebot3_gazebo//models/turtlebot3_waffle_pi/model-1_4_.sdf
[2.518s] -- Up-to-date symlink: /home/pi/turtlebot3_ws/install/turtlebot3_gazebo/share/turtlebot3_gazebo//models/turtlebot3_waffle_pi/model.config
[2.518s] -- Up-to-date symlink: /home/pi/turtlebot3_ws/install/turtlebot3_gazebo/share/turtlebot3_gazebo//models/turtlebot3_waffle_pi/model.sdf
[2.521s] -- Up-to-date symlink: /home/pi/turtlebot3_ws/install/turtlebot3_gazebo/share/turtlebot3_gazebo//models/turtlebot3_world/meshes/hexagon.dae
[2.529s] -- Up-to-date symlink: /home/pi/turtlebot3_ws/install/turtlebot3_gazebo/share/turtlebot3_gazebo//models/turtlebot3_world/meshes/wall.dae
[2.529s] -- Up-to-date symlink: /home/pi/turtlebot3_ws/install/turtlebot3_gazebo/share/turtlebot3_gazebo//models/turtlebot3_world/model-1_4.sdf
[2.530s] -- Up-to-date symlink: /home/pi/turtlebot3_ws/install/turtlebot3_gazebo/share/turtlebot3_gazebo//models/turtlebot3_world/model.config
[2.531s] -- Up-to-date symlink: /home/pi/turtlebot3_ws/install/turtlebot3_gazebo/share/turtlebot3_gazebo//models/turtlebot3_world/model.sdf
[2.533s] -- Up-to-date symlink: /home/pi/turtlebot3_ws/install/turtlebot3_gazebo/share/turtlebot3_gazebo//models/wall_section/model.config
[2.534s] -- Up-to-date symlink: /home/pi/turtlebot3_ws/install/turtlebot3_gazebo/share/turtlebot3_gazebo//models/wall_section/model.sdf
[2.535s] -- Up-to-date symlink: /home/pi/turtlebot3_ws/install/turtlebot3_gazebo/share/turtlebot3_gazebo//models/wall_section/model.sdf~
[2.537s] -- Up-to-date symlink: /home/pi/turtlebot3_ws/install/turtlebot3_gazebo/share/turtlebot3_gazebo//models/yellow_on_pink_marker/model.config
[2.538s] -- Up-to-date symlink: /home/pi/turtlebot3_ws/install/turtlebot3_gazebo/share/turtlebot3_gazebo//models/yellow_on_pink_marker/model.sdf
[2.541s] -- Up-to-date symlink: /home/pi/turtlebot3_ws/install/turtlebot3_gazebo/share/turtlebot3_gazebo//models/yellow_on_pink_marker/model.sdf~
[2.545s] -- Up-to-date symlink: /home/pi/turtlebot3_ws/install/turtlebot3_gazebo/share/turtlebot3_gazebo//rviz/tb3_gazebo.rviz
[2.549s] -- Up-to-date symlink: /home/pi/turtlebot3_ws/install/turtlebot3_gazebo/share/turtlebot3_gazebo//urdf/common_properties.urdf
[2.550s] -- Up-to-date symlink: /home/pi/turtlebot3_ws/install/turtlebot3_gazebo/share/turtlebot3_gazebo//urdf/turtlebot3_burger.urdf
[2.551s] -- Up-to-date symlink: /home/pi/turtlebot3_ws/install/turtlebot3_gazebo/share/turtlebot3_gazebo//urdf/turtlebot3_burger_cam.urdf
[2.553s] -- Up-to-date symlink: /home/pi/turtlebot3_ws/install/turtlebot3_gazebo/share/turtlebot3_gazebo//urdf/turtlebot3_waffle.urdf
[2.553s] -- Up-to-date symlink: /home/pi/turtlebot3_ws/install/turtlebot3_gazebo/share/turtlebot3_gazebo//urdf/turtlebot3_waffle_pi.urdf
[2.556s] -- Up-to-date symlink: /home/pi/turtlebot3_ws/install/turtlebot3_gazebo/share/turtlebot3_gazebo//worlds/empty_world.world
[2.557s] -- Up-to-date symlink: /home/pi/turtlebot3_ws/install/turtlebot3_gazebo/share/turtlebot3_gazebo//worlds/turtlebot3_autorace_2020.world
[2.558s] -- Up-to-date symlink: /home/pi/turtlebot3_ws/install/turtlebot3_gazebo/share/turtlebot3_gazebo//worlds/turtlebot3_dqn_stage1.world
[2.559s] -- Up-to-date symlink: /home/pi/turtlebot3_ws/install/turtlebot3_gazebo/share/turtlebot3_gazebo//worlds/turtlebot3_dqn_stage2.world
[2.560s] -- Up-to-date symlink: /home/pi/turtlebot3_ws/install/turtlebot3_gazebo/share/turtlebot3_gazebo//worlds/turtlebot3_dqn_stage3.world
[2.561s] -- Up-to-date symlink: /home/pi/turtlebot3_ws/install/turtlebot3_gazebo/share/turtlebot3_gazebo//worlds/turtlebot3_dqn_stage4.world
[2.562s] -- Up-to-date symlink: /home/pi/turtlebot3_ws/install/turtlebot3_gazebo/share/turtlebot3_gazebo//worlds/turtlebot3_house.world
[2.563s] -- Up-to-date symlink: /home/pi/turtlebot3_ws/install/turtlebot3_gazebo/share/turtlebot3_gazebo//worlds/turtlebot3_maze.world
[2.563s] -- Up-to-date symlink: /home/pi/turtlebot3_ws/install/turtlebot3_gazebo/share/turtlebot3_gazebo//worlds/turtlebot3_world.world
[2.566s] -- Up-to-date symlink: /home/pi/turtlebot3_ws/install/turtlebot3_gazebo/include//turtlebot3_gazebo/obstacle1.hpp
[2.567s] -- Up-to-date symlink: /home/pi/turtlebot3_ws/install/turtlebot3_gazebo/include//turtlebot3_gazebo/obstacle2.hpp
[2.567s] -- Up-to-date symlink: /home/pi/turtlebot3_ws/install/turtlebot3_gazebo/include//turtlebot3_gazebo/obstacles.hpp
[2.569s] -- Up-to-date symlink: /home/pi/turtlebot3_ws/install/turtlebot3_gazebo/include//turtlebot3_gazebo/traffic_bar_plugin.hpp
[2.570s] -- Up-to-date symlink: /home/pi/turtlebot3_ws/install/turtlebot3_gazebo/include//turtlebot3_gazebo/traffic_light_plugin.hpp
[2.571s] -- Up-to-date symlink: /home/pi/turtlebot3_ws/install/turtlebot3_gazebo/include//turtlebot3_gazebo/turtlebot3_drive.hpp
[2.571s] -- Up-to-date symlink: /home/pi/turtlebot3_ws/install/turtlebot3_gazebo/share/ament_index/resource_index/package_run_dependencies/turtlebot3_gazebo
[2.574s] -- Up-to-date symlink: /home/pi/turtlebot3_ws/install/turtlebot3_gazebo/share/ament_index/resource_index/parent_prefix_path/turtlebot3_gazebo
[2.575s] -- Up-to-date symlink: /home/pi/turtlebot3_ws/install/turtlebot3_gazebo/share/turtlebot3_gazebo/environment/ament_prefix_path.sh
[2.575s] -- Up-to-date symlink: /home/pi/turtlebot3_ws/install/turtlebot3_gazebo/share/turtlebot3_gazebo/environment/ament_prefix_path.dsv
[2.576s] -- Up-to-date symlink: /home/pi/turtlebot3_ws/install/turtlebot3_gazebo/share/turtlebot3_gazebo/environment/path.sh
[2.577s] -- Up-to-date symlink: /home/pi/turtlebot3_ws/install/turtlebot3_gazebo/share/turtlebot3_gazebo/environment/path.dsv
[2.577s] -- Up-to-date symlink: /home/pi/turtlebot3_ws/install/turtlebot3_gazebo/share/turtlebot3_gazebo/local_setup.bash
[2.579s] -- Up-to-date symlink: /home/pi/turtlebot3_ws/install/turtlebot3_gazebo/share/turtlebot3_gazebo/local_setup.sh
[2.579s] -- Up-to-date symlink: /home/pi/turtlebot3_ws/install/turtlebot3_gazebo/share/turtlebot3_gazebo/local_setup.zsh
[2.580s] -- Up-to-date symlink: /home/pi/turtlebot3_ws/install/turtlebot3_gazebo/share/turtlebot3_gazebo/local_setup.dsv
[2.580s] -- Symlinking: /home/pi/turtlebot3_ws/install/turtlebot3_gazebo/share/turtlebot3_gazebo/package.dsv
[2.668s] -- Up-to-date symlink: /home/pi/turtlebot3_ws/install/turtlebot3_gazebo/share/ament_index/resource_index/packages/turtlebot3_gazebo
[2.669s] -- Up-to-date symlink: /home/pi/turtlebot3_ws/install/turtlebot3_gazebo/share/turtlebot3_gazebo/cmake/ament_cmake_export_include_directories-extras.cmake
[2.670s] -- Up-to-date symlink: /home/pi/turtlebot3_ws/install/turtlebot3_gazebo/share/turtlebot3_gazebo/cmake/ament_cmake_export_dependencies-extras.cmake
[2.671s] -- Up-to-date symlink: /home/pi/turtlebot3_ws/install/turtlebot3_gazebo/share/turtlebot3_gazebo/cmake/turtlebot3_gazeboConfig.cmake
[2.672s] -- Up-to-date symlink: /home/pi/turtlebot3_ws/install/turtlebot3_gazebo/share/turtlebot3_gazebo/cmake/turtlebot3_gazeboConfig-version.cmake
[2.674s] -- Up-to-date symlink: /home/pi/turtlebot3_ws/install/turtlebot3_gazebo/share/turtlebot3_gazebo/package.xml
[2.721s] Invoked command in '/home/pi/turtlebot3_ws/build/turtlebot3_gazebo' returned '0': CMAKE_PREFIX_PATH=${CMAKE_PREFIX_PATH}:/home/pi/turtlebot3_ws/install/turtlebot3_teleop:/home/pi/turtlebot3_ws/install/turtlebot3_example:/opt/ros/humble /usr/bin/cmake --install /home/pi/turtlebot3_ws/build/turtlebot3_gazebo
