[0.078s] Invoking command in '/home/pi/turtlebot3_ws/build/turtlebot3_description': CMAKE_PREFIX_PATH=${CMAKE_PREFIX_PATH}:/home/pi/turtlebot3_ws/install/turtlebot3_teleop:/home/pi/turtlebot3_ws/install/turtlebot3_example:/opt/ros/humble /usr/bin/cmake --build /home/pi/turtlebot3_ws/build/turtlebot3_description -- -j4 -l4
[0.488s] Invoked command in '/home/pi/turtlebot3_ws/build/turtlebot3_description' returned '0': CMAKE_PREFIX_PATH=${CMAKE_PREFIX_PATH}:/home/pi/turtlebot3_ws/install/turtlebot3_teleop:/home/pi/turtlebot3_ws/install/turtlebot3_example:/opt/ros/humble /usr/bin/cmake --build /home/pi/turtlebot3_ws/build/turtlebot3_description -- -j4 -l4
[0.662s] Invoking command in '/home/pi/turtlebot3_ws/build/turtlebot3_description': CMAKE_PREFIX_PATH=${CMAKE_PREFIX_PATH}:/home/pi/turtlebot3_ws/install/turtlebot3_teleop:/home/pi/turtlebot3_ws/install/turtlebot3_example:/opt/ros/humble /usr/bin/cmake --install /home/pi/turtlebot3_ws/build/turtlebot3_description
[0.695s] -- Install configuration: ""
[0.701s] -- Execute custom install script
[0.715s] -- Up-to-date symlink: /home/pi/turtlebot3_ws/install/turtlebot3_description/share/turtlebot3_description/meshes/bases/burger_base.stl
[0.715s] -- Up-to-date symlink: /home/pi/turtlebot3_ws/install/turtlebot3_description/share/turtlebot3_description/meshes/bases/waffle_base.stl
[0.715s] -- Up-to-date symlink: /home/pi/turtlebot3_ws/install/turtlebot3_description/share/turtlebot3_description/meshes/bases/waffle_pi_base.stl
[0.715s] -- Up-to-date symlink: /home/pi/turtlebot3_ws/install/turtlebot3_description/share/turtlebot3_description/meshes/sensors/astra.dae
[0.715s] -- Up-to-date symlink: /home/pi/turtlebot3_ws/install/turtlebot3_description/share/turtlebot3_description/meshes/sensors/astra.jpg
[0.715s] -- Up-to-date symlink: /home/pi/turtlebot3_ws/install/turtlebot3_description/share/turtlebot3_description/meshes/sensors/lds.stl
[0.724s] -- Up-to-date symlink: /home/pi/turtlebot3_ws/install/turtlebot3_description/share/turtlebot3_description/meshes/sensors/r200.dae
[0.724s] -- Up-to-date symlink: /home/pi/turtlebot3_ws/install/turtlebot3_description/share/turtlebot3_description/meshes/sensors/r200.jpg
[0.724s] -- Up-to-date symlink: /home/pi/turtlebot3_ws/install/turtlebot3_description/share/turtlebot3_description/meshes/wheels/left_tire.stl
[0.734s] -- Up-to-date symlink: /home/pi/turtlebot3_ws/install/turtlebot3_description/share/turtlebot3_description/meshes/wheels/right_tire.stl
[0.740s] -- Up-to-date symlink: /home/pi/turtlebot3_ws/install/turtlebot3_description/share/turtlebot3_description/rviz/model.rviz
[0.742s] -- Up-to-date symlink: /home/pi/turtlebot3_ws/install/turtlebot3_description/share/turtlebot3_description/urdf/common_properties.urdf
[0.742s] -- Up-to-date symlink: /home/pi/turtlebot3_ws/install/turtlebot3_description/share/turtlebot3_description/urdf/turtlebot3_burger.urdf
[0.744s] -- Up-to-date symlink: /home/pi/turtlebot3_ws/install/turtlebot3_description/share/turtlebot3_description/urdf/turtlebot3_waffle.urdf
[0.745s] -- Up-to-date symlink: /home/pi/turtlebot3_ws/install/turtlebot3_description/share/turtlebot3_description/urdf/turtlebot3_waffle_pi.urdf
[0.745s] -- Up-to-date symlink: /home/pi/turtlebot3_ws/install/turtlebot3_description/share/ament_index/resource_index/package_run_dependencies/turtlebot3_description
[0.745s] -- Up-to-date symlink: /home/pi/turtlebot3_ws/install/turtlebot3_description/share/ament_index/resource_index/parent_prefix_path/turtlebot3_description
[0.745s] -- Up-to-date symlink: /home/pi/turtlebot3_ws/install/turtlebot3_description/share/turtlebot3_description/environment/ament_prefix_path.sh
[0.759s] -- Up-to-date symlink: /home/pi/turtlebot3_ws/install/turtlebot3_description/share/turtlebot3_description/environment/ament_prefix_path.dsv
[0.760s] -- Up-to-date symlink: /home/pi/turtlebot3_ws/install/turtlebot3_description/share/turtlebot3_description/environment/path.sh
[0.768s] -- Up-to-date symlink: /home/pi/turtlebot3_ws/install/turtlebot3_description/share/turtlebot3_description/environment/path.dsv
[0.768s] -- Up-to-date symlink: /home/pi/turtlebot3_ws/install/turtlebot3_description/share/turtlebot3_description/local_setup.bash
[0.768s] -- Up-to-date symlink: /home/pi/turtlebot3_ws/install/turtlebot3_description/share/turtlebot3_description/local_setup.sh
[0.768s] -- Up-to-date symlink: /home/pi/turtlebot3_ws/install/turtlebot3_description/share/turtlebot3_description/local_setup.zsh
[0.769s] -- Up-to-date symlink: /home/pi/turtlebot3_ws/install/turtlebot3_description/share/turtlebot3_description/local_setup.dsv
[0.769s] -- Symlinking: /home/pi/turtlebot3_ws/install/turtlebot3_description/share/turtlebot3_description/package.dsv
[0.807s] -- Up-to-date symlink: /home/pi/turtlebot3_ws/install/turtlebot3_description/share/ament_index/resource_index/packages/turtlebot3_description
[0.807s] -- Up-to-date symlink: /home/pi/turtlebot3_ws/install/turtlebot3_description/share/turtlebot3_description/cmake/turtlebot3_descriptionConfig.cmake
[0.812s] -- Up-to-date symlink: /home/pi/turtlebot3_ws/install/turtlebot3_description/share/turtlebot3_description/cmake/turtlebot3_descriptionConfig-version.cmake
[0.816s] -- Up-to-date symlink: /home/pi/turtlebot3_ws/install/turtlebot3_description/share/turtlebot3_description/package.xml
[0.861s] Invoked command in '/home/pi/turtlebot3_ws/build/turtlebot3_description' returned '0': CMAKE_PREFIX_PATH=${CMAKE_PREFIX_PATH}:/home/pi/turtlebot3_ws/install/turtlebot3_teleop:/home/pi/turtlebot3_ws/install/turtlebot3_example:/opt/ros/humble /usr/bin/cmake --install /home/pi/turtlebot3_ws/build/turtlebot3_description
