[0.024s] Invoking command in '/home/pi/turtlebot3_ws/build/wall_follower': CMAKE_PREFIX_PATH=${CMAKE_PREFIX_PATH}:/home/pi/turtlebot3_ws/install/turtlebot3_teleop:/home/pi/turtlebot3_ws/install/turtlebot3_example:/opt/ros/humble /usr/bin/cmake --build /home/pi/turtlebot3_ws/build/wall_follower -- -j4 -l4
[0.167s] [35m[1mConsolidate compiler generated dependencies of target wall_follower[0m
[0.210s] [  0%] Built target ament_cmake_python_symlink_wall_follower
[0.222s] [ 50%] [32mBuilding CXX object CMakeFiles/wall_follower.dir/src/wall_follower.cpp.o[0m
[0.514s] running egg_info
[0.515s] writing wall_follower.egg-info/PKG-INFO
[0.515s] writing dependency_links to wall_follower.egg-info/dependency_links.txt
[0.516s] writing top-level names to wall_follower.egg-info/top_level.txt
[0.535s] reading manifest file 'wall_follower.egg-info/SOURCES.txt'
[0.535s] writing manifest file 'wall_follower.egg-info/SOURCES.txt'
[0.608s] [ 50%] Built target ament_cmake_python_build_wall_follower_egg
[2.923s] [01m[K/home/pi/turtlebot3_ws/src/wall_follower/src/wall_follower.cpp:[m[K In member function ‘[01m[Kvoid WallFollower::update_callback()[m[K’:
[2.923s] [01m[K/home/pi/turtlebot3_ws/src/wall_follower/src/wall_follower.cpp:222:17:[m[K [01;31m[Kerror: [m[Kexpected ‘[01m[K([m[K’ before ‘[01m[Kreturn[m[K’
[2.923s]   222 |                 [01;31m[Kr[m[K[32m[Keturn[m[K;
[2.923s]       |                 [01;31m[K^[m[K[32m[K~~~~~[m[K
[2.923s]       |                 [32m[K([m[K
[5.816s] gmake[2]: *** [CMakeFiles/wall_follower.dir/build.make:76: CMakeFiles/wall_follower.dir/src/wall_follower.cpp.o] Error 1
[5.816s] gmake[1]: *** [CMakeFiles/Makefile2:140: CMakeFiles/wall_follower.dir/all] Error 2
[5.816s] gmake: *** [Makefile:146: all] Error 2
[5.819s] Invoked command in '/home/pi/turtlebot3_ws/build/wall_follower' returned '2': CMAKE_PREFIX_PATH=${CMAKE_PREFIX_PATH}:/home/pi/turtlebot3_ws/install/turtlebot3_teleop:/home/pi/turtlebot3_ws/install/turtlebot3_example:/opt/ros/humble /usr/bin/cmake --build /home/pi/turtlebot3_ws/build/wall_follower -- -j4 -l4
