[0.076s] Invoking command in '/home/pi/turtlebot3_ws/build/dynamixel_sdk': CMAKE_PREFIX_PATH=${CMAKE_PREFIX_PATH}:/home/pi/turtlebot3_ws/install/turtlebot3_teleop:/home/pi/turtlebot3_ws/install/turtlebot3_example:/opt/ros/humble /usr/bin/cmake --build /home/pi/turtlebot3_ws/build/dynamixel_sdk -- -j2 -l2
[0.379s] [100%] Built target dynamixel_sdk
[0.453s] [100%] Built target ament_cmake_python_symlink_dynamixel_sdk
[1.129s] running egg_info
[1.131s] writing dynamixel_sdk.egg-info/PKG-INFO
[1.134s] writing dependency_links to dynamixel_sdk.egg-info/dependency_links.txt
[1.141s] writing top-level names to dynamixel_sdk.egg-info/top_level.txt
[1.145s] reading manifest file 'dynamixel_sdk.egg-info/SOURCES.txt'
[1.149s] writing manifest file 'dynamixel_sdk.egg-info/SOURCES.txt'
[1.309s] [100%] Built target ament_cmake_python_build_dynamixel_sdk_egg
[1.360s] Invoked command in '/home/pi/turtlebot3_ws/build/dynamixel_sdk' returned '0': CMAKE_PREFIX_PATH=${CMAKE_PREFIX_PATH}:/home/pi/turtlebot3_ws/install/turtlebot3_teleop:/home/pi/turtlebot3_ws/install/turtlebot3_example:/opt/ros/humble /usr/bin/cmake --build /home/pi/turtlebot3_ws/build/dynamixel_sdk -- -j2 -l2
[1.421s] Invoking command in '/home/pi/turtlebot3_ws/build/dynamixel_sdk': CMAKE_PREFIX_PATH=${CMAKE_PREFIX_PATH}:/home/pi/turtlebot3_ws/install/turtlebot3_teleop:/home/pi/turtlebot3_ws/install/turtlebot3_example:/opt/ros/humble /usr/bin/cmake --install /home/pi/turtlebot3_ws/build/dynamixel_sdk
[1.487s] -- Install configuration: ""
[1.487s] -- Execute custom install script
[1.487s] -- Up-to-date symlink: /home/pi/turtlebot3_ws/install/dynamixel_sdk/include//dynamixel_sdk/dynamixel_sdk.h
[1.487s] -- Up-to-date symlink: /home/pi/turtlebot3_ws/install/dynamixel_sdk/include//dynamixel_sdk/group_bulk_read.h
[1.487s] -- Up-to-date symlink: /home/pi/turtlebot3_ws/install/dynamixel_sdk/include//dynamixel_sdk/group_bulk_write.h
[1.487s] -- Up-to-date symlink: /home/pi/turtlebot3_ws/install/dynamixel_sdk/include//dynamixel_sdk/group_fast_bulk_read.h
[1.487s] -- Up-to-date symlink: /home/pi/turtlebot3_ws/install/dynamixel_sdk/include//dynamixel_sdk/group_fast_sync_read.h
[1.487s] -- Up-to-date symlink: /home/pi/turtlebot3_ws/install/dynamixel_sdk/include//dynamixel_sdk/group_handler.h
[1.487s] -- Up-to-date symlink: /home/pi/turtlebot3_ws/install/dynamixel_sdk/include//dynamixel_sdk/group_sync_read.h
[1.488s] -- Up-to-date symlink: /home/pi/turtlebot3_ws/install/dynamixel_sdk/include//dynamixel_sdk/group_sync_write.h
[1.488s] -- Up-to-date symlink: /home/pi/turtlebot3_ws/install/dynamixel_sdk/include//dynamixel_sdk/packet_handler.h
[1.488s] -- Up-to-date symlink: /home/pi/turtlebot3_ws/install/dynamixel_sdk/include//dynamixel_sdk/port_handler.h
[1.488s] -- Up-to-date symlink: /home/pi/turtlebot3_ws/install/dynamixel_sdk/include//dynamixel_sdk/port_handler_arduino.h
[1.500s] -- Up-to-date symlink: /home/pi/turtlebot3_ws/install/dynamixel_sdk/include//dynamixel_sdk/port_handler_linux.h
[1.500s] -- Up-to-date symlink: /home/pi/turtlebot3_ws/install/dynamixel_sdk/include//dynamixel_sdk/port_handler_mac.h
[1.504s] -- Up-to-date symlink: /home/pi/turtlebot3_ws/install/dynamixel_sdk/include//dynamixel_sdk/port_handler_windows.h
[1.505s] -- Up-to-date symlink: /home/pi/turtlebot3_ws/install/dynamixel_sdk/include//dynamixel_sdk/protocol1_packet_handler.h
[1.505s] -- Up-to-date symlink: /home/pi/turtlebot3_ws/install/dynamixel_sdk/include//dynamixel_sdk/protocol2_packet_handler.h
[1.505s] -- Up-to-date symlink: /home/pi/turtlebot3_ws/install/dynamixel_sdk/share/dynamixel_sdk/environment/pythonpath.sh
[1.505s] -- Up-to-date symlink: /home/pi/turtlebot3_ws/install/dynamixel_sdk/share/dynamixel_sdk/environment/pythonpath.dsv
[1.505s] -- Up-to-date symlink: /home/pi/turtlebot3_ws/install/dynamixel_sdk/local/lib/python3.10/dist-packages/dynamixel_sdk-3.8.4-py3.10.egg-info/PKG-INFO
[1.505s] -- Up-to-date symlink: /home/pi/turtlebot3_ws/install/dynamixel_sdk/local/lib/python3.10/dist-packages/dynamixel_sdk-3.8.4-py3.10.egg-info/SOURCES.txt
[1.505s] -- Up-to-date symlink: /home/pi/turtlebot3_ws/install/dynamixel_sdk/local/lib/python3.10/dist-packages/dynamixel_sdk-3.8.4-py3.10.egg-info/dependency_links.txt
[1.505s] -- Up-to-date symlink: /home/pi/turtlebot3_ws/install/dynamixel_sdk/local/lib/python3.10/dist-packages/dynamixel_sdk-3.8.4-py3.10.egg-info/top_level.txt
[1.512s] -- Up-to-date symlink: /home/pi/turtlebot3_ws/install/dynamixel_sdk/local/lib/python3.10/dist-packages/dynamixel_sdk/__init__.py
[1.512s] -- Up-to-date symlink: /home/pi/turtlebot3_ws/install/dynamixel_sdk/local/lib/python3.10/dist-packages/dynamixel_sdk/group_bulk_read.cpp
[1.515s] -- Up-to-date symlink: /home/pi/turtlebot3_ws/install/dynamixel_sdk/local/lib/python3.10/dist-packages/dynamixel_sdk/group_bulk_read.py
[1.519s] -- Up-to-date symlink: /home/pi/turtlebot3_ws/install/dynamixel_sdk/local/lib/python3.10/dist-packages/dynamixel_sdk/group_bulk_write.cpp
[1.521s] -- Up-to-date symlink: /home/pi/turtlebot3_ws/install/dynamixel_sdk/local/lib/python3.10/dist-packages/dynamixel_sdk/group_bulk_write.py
[1.521s] -- Up-to-date symlink: /home/pi/turtlebot3_ws/install/dynamixel_sdk/local/lib/python3.10/dist-packages/dynamixel_sdk/group_fast_bulk_read.cpp
[1.526s] -- Up-to-date symlink: /home/pi/turtlebot3_ws/install/dynamixel_sdk/local/lib/python3.10/dist-packages/dynamixel_sdk/group_fast_sync_read.cpp
[1.526s] -- Up-to-date symlink: /home/pi/turtlebot3_ws/install/dynamixel_sdk/local/lib/python3.10/dist-packages/dynamixel_sdk/group_handler.cpp
[1.526s] -- Up-to-date symlink: /home/pi/turtlebot3_ws/install/dynamixel_sdk/local/lib/python3.10/dist-packages/dynamixel_sdk/group_sync_read.cpp
[1.527s] -- Up-to-date symlink: /home/pi/turtlebot3_ws/install/dynamixel_sdk/local/lib/python3.10/dist-packages/dynamixel_sdk/group_sync_read.py
[1.527s] -- Up-to-date symlink: /home/pi/turtlebot3_ws/install/dynamixel_sdk/local/lib/python3.10/dist-packages/dynamixel_sdk/group_sync_write.cpp
[1.527s] -- Up-to-date symlink: /home/pi/turtlebot3_ws/install/dynamixel_sdk/local/lib/python3.10/dist-packages/dynamixel_sdk/group_sync_write.py
[1.527s] -- Up-to-date symlink: /home/pi/turtlebot3_ws/install/dynamixel_sdk/local/lib/python3.10/dist-packages/dynamixel_sdk/packet_handler.cpp
[1.527s] -- Up-to-date symlink: /home/pi/turtlebot3_ws/install/dynamixel_sdk/local/lib/python3.10/dist-packages/dynamixel_sdk/packet_handler.py
[1.527s] -- Up-to-date symlink: /home/pi/turtlebot3_ws/install/dynamixel_sdk/local/lib/python3.10/dist-packages/dynamixel_sdk/port_handler.cpp
[1.527s] -- Up-to-date symlink: /home/pi/turtlebot3_ws/install/dynamixel_sdk/local/lib/python3.10/dist-packages/dynamixel_sdk/port_handler.py
[1.527s] -- Up-to-date symlink: /home/pi/turtlebot3_ws/install/dynamixel_sdk/local/lib/python3.10/dist-packages/dynamixel_sdk/port_handler_arduino.cpp
[1.527s] -- Up-to-date symlink: /home/pi/turtlebot3_ws/install/dynamixel_sdk/local/lib/python3.10/dist-packages/dynamixel_sdk/port_handler_linux.cpp
[1.527s] -- Up-to-date symlink: /home/pi/turtlebot3_ws/install/dynamixel_sdk/local/lib/python3.10/dist-packages/dynamixel_sdk/port_handler_mac.cpp
[1.527s] -- Up-to-date symlink: /home/pi/turtlebot3_ws/install/dynamixel_sdk/local/lib/python3.10/dist-packages/dynamixel_sdk/port_handler_windows.cpp
[1.527s] -- Up-to-date symlink: /home/pi/turtlebot3_ws/install/dynamixel_sdk/local/lib/python3.10/dist-packages/dynamixel_sdk/protocol1_packet_handler.cpp
[1.527s] -- Up-to-date symlink: /home/pi/turtlebot3_ws/install/dynamixel_sdk/local/lib/python3.10/dist-packages/dynamixel_sdk/protocol1_packet_handler.py
[1.538s] -- Up-to-date symlink: /home/pi/turtlebot3_ws/install/dynamixel_sdk/local/lib/python3.10/dist-packages/dynamixel_sdk/protocol2_packet_handler.cpp
[1.542s] -- Up-to-date symlink: /home/pi/turtlebot3_ws/install/dynamixel_sdk/local/lib/python3.10/dist-packages/dynamixel_sdk/protocol2_packet_handler.py
[1.542s] -- Up-to-date symlink: /home/pi/turtlebot3_ws/install/dynamixel_sdk/local/lib/python3.10/dist-packages/dynamixel_sdk/robotis_def.py
[1.546s] -- Up-to-date symlink: /home/pi/turtlebot3_ws/install/dynamixel_sdk/share/dynamixel_sdk/environment/library_path.sh
[1.546s] -- Up-to-date symlink: /home/pi/turtlebot3_ws/install/dynamixel_sdk/share/dynamixel_sdk/environment/library_path.dsv
[1.546s] -- Up-to-date symlink: /home/pi/turtlebot3_ws/install/dynamixel_sdk/share/ament_index/resource_index/package_run_dependencies/dynamixel_sdk
[1.546s] -- Up-to-date symlink: /home/pi/turtlebot3_ws/install/dynamixel_sdk/share/ament_index/resource_index/parent_prefix_path/dynamixel_sdk
[1.546s] -- Up-to-date symlink: /home/pi/turtlebot3_ws/install/dynamixel_sdk/share/dynamixel_sdk/environment/ament_prefix_path.sh
[1.546s] -- Up-to-date symlink: /home/pi/turtlebot3_ws/install/dynamixel_sdk/share/dynamixel_sdk/environment/ament_prefix_path.dsv
[1.546s] -- Up-to-date symlink: /home/pi/turtlebot3_ws/install/dynamixel_sdk/share/dynamixel_sdk/environment/path.sh
[1.546s] -- Up-to-date symlink: /home/pi/turtlebot3_ws/install/dynamixel_sdk/share/dynamixel_sdk/environment/path.dsv
[1.548s] -- Up-to-date symlink: /home/pi/turtlebot3_ws/install/dynamixel_sdk/share/dynamixel_sdk/local_setup.bash
[1.549s] -- Up-to-date symlink: /home/pi/turtlebot3_ws/install/dynamixel_sdk/share/dynamixel_sdk/local_setup.sh
[1.552s] -- Up-to-date symlink: /home/pi/turtlebot3_ws/install/dynamixel_sdk/share/dynamixel_sdk/local_setup.zsh
[1.553s] -- Up-to-date symlink: /home/pi/turtlebot3_ws/install/dynamixel_sdk/share/dynamixel_sdk/local_setup.dsv
[1.554s] -- Symlinking: /home/pi/turtlebot3_ws/install/dynamixel_sdk/share/dynamixel_sdk/package.dsv
[1.632s] -- Up-to-date symlink: /home/pi/turtlebot3_ws/install/dynamixel_sdk/share/ament_index/resource_index/packages/dynamixel_sdk
[1.632s] -- Up-to-date symlink: /home/pi/turtlebot3_ws/install/dynamixel_sdk/share/dynamixel_sdk/cmake/ament_cmake_export_targets-extras.cmake
[1.636s] -- Up-to-date symlink: /home/pi/turtlebot3_ws/install/dynamixel_sdk/share/dynamixel_sdk/cmake/ament_cmake_export_include_directories-extras.cmake
[1.636s] -- Up-to-date symlink: /home/pi/turtlebot3_ws/install/dynamixel_sdk/share/dynamixel_sdk/cmake/ament_cmake_export_libraries-extras.cmake
[1.636s] -- Up-to-date symlink: /home/pi/turtlebot3_ws/install/dynamixel_sdk/share/dynamixel_sdk/cmake/dynamixel_sdkConfig.cmake
[1.636s] -- Up-to-date symlink: /home/pi/turtlebot3_ws/install/dynamixel_sdk/share/dynamixel_sdk/cmake/dynamixel_sdkConfig-version.cmake
[1.636s] -- Up-to-date symlink: /home/pi/turtlebot3_ws/install/dynamixel_sdk/share/dynamixel_sdk/package.xml
[1.636s] -- Up-to-date: /home/pi/turtlebot3_ws/install/dynamixel_sdk/lib/libdynamixel_sdk.so
[1.741s] Listing '/home/pi/turtlebot3_ws/install/dynamixel_sdk/local/lib/python3.10/dist-packages/dynamixel_sdk'...
[1.766s] -- Up-to-date: /home/pi/turtlebot3_ws/install/dynamixel_sdk/share/dynamixel_sdk/cmake/dynamixel_sdkExport.cmake
[1.766s] -- Up-to-date: /home/pi/turtlebot3_ws/install/dynamixel_sdk/share/dynamixel_sdk/cmake/dynamixel_sdkExport-noconfig.cmake
[1.790s] Invoked command in '/home/pi/turtlebot3_ws/build/dynamixel_sdk' returned '0': CMAKE_PREFIX_PATH=${CMAKE_PREFIX_PATH}:/home/pi/turtlebot3_ws/install/turtlebot3_teleop:/home/pi/turtlebot3_ws/install/turtlebot3_example:/opt/ros/humble /usr/bin/cmake --install /home/pi/turtlebot3_ws/build/dynamixel_sdk
