[0.010s] Invoking command in '/home/pi/turtlebot3_ws/build/turtlebot3_navigation2': CMAKE_PREFIX_PATH=/opt/ros/humble /usr/bin/cmake /home/pi/turtlebot3_ws/src/turtlebot3/turtlebot3_navigation2 -DAMENT_CMAKE_SYMLINK_INSTALL=1 -DCMAKE_INSTALL_PREFIX=/home/pi/turtlebot3_ws/install/turtlebot3_navigation2
[0.073s] -- The C compiler identification is GNU 11.4.0
[0.140s] -- The CXX compiler identification is GNU 11.4.0
[0.149s] -- Detecting C compiler ABI info
[0.239s] -- Detecting C compiler ABI info - done
[0.247s] -- Check for working C compiler: /usr/bin/cc - skipped
[0.248s] -- Detecting C compile features
[0.249s] -- Detecting C compile features - done
[0.254s] -- Detecting CXX compiler ABI info
[0.346s] -- Detecting CXX compiler ABI info - done
[0.354s] -- Check for working CXX compiler: /usr/bin/c++ - skipped
[0.355s] -- Detecting CXX compile features
[0.356s] -- Detecting CXX compile features - done
[0.359s] -- Found ament_cmake: 1.3.12 (/opt/ros/humble/share/ament_cmake/cmake)
[0.521s] -- Found Python3: /usr/bin/python3 (found version "3.10.12") found components: Interpreter 
[0.588s] -- Override CMake install command with custom implementation using symlinks instead of copying resources
[0.689s] -- Configuring done
[0.693s] -- Generating done
[0.695s] -- Build files have been written to: /home/pi/turtlebot3_ws/build/turtlebot3_navigation2
[0.699s] Invoked command in '/home/pi/turtlebot3_ws/build/turtlebot3_navigation2' returned '0': CMAKE_PREFIX_PATH=/opt/ros/humble /usr/bin/cmake /home/pi/turtlebot3_ws/src/turtlebot3/turtlebot3_navigation2 -DAMENT_CMAKE_SYMLINK_INSTALL=1 -DCMAKE_INSTALL_PREFIX=/home/pi/turtlebot3_ws/install/turtlebot3_navigation2
[0.703s] Invoking command in '/home/pi/turtlebot3_ws/build/turtlebot3_navigation2': CMAKE_PREFIX_PATH=/opt/ros/humble /usr/bin/cmake --build /home/pi/turtlebot3_ws/build/turtlebot3_navigation2 -- -j2 -l2
[0.757s] Invoked command in '/home/pi/turtlebot3_ws/build/turtlebot3_navigation2' returned '0': CMAKE_PREFIX_PATH=/opt/ros/humble /usr/bin/cmake --build /home/pi/turtlebot3_ws/build/turtlebot3_navigation2 -- -j2 -l2
[0.758s] Invoking command in '/home/pi/turtlebot3_ws/build/turtlebot3_navigation2': CMAKE_PREFIX_PATH=/opt/ros/humble /usr/bin/cmake --install /home/pi/turtlebot3_ws/build/turtlebot3_navigation2
[0.767s] -- Install configuration: ""
[0.767s] -- Execute custom install script
[0.767s] -- Symlinking: /home/pi/turtlebot3_ws/install/turtlebot3_navigation2/share/turtlebot3_navigation2/launch/navigation2.launch.py
[0.778s] -- Symlinking: /home/pi/turtlebot3_ws/install/turtlebot3_navigation2/share/turtlebot3_navigation2/map/map.pgm
[0.789s] -- Symlinking: /home/pi/turtlebot3_ws/install/turtlebot3_navigation2/share/turtlebot3_navigation2/map/map.yaml
[0.801s] -- Symlinking: /home/pi/turtlebot3_ws/install/turtlebot3_navigation2/share/turtlebot3_navigation2/param/burger.yaml
[0.812s] -- Symlinking: /home/pi/turtlebot3_ws/install/turtlebot3_navigation2/share/turtlebot3_navigation2/param/burger_cam.yaml
[0.826s] -- Symlinking: /home/pi/turtlebot3_ws/install/turtlebot3_navigation2/share/turtlebot3_navigation2/param/humble/burger.yaml
[0.838s] -- Symlinking: /home/pi/turtlebot3_ws/install/turtlebot3_navigation2/share/turtlebot3_navigation2/param/humble/burger_cam.yaml
[0.850s] -- Symlinking: /home/pi/turtlebot3_ws/install/turtlebot3_navigation2/share/turtlebot3_navigation2/param/humble/waffle.yaml
[0.860s] -- Symlinking: /home/pi/turtlebot3_ws/install/turtlebot3_navigation2/share/turtlebot3_navigation2/param/humble/waffle_pi.yaml
[0.871s] -- Symlinking: /home/pi/turtlebot3_ws/install/turtlebot3_navigation2/share/turtlebot3_navigation2/param/waffle.yaml
[0.881s] -- Symlinking: /home/pi/turtlebot3_ws/install/turtlebot3_navigation2/share/turtlebot3_navigation2/param/waffle_pi.yaml
[0.892s] -- Symlinking: /home/pi/turtlebot3_ws/install/turtlebot3_navigation2/share/turtlebot3_navigation2/rviz/tb3_navigation2.rviz
[0.905s] -- Symlinking: /home/pi/turtlebot3_ws/install/turtlebot3_navigation2/share/ament_index/resource_index/package_run_dependencies/turtlebot3_navigation2
[0.920s] -- Symlinking: /home/pi/turtlebot3_ws/install/turtlebot3_navigation2/share/ament_index/resource_index/parent_prefix_path/turtlebot3_navigation2
[0.932s] -- Symlinking: /home/pi/turtlebot3_ws/install/turtlebot3_navigation2/share/turtlebot3_navigation2/environment/ament_prefix_path.sh
[0.944s] -- Symlinking: /home/pi/turtlebot3_ws/install/turtlebot3_navigation2/share/turtlebot3_navigation2/environment/ament_prefix_path.dsv
[0.957s] -- Symlinking: /home/pi/turtlebot3_ws/install/turtlebot3_navigation2/share/turtlebot3_navigation2/environment/path.sh
[0.967s] -- Symlinking: /home/pi/turtlebot3_ws/install/turtlebot3_navigation2/share/turtlebot3_navigation2/environment/path.dsv
[0.984s] -- Symlinking: /home/pi/turtlebot3_ws/install/turtlebot3_navigation2/share/turtlebot3_navigation2/local_setup.bash
[1.001s] -- Symlinking: /home/pi/turtlebot3_ws/install/turtlebot3_navigation2/share/turtlebot3_navigation2/local_setup.sh
[1.018s] -- Symlinking: /home/pi/turtlebot3_ws/install/turtlebot3_navigation2/share/turtlebot3_navigation2/local_setup.zsh
[1.034s] -- Symlinking: /home/pi/turtlebot3_ws/install/turtlebot3_navigation2/share/turtlebot3_navigation2/local_setup.dsv
[1.048s] -- Symlinking: /home/pi/turtlebot3_ws/install/turtlebot3_navigation2/share/turtlebot3_navigation2/package.dsv
[1.062s] -- Symlinking: /home/pi/turtlebot3_ws/install/turtlebot3_navigation2/share/ament_index/resource_index/packages/turtlebot3_navigation2
[1.073s] -- Symlinking: /home/pi/turtlebot3_ws/install/turtlebot3_navigation2/share/turtlebot3_navigation2/cmake/turtlebot3_navigation2Config.cmake
[1.084s] -- Symlinking: /home/pi/turtlebot3_ws/install/turtlebot3_navigation2/share/turtlebot3_navigation2/cmake/turtlebot3_navigation2Config-version.cmake
[1.094s] -- Symlinking: /home/pi/turtlebot3_ws/install/turtlebot3_navigation2/share/turtlebot3_navigation2/package.xml
[1.249s] Invoked command in '/home/pi/turtlebot3_ws/build/turtlebot3_navigation2' returned '0': CMAKE_PREFIX_PATH=/opt/ros/humble /usr/bin/cmake --install /home/pi/turtlebot3_ws/build/turtlebot3_navigation2
