[0.190s] Invoking command in '/home/pi/turtlebot3_ws/build/dynamixel_sdk': CMAKE_PREFIX_PATH=${CMAKE_PREFIX_PATH}:/home/pi/turtlebot3_ws/install/turtlebot3_teleop:/home/pi/turtlebot3_ws/install/turtlebot3_example:/opt/ros/humble /usr/bin/cmake --build /home/pi/turtlebot3_ws/build/dynamixel_sdk -- -j2 -l2
[0.876s] [100%] Built target dynamixel_sdk
[1.289s] [100%] Built target ament_cmake_python_symlink_dynamixel_sdk
[2.977s] running egg_info
[2.987s] writing dynamixel_sdk.egg-info/PKG-INFO
[2.987s] writing dependency_links to dynamixel_sdk.egg-info/dependency_links.txt
[2.987s] writing top-level names to dynamixel_sdk.egg-info/top_level.txt
[3.020s] reading manifest file 'dynamixel_sdk.egg-info/SOURCES.txt'
[3.020s] writing manifest file 'dynamixel_sdk.egg-info/SOURCES.txt'
[3.337s] [100%] Built target ament_cmake_python_build_dynamixel_sdk_egg
[3.417s] Invoked command in '/home/pi/turtlebot3_ws/build/dynamixel_sdk' returned '0': CMAKE_PREFIX_PATH=${CMAKE_PREFIX_PATH}:/home/pi/turtlebot3_ws/install/turtlebot3_teleop:/home/pi/turtlebot3_ws/install/turtlebot3_example:/opt/ros/humble /usr/bin/cmake --build /home/pi/turtlebot3_ws/build/dynamixel_sdk -- -j2 -l2
[3.496s] Invoking command in '/home/pi/turtlebot3_ws/build/dynamixel_sdk': CMAKE_PREFIX_PATH=${CMAKE_PREFIX_PATH}:/home/pi/turtlebot3_ws/install/turtlebot3_teleop:/home/pi/turtlebot3_ws/install/turtlebot3_example:/opt/ros/humble /usr/bin/cmake --install /home/pi/turtlebot3_ws/build/dynamixel_sdk
[3.579s] -- Install configuration: ""
[3.579s] -- Execute custom install script
[3.588s] -- Up-to-date symlink: /home/pi/turtlebot3_ws/install/dynamixel_sdk/include//dynamixel_sdk/dynamixel_sdk.h
[3.588s] -- Up-to-date symlink: /home/pi/turtlebot3_ws/install/dynamixel_sdk/include//dynamixel_sdk/group_bulk_read.h
[3.588s] -- Up-to-date symlink: /home/pi/turtlebot3_ws/install/dynamixel_sdk/include//dynamixel_sdk/group_bulk_write.h
[3.588s] -- Up-to-date symlink: /home/pi/turtlebot3_ws/install/dynamixel_sdk/include//dynamixel_sdk/group_fast_bulk_read.h
[3.589s] -- Up-to-date symlink: /home/pi/turtlebot3_ws/install/dynamixel_sdk/include//dynamixel_sdk/group_fast_sync_read.h
[3.589s] -- Up-to-date symlink: /home/pi/turtlebot3_ws/install/dynamixel_sdk/include//dynamixel_sdk/group_handler.h
[3.589s] -- Up-to-date symlink: /home/pi/turtlebot3_ws/install/dynamixel_sdk/include//dynamixel_sdk/group_sync_read.h
[3.589s] -- Up-to-date symlink: /home/pi/turtlebot3_ws/install/dynamixel_sdk/include//dynamixel_sdk/group_sync_write.h
[3.590s] -- Up-to-date symlink: /home/pi/turtlebot3_ws/install/dynamixel_sdk/include//dynamixel_sdk/packet_handler.h
[3.592s] -- Up-to-date symlink: /home/pi/turtlebot3_ws/install/dynamixel_sdk/include//dynamixel_sdk/port_handler.h
[3.592s] -- Up-to-date symlink: /home/pi/turtlebot3_ws/install/dynamixel_sdk/include//dynamixel_sdk/port_handler_arduino.h
[3.593s] -- Up-to-date symlink: /home/pi/turtlebot3_ws/install/dynamixel_sdk/include//dynamixel_sdk/port_handler_linux.h
[3.593s] -- Up-to-date symlink: /home/pi/turtlebot3_ws/install/dynamixel_sdk/include//dynamixel_sdk/port_handler_mac.h
[3.594s] -- Up-to-date symlink: /home/pi/turtlebot3_ws/install/dynamixel_sdk/include//dynamixel_sdk/port_handler_windows.h
[3.595s] -- Up-to-date symlink: /home/pi/turtlebot3_ws/install/dynamixel_sdk/include//dynamixel_sdk/protocol1_packet_handler.h
[3.595s] -- Up-to-date symlink: /home/pi/turtlebot3_ws/install/dynamixel_sdk/include//dynamixel_sdk/protocol2_packet_handler.h
[3.595s] -- Up-to-date symlink: /home/pi/turtlebot3_ws/install/dynamixel_sdk/share/dynamixel_sdk/environment/pythonpath.sh
[3.596s] -- Up-to-date symlink: /home/pi/turtlebot3_ws/install/dynamixel_sdk/share/dynamixel_sdk/environment/pythonpath.dsv
[3.597s] -- Up-to-date symlink: /home/pi/turtlebot3_ws/install/dynamixel_sdk/local/lib/python3.10/dist-packages/dynamixel_sdk-3.8.4-py3.10.egg-info/PKG-INFO
[3.602s] -- Up-to-date symlink: /home/pi/turtlebot3_ws/install/dynamixel_sdk/local/lib/python3.10/dist-packages/dynamixel_sdk-3.8.4-py3.10.egg-info/SOURCES.txt
[3.602s] -- Up-to-date symlink: /home/pi/turtlebot3_ws/install/dynamixel_sdk/local/lib/python3.10/dist-packages/dynamixel_sdk-3.8.4-py3.10.egg-info/dependency_links.txt
[3.602s] -- Up-to-date symlink: /home/pi/turtlebot3_ws/install/dynamixel_sdk/local/lib/python3.10/dist-packages/dynamixel_sdk-3.8.4-py3.10.egg-info/top_level.txt
[3.603s] -- Up-to-date symlink: /home/pi/turtlebot3_ws/install/dynamixel_sdk/local/lib/python3.10/dist-packages/dynamixel_sdk/__init__.py
[3.604s] -- Up-to-date symlink: /home/pi/turtlebot3_ws/install/dynamixel_sdk/local/lib/python3.10/dist-packages/dynamixel_sdk/group_bulk_read.cpp
[3.604s] -- Up-to-date symlink: /home/pi/turtlebot3_ws/install/dynamixel_sdk/local/lib/python3.10/dist-packages/dynamixel_sdk/group_bulk_read.py
[3.604s] -- Up-to-date symlink: /home/pi/turtlebot3_ws/install/dynamixel_sdk/local/lib/python3.10/dist-packages/dynamixel_sdk/group_bulk_write.cpp
[3.604s] -- Up-to-date symlink: /home/pi/turtlebot3_ws/install/dynamixel_sdk/local/lib/python3.10/dist-packages/dynamixel_sdk/group_bulk_write.py
[3.605s] -- Up-to-date symlink: /home/pi/turtlebot3_ws/install/dynamixel_sdk/local/lib/python3.10/dist-packages/dynamixel_sdk/group_fast_bulk_read.cpp
[3.605s] -- Up-to-date symlink: /home/pi/turtlebot3_ws/install/dynamixel_sdk/local/lib/python3.10/dist-packages/dynamixel_sdk/group_fast_sync_read.cpp
[3.605s] -- Up-to-date symlink: /home/pi/turtlebot3_ws/install/dynamixel_sdk/local/lib/python3.10/dist-packages/dynamixel_sdk/group_handler.cpp
[3.606s] -- Up-to-date symlink: /home/pi/turtlebot3_ws/install/dynamixel_sdk/local/lib/python3.10/dist-packages/dynamixel_sdk/group_sync_read.cpp
[3.607s] -- Up-to-date symlink: /home/pi/turtlebot3_ws/install/dynamixel_sdk/local/lib/python3.10/dist-packages/dynamixel_sdk/group_sync_read.py
[3.609s] -- Up-to-date symlink: /home/pi/turtlebot3_ws/install/dynamixel_sdk/local/lib/python3.10/dist-packages/dynamixel_sdk/group_sync_write.cpp
[3.609s] -- Up-to-date symlink: /home/pi/turtlebot3_ws/install/dynamixel_sdk/local/lib/python3.10/dist-packages/dynamixel_sdk/group_sync_write.py
[3.609s] -- Up-to-date symlink: /home/pi/turtlebot3_ws/install/dynamixel_sdk/local/lib/python3.10/dist-packages/dynamixel_sdk/packet_handler.cpp
[3.609s] -- Up-to-date symlink: /home/pi/turtlebot3_ws/install/dynamixel_sdk/local/lib/python3.10/dist-packages/dynamixel_sdk/packet_handler.py
[3.610s] -- Up-to-date symlink: /home/pi/turtlebot3_ws/install/dynamixel_sdk/local/lib/python3.10/dist-packages/dynamixel_sdk/port_handler.cpp
[3.613s] -- Up-to-date symlink: /home/pi/turtlebot3_ws/install/dynamixel_sdk/local/lib/python3.10/dist-packages/dynamixel_sdk/port_handler.py
[3.618s] -- Up-to-date symlink: /home/pi/turtlebot3_ws/install/dynamixel_sdk/local/lib/python3.10/dist-packages/dynamixel_sdk/port_handler_arduino.cpp
[3.628s] -- Up-to-date symlink: /home/pi/turtlebot3_ws/install/dynamixel_sdk/local/lib/python3.10/dist-packages/dynamixel_sdk/port_handler_linux.cpp
[3.628s] -- Up-to-date symlink: /home/pi/turtlebot3_ws/install/dynamixel_sdk/local/lib/python3.10/dist-packages/dynamixel_sdk/port_handler_mac.cpp
[3.628s] -- Up-to-date symlink: /home/pi/turtlebot3_ws/install/dynamixel_sdk/local/lib/python3.10/dist-packages/dynamixel_sdk/port_handler_windows.cpp
[3.628s] -- Up-to-date symlink: /home/pi/turtlebot3_ws/install/dynamixel_sdk/local/lib/python3.10/dist-packages/dynamixel_sdk/protocol1_packet_handler.cpp
[3.628s] -- Up-to-date symlink: /home/pi/turtlebot3_ws/install/dynamixel_sdk/local/lib/python3.10/dist-packages/dynamixel_sdk/protocol1_packet_handler.py
[3.628s] -- Up-to-date symlink: /home/pi/turtlebot3_ws/install/dynamixel_sdk/local/lib/python3.10/dist-packages/dynamixel_sdk/protocol2_packet_handler.cpp
[3.628s] -- Up-to-date symlink: /home/pi/turtlebot3_ws/install/dynamixel_sdk/local/lib/python3.10/dist-packages/dynamixel_sdk/protocol2_packet_handler.py
[3.628s] -- Up-to-date symlink: /home/pi/turtlebot3_ws/install/dynamixel_sdk/local/lib/python3.10/dist-packages/dynamixel_sdk/robotis_def.py
[3.628s] -- Up-to-date symlink: /home/pi/turtlebot3_ws/install/dynamixel_sdk/share/dynamixel_sdk/environment/library_path.sh
[3.628s] -- Up-to-date symlink: /home/pi/turtlebot3_ws/install/dynamixel_sdk/share/dynamixel_sdk/environment/library_path.dsv
[3.629s] -- Up-to-date symlink: /home/pi/turtlebot3_ws/install/dynamixel_sdk/share/ament_index/resource_index/package_run_dependencies/dynamixel_sdk
[3.632s] -- Up-to-date symlink: /home/pi/turtlebot3_ws/install/dynamixel_sdk/share/ament_index/resource_index/parent_prefix_path/dynamixel_sdk
[3.633s] -- Up-to-date symlink: /home/pi/turtlebot3_ws/install/dynamixel_sdk/share/dynamixel_sdk/environment/ament_prefix_path.sh
[3.633s] -- Up-to-date symlink: /home/pi/turtlebot3_ws/install/dynamixel_sdk/share/dynamixel_sdk/environment/ament_prefix_path.dsv
[3.633s] -- Up-to-date symlink: /home/pi/turtlebot3_ws/install/dynamixel_sdk/share/dynamixel_sdk/environment/path.sh
[3.633s] -- Up-to-date symlink: /home/pi/turtlebot3_ws/install/dynamixel_sdk/share/dynamixel_sdk/environment/path.dsv
[3.633s] -- Up-to-date symlink: /home/pi/turtlebot3_ws/install/dynamixel_sdk/share/dynamixel_sdk/local_setup.bash
[3.633s] -- Up-to-date symlink: /home/pi/turtlebot3_ws/install/dynamixel_sdk/share/dynamixel_sdk/local_setup.sh
[3.633s] -- Up-to-date symlink: /home/pi/turtlebot3_ws/install/dynamixel_sdk/share/dynamixel_sdk/local_setup.zsh
[3.633s] -- Up-to-date symlink: /home/pi/turtlebot3_ws/install/dynamixel_sdk/share/dynamixel_sdk/local_setup.dsv
[3.633s] -- Symlinking: /home/pi/turtlebot3_ws/install/dynamixel_sdk/share/dynamixel_sdk/package.dsv
[3.693s] -- Up-to-date symlink: /home/pi/turtlebot3_ws/install/dynamixel_sdk/share/ament_index/resource_index/packages/dynamixel_sdk
[3.694s] -- Up-to-date symlink: /home/pi/turtlebot3_ws/install/dynamixel_sdk/share/dynamixel_sdk/cmake/ament_cmake_export_targets-extras.cmake
[3.695s] -- Up-to-date symlink: /home/pi/turtlebot3_ws/install/dynamixel_sdk/share/dynamixel_sdk/cmake/ament_cmake_export_include_directories-extras.cmake
[3.695s] -- Up-to-date symlink: /home/pi/turtlebot3_ws/install/dynamixel_sdk/share/dynamixel_sdk/cmake/ament_cmake_export_libraries-extras.cmake
[3.696s] -- Up-to-date symlink: /home/pi/turtlebot3_ws/install/dynamixel_sdk/share/dynamixel_sdk/cmake/dynamixel_sdkConfig.cmake
[3.696s] -- Up-to-date symlink: /home/pi/turtlebot3_ws/install/dynamixel_sdk/share/dynamixel_sdk/cmake/dynamixel_sdkConfig-version.cmake
[3.701s] -- Up-to-date symlink: /home/pi/turtlebot3_ws/install/dynamixel_sdk/share/dynamixel_sdk/package.xml
[3.701s] -- Up-to-date: /home/pi/turtlebot3_ws/install/dynamixel_sdk/lib/libdynamixel_sdk.so
[3.992s] Listing '/home/pi/turtlebot3_ws/install/dynamixel_sdk/local/lib/python3.10/dist-packages/dynamixel_sdk'...
[4.026s] -- Up-to-date: /home/pi/turtlebot3_ws/install/dynamixel_sdk/share/dynamixel_sdk/cmake/dynamixel_sdkExport.cmake
[4.026s] -- Up-to-date: /home/pi/turtlebot3_ws/install/dynamixel_sdk/share/dynamixel_sdk/cmake/dynamixel_sdkExport-noconfig.cmake
[4.043s] Invoked command in '/home/pi/turtlebot3_ws/build/dynamixel_sdk' returned '0': CMAKE_PREFIX_PATH=${CMAKE_PREFIX_PATH}:/home/pi/turtlebot3_ws/install/turtlebot3_teleop:/home/pi/turtlebot3_ws/install/turtlebot3_example:/opt/ros/humble /usr/bin/cmake --install /home/pi/turtlebot3_ws/build/dynamixel_sdk
