[1.443s] Invoking command in '/home/pi/turtlebot3_ws/build/turtlebot3_teleop': PYTHONPATH=/home/pi/turtlebot3_ws/build/turtlebot3_teleop/prefix_override:/usr/lib/python3/dist-packages/colcon_core/task/python/colcon_distutils_commands:/home/pi/turtlebot3_ws/install/turtlebot3_teleop/lib/python3.10/site-packages:${PYTHONPATH} /usr/bin/python3 -W ignore:setup.py install is deprecated -W ignore:easy_install command is deprecated setup.py develop --uninstall --editable --build-directory /home/pi/turtlebot3_ws/build/turtlebot3_teleop/build
[1.960s] running develop
[2.449s] Removing /home/pi/turtlebot3_ws/install/turtlebot3_teleop/lib/python3.10/site-packages/turtlebot3-teleop.egg-link (link to .)
[2.643s] Invoked command in '/home/pi/turtlebot3_ws/build/turtlebot3_teleop' returned '0': PYTHONPATH=/home/pi/turtlebot3_ws/build/turtlebot3_teleop/prefix_override:/usr/lib/python3/dist-packages/colcon_core/task/python/colcon_distutils_commands:/home/pi/turtlebot3_ws/install/turtlebot3_teleop/lib/python3.10/site-packages:${PYTHONPATH} /usr/bin/python3 -W ignore:setup.py install is deprecated -W ignore:easy_install command is deprecated setup.py develop --uninstall --editable --build-directory /home/pi/turtlebot3_ws/build/turtlebot3_teleop/build
[2.643s] Invoking command in '/home/pi/turtlebot3_ws/src/turtlebot3/turtlebot3_teleop': PYTHONPATH=/home/pi/turtlebot3_ws/build/turtlebot3_teleop/prefix_override:/usr/lib/python3/dist-packages/colcon_core/task/python/colcon_distutils_commands:/home/pi/turtlebot3_ws/install/turtlebot3_teleop/lib/python3.10/site-packages:${PYTHONPATH} /usr/bin/python3 -W ignore:setup.py install is deprecated -W ignore:easy_install command is deprecated setup.py egg_info --egg-base ../../../build/turtlebot3_teleop build --build-base /home/pi/turtlebot3_ws/build/turtlebot3_teleop/build install --record /home/pi/turtlebot3_ws/build/turtlebot3_teleop/install.log --single-version-externally-managed install_data --force
[3.067s] running egg_info
[3.068s] writing ../../../build/turtlebot3_teleop/turtlebot3_teleop.egg-info/PKG-INFO
[3.068s] writing dependency_links to ../../../build/turtlebot3_teleop/turtlebot3_teleop.egg-info/dependency_links.txt
[3.068s] writing entry points to ../../../build/turtlebot3_teleop/turtlebot3_teleop.egg-info/entry_points.txt
[3.068s] writing requirements to ../../../build/turtlebot3_teleop/turtlebot3_teleop.egg-info/requires.txt
[3.068s] writing top-level names to ../../../build/turtlebot3_teleop/turtlebot3_teleop.egg-info/top_level.txt
[3.071s] reading manifest file '../../../build/turtlebot3_teleop/turtlebot3_teleop.egg-info/SOURCES.txt'
[3.071s] writing manifest file '../../../build/turtlebot3_teleop/turtlebot3_teleop.egg-info/SOURCES.txt'
[3.071s] running build
[3.071s] running build_py
[3.071s] creating /home/pi/turtlebot3_ws/build/turtlebot3_teleop/build
[3.071s] creating /home/pi/turtlebot3_ws/build/turtlebot3_teleop/build/lib
[3.071s] creating /home/pi/turtlebot3_ws/build/turtlebot3_teleop/build/lib/turtlebot3_teleop
[3.071s] copying turtlebot3_teleop/__init__.py -> /home/pi/turtlebot3_ws/build/turtlebot3_teleop/build/lib/turtlebot3_teleop
[3.071s] creating /home/pi/turtlebot3_ws/build/turtlebot3_teleop/build/lib/turtlebot3_teleop/script
[3.071s] copying turtlebot3_teleop/script/teleop_keyboard.py -> /home/pi/turtlebot3_ws/build/turtlebot3_teleop/build/lib/turtlebot3_teleop/script
[3.071s] copying turtlebot3_teleop/script/__init__.py -> /home/pi/turtlebot3_ws/build/turtlebot3_teleop/build/lib/turtlebot3_teleop/script
[3.071s] running install
[3.071s] running install_lib
[3.071s] creating /home/pi/turtlebot3_ws/install/turtlebot3_teleop/lib/python3.10/site-packages/turtlebot3_teleop
[3.071s] creating /home/pi/turtlebot3_ws/install/turtlebot3_teleop/lib/python3.10/site-packages/turtlebot3_teleop/script
[3.077s] copying /home/pi/turtlebot3_ws/build/turtlebot3_teleop/build/lib/turtlebot3_teleop/script/teleop_keyboard.py -> /home/pi/turtlebot3_ws/install/turtlebot3_teleop/lib/python3.10/site-packages/turtlebot3_teleop/script
[3.077s] copying /home/pi/turtlebot3_ws/build/turtlebot3_teleop/build/lib/turtlebot3_teleop/script/__init__.py -> /home/pi/turtlebot3_ws/install/turtlebot3_teleop/lib/python3.10/site-packages/turtlebot3_teleop/script
[3.077s] copying /home/pi/turtlebot3_ws/build/turtlebot3_teleop/build/lib/turtlebot3_teleop/__init__.py -> /home/pi/turtlebot3_ws/install/turtlebot3_teleop/lib/python3.10/site-packages/turtlebot3_teleop
[3.077s] byte-compiling /home/pi/turtlebot3_ws/install/turtlebot3_teleop/lib/python3.10/site-packages/turtlebot3_teleop/script/teleop_keyboard.py to teleop_keyboard.cpython-310.pyc
[3.077s] byte-compiling /home/pi/turtlebot3_ws/install/turtlebot3_teleop/lib/python3.10/site-packages/turtlebot3_teleop/script/__init__.py to __init__.cpython-310.pyc
[3.077s] byte-compiling /home/pi/turtlebot3_ws/install/turtlebot3_teleop/lib/python3.10/site-packages/turtlebot3_teleop/__init__.py to __init__.cpython-310.pyc
[3.077s] running install_data
[3.077s] copying resource/turtlebot3_teleop -> /home/pi/turtlebot3_ws/install/turtlebot3_teleop/share/ament_index/resource_index/packages
[3.077s] copying package.xml -> /home/pi/turtlebot3_ws/install/turtlebot3_teleop/share/turtlebot3_teleop
[3.078s] running install_egg_info
[3.078s] Copying ../../../build/turtlebot3_teleop/turtlebot3_teleop.egg-info to /home/pi/turtlebot3_ws/install/turtlebot3_teleop/lib/python3.10/site-packages/turtlebot3_teleop-2.3.3-py3.10.egg-info
[3.084s] running install_scripts
[3.124s] Installing teleop_keyboard script to /home/pi/turtlebot3_ws/install/turtlebot3_teleop/lib/turtlebot3_teleop
[3.132s] writing list of installed files to '/home/pi/turtlebot3_ws/build/turtlebot3_teleop/install.log'
[3.217s] Invoked command in '/home/pi/turtlebot3_ws/src/turtlebot3/turtlebot3_teleop' returned '0': PYTHONPATH=/home/pi/turtlebot3_ws/build/turtlebot3_teleop/prefix_override:/usr/lib/python3/dist-packages/colcon_core/task/python/colcon_distutils_commands:/home/pi/turtlebot3_ws/install/turtlebot3_teleop/lib/python3.10/site-packages:${PYTHONPATH} /usr/bin/python3 -W ignore:setup.py install is deprecated -W ignore:easy_install command is deprecated setup.py egg_info --egg-base ../../../build/turtlebot3_teleop build --build-base /home/pi/turtlebot3_ws/build/turtlebot3_teleop/build install --record /home/pi/turtlebot3_ws/build/turtlebot3_teleop/install.log --single-version-externally-managed install_data --force
