[0.011s] Invoking command in '/home/pi/turtlebot3_ws/build/wall_follower': CMAKE_PREFIX_PATH=/opt/ros/humble /usr/bin/cmake /home/pi/turtlebot3_ws/src/wall_follower -DAMENT_CMAKE_SYMLINK_INSTALL=1 -DCMAKE_INSTALL_PREFIX=/home/pi/turtlebot3_ws/install/wall_follower
[0.083s] -- The C compiler identification is GNU 11.4.0
[0.157s] -- The CXX compiler identification is GNU 11.4.0
[0.170s] -- Detecting C compiler ABI info
[0.252s] -- Detecting C compiler ABI info - done
[0.260s] -- Check for working C compiler: /usr/bin/cc - skipped
[0.262s] -- Detecting C compile features
[0.262s] -- Detecting C compile features - done
[0.267s] -- Detecting CXX compiler ABI info
[0.367s] -- Detecting CXX compiler ABI info - done
[0.375s] -- Check for working CXX compiler: /usr/bin/c++ - skipped
[0.376s] -- Detecting CXX compile features
[0.377s] -- Detecting CXX compile features - done
[0.382s] -- Found ament_cmake: 1.3.12 (/opt/ros/humble/share/ament_cmake/cmake)
[0.542s] -- Found Python3: /usr/bin/python3 (found version "3.10.12") found components: Interpreter 
[0.608s] -- Override CMake install command with custom implementation using symlinks instead of copying resources
[0.636s] -- Found rclcpp: 16.0.14 (/opt/ros/humble/share/rclcpp/cmake)
[0.686s] -- Found rosidl_generator_c: 3.1.7 (/opt/ros/humble/share/rosidl_generator_c/cmake)
[0.689s] -- Found rosidl_adapter: 3.1.7 (/opt/ros/humble/share/rosidl_adapter/cmake)
[0.698s] -- Found rosidl_generator_cpp: 3.1.7 (/opt/ros/humble/share/rosidl_generator_cpp/cmake)
[0.712s] -- Using all available rosidl_typesupport_c: rosidl_typesupport_fastrtps_c;rosidl_typesupport_introspection_c
[0.730s] -- Using all available rosidl_typesupport_cpp: rosidl_typesupport_fastrtps_cpp;rosidl_typesupport_introspection_cpp
[0.780s] -- Found rmw_implementation_cmake: 6.1.2 (/opt/ros/humble/share/rmw_implementation_cmake/cmake)
[0.781s] -- Found rmw_fastrtps_cpp: 6.2.8 (/opt/ros/humble/share/rmw_fastrtps_cpp/cmake)
[0.892s] -- Found OpenSSL: /usr/lib/x86_64-linux-gnu/libcrypto.so (found version "3.0.2")  
[0.920s] -- Found FastRTPS: /opt/ros/humble/include  
[0.967s] -- Using RMW implementation 'rmw_fastrtps_cpp' as default
[0.976s] -- Looking for pthread.h
[1.064s] -- Looking for pthread.h - found
[1.064s] -- Performing Test CMAKE_HAVE_LIBC_PTHREAD
[1.158s] -- Performing Test CMAKE_HAVE_LIBC_PTHREAD - Success
[1.160s] -- Found Threads: TRUE  
[1.218s] -- Found rclpy: 3.3.17 (/opt/ros/humble/share/rclpy/cmake)
[1.220s] -- Found geometry_msgs: 4.9.0 (/opt/ros/humble/share/geometry_msgs/cmake)
[1.235s] -- Found nav_msgs: 4.9.0 (/opt/ros/humble/share/nav_msgs/cmake)
[1.256s] -- Found sensor_msgs: 4.9.0 (/opt/ros/humble/share/sensor_msgs/cmake)
[1.278s] -- Found tf2: 0.25.16 (/opt/ros/humble/share/tf2/cmake)
[1.455s] -- Configuring done
[1.472s] -- Generating done
[1.477s] -- Build files have been written to: /home/pi/turtlebot3_ws/build/wall_follower
[1.490s] Invoked command in '/home/pi/turtlebot3_ws/build/wall_follower' returned '0': CMAKE_PREFIX_PATH=/opt/ros/humble /usr/bin/cmake /home/pi/turtlebot3_ws/src/wall_follower -DAMENT_CMAKE_SYMLINK_INSTALL=1 -DCMAKE_INSTALL_PREFIX=/home/pi/turtlebot3_ws/install/wall_follower
[1.490s] Invoking command in '/home/pi/turtlebot3_ws/build/wall_follower': CMAKE_PREFIX_PATH=/opt/ros/humble /usr/bin/cmake --build /home/pi/turtlebot3_ws/build/wall_follower -- -j2 -l2
[1.559s] [ 50%] [32mBuilding CXX object CMakeFiles/wall_follower.dir/src/wall_follower.cpp.o[0m
[14.567s] [100%] [32m[1mLinking CXX executable wall_follower[0m
[15.204s] [100%] Built target wall_follower
[15.242s] [100%] Built target ament_cmake_python_symlink_wall_follower
[15.523s] running egg_info
[15.524s] creating wall_follower.egg-info
[15.524s] writing wall_follower.egg-info/PKG-INFO
[15.524s] writing dependency_links to wall_follower.egg-info/dependency_links.txt
[15.524s] writing top-level names to wall_follower.egg-info/top_level.txt
[15.525s] writing manifest file 'wall_follower.egg-info/SOURCES.txt'
[15.527s] reading manifest file 'wall_follower.egg-info/SOURCES.txt'
[15.527s] writing manifest file 'wall_follower.egg-info/SOURCES.txt'
[15.556s] [100%] Built target ament_cmake_python_build_wall_follower_egg
[15.571s] Invoked command in '/home/pi/turtlebot3_ws/build/wall_follower' returned '0': CMAKE_PREFIX_PATH=/opt/ros/humble /usr/bin/cmake --build /home/pi/turtlebot3_ws/build/wall_follower -- -j2 -l2
[15.574s] Invoking command in '/home/pi/turtlebot3_ws/build/wall_follower': CMAKE_PREFIX_PATH=/opt/ros/humble /usr/bin/cmake --install /home/pi/turtlebot3_ws/build/wall_follower
[15.583s] -- Install configuration: ""
[15.584s] -- Execute custom install script
[15.584s] -- Symlinking: /home/pi/turtlebot3_ws/install/wall_follower/lib/wall_follower/wall_follower
[15.597s] -- Symlinking: /home/pi/turtlebot3_ws/install/wall_follower/share/wall_follower//launch/wall_follower.launch.py
[15.609s] -- Symlinking: /home/pi/turtlebot3_ws/install/wall_follower/include//wall_follower/wall_follower.hpp
[15.620s] -- Symlinking: /home/pi/turtlebot3_ws/install/wall_follower/share/wall_follower/environment/pythonpath.sh
[15.631s] -- Symlinking: /home/pi/turtlebot3_ws/install/wall_follower/share/wall_follower/environment/pythonpath.dsv
[15.644s] -- Symlinking: /home/pi/turtlebot3_ws/install/wall_follower/local/lib/python3.10/dist-packages/wall_follower-0.0.0-py3.10.egg-info/PKG-INFO
[15.656s] -- Symlinking: /home/pi/turtlebot3_ws/install/wall_follower/local/lib/python3.10/dist-packages/wall_follower-0.0.0-py3.10.egg-info/SOURCES.txt
[15.671s] -- Symlinking: /home/pi/turtlebot3_ws/install/wall_follower/local/lib/python3.10/dist-packages/wall_follower-0.0.0-py3.10.egg-info/dependency_links.txt
[15.683s] -- Symlinking: /home/pi/turtlebot3_ws/install/wall_follower/local/lib/python3.10/dist-packages/wall_follower-0.0.0-py3.10.egg-info/top_level.txt
[15.695s] -- Symlinking: /home/pi/turtlebot3_ws/install/wall_follower/local/lib/python3.10/dist-packages/wall_follower/__init__.py
[15.706s] -- Symlinking: /home/pi/turtlebot3_ws/install/wall_follower/local/lib/python3.10/dist-packages/wall_follower/landmark.py
[15.718s] -- Symlinking: /home/pi/turtlebot3_ws/install/wall_follower/lib/wall_follower/see_marker.py
[15.729s] -- Symlinking: /home/pi/turtlebot3_ws/install/wall_follower/lib/wall_follower/point_transformer.py
[15.741s] -- Symlinking: /home/pi/turtlebot3_ws/install/wall_follower/share/ament_index/resource_index/package_run_dependencies/wall_follower
[15.754s] -- Symlinking: /home/pi/turtlebot3_ws/install/wall_follower/share/ament_index/resource_index/parent_prefix_path/wall_follower
[15.767s] -- Symlinking: /home/pi/turtlebot3_ws/install/wall_follower/share/wall_follower/environment/ament_prefix_path.sh
[15.780s] -- Symlinking: /home/pi/turtlebot3_ws/install/wall_follower/share/wall_follower/environment/ament_prefix_path.dsv
[15.792s] -- Symlinking: /home/pi/turtlebot3_ws/install/wall_follower/share/wall_follower/environment/path.sh
[15.804s] -- Symlinking: /home/pi/turtlebot3_ws/install/wall_follower/share/wall_follower/environment/path.dsv
[15.816s] -- Symlinking: /home/pi/turtlebot3_ws/install/wall_follower/share/wall_follower/local_setup.bash
[15.827s] -- Symlinking: /home/pi/turtlebot3_ws/install/wall_follower/share/wall_follower/local_setup.sh
[15.840s] -- Symlinking: /home/pi/turtlebot3_ws/install/wall_follower/share/wall_follower/local_setup.zsh
[15.851s] -- Symlinking: /home/pi/turtlebot3_ws/install/wall_follower/share/wall_follower/local_setup.dsv
[15.863s] -- Symlinking: /home/pi/turtlebot3_ws/install/wall_follower/share/wall_follower/package.dsv
[15.877s] -- Symlinking: /home/pi/turtlebot3_ws/install/wall_follower/share/ament_index/resource_index/packages/wall_follower
[15.889s] -- Symlinking: /home/pi/turtlebot3_ws/install/wall_follower/share/wall_follower/cmake/ament_cmake_export_include_directories-extras.cmake
[15.902s] -- Symlinking: /home/pi/turtlebot3_ws/install/wall_follower/share/wall_follower/cmake/ament_cmake_export_dependencies-extras.cmake
[15.913s] -- Symlinking: /home/pi/turtlebot3_ws/install/wall_follower/share/wall_follower/cmake/wall_followerConfig.cmake
[15.925s] -- Symlinking: /home/pi/turtlebot3_ws/install/wall_follower/share/wall_follower/cmake/wall_followerConfig-version.cmake
[15.936s] -- Symlinking: /home/pi/turtlebot3_ws/install/wall_follower/share/wall_follower/package.xml
[15.986s] Listing '/home/pi/turtlebot3_ws/install/wall_follower/local/lib/python3.10/dist-packages/wall_follower'...
[15.986s] Compiling '/home/pi/turtlebot3_ws/install/wall_follower/local/lib/python3.10/dist-packages/wall_follower/__init__.py'...
[15.986s] Compiling '/home/pi/turtlebot3_ws/install/wall_follower/local/lib/python3.10/dist-packages/wall_follower/landmark.py'...
[15.995s] Invoked command in '/home/pi/turtlebot3_ws/build/wall_follower' returned '0': CMAKE_PREFIX_PATH=/opt/ros/humble /usr/bin/cmake --install /home/pi/turtlebot3_ws/build/wall_follower
