[1.116s] Invoking command in '/home/pi/turtlebot3_ws/build/turtlebot3_example': CMAKE_PREFIX_PATH=/home/pi/turtlebot3_ws/install/turtlebot3_msgs:/home/pi/turtlebot3_ws/install/wall_follower:/home/pi/turtlebot3_ws/install/turtlebot3:/home/pi/turtlebot3_ws/install/turtlebot3_simulations:/home/pi/turtlebot3_ws/install/turtlebot3_bringup:/home/pi/turtlebot3_ws/install/turtlebot3_node:/home/pi/turtlebot3_ws/install/turtlebot3_navigation2:/home/pi/turtlebot3_ws/install/turtlebot3_fake_node:/home/pi/turtlebot3_ws/install/turtlebot3_manipulation_gazebo:/home/pi/turtlebot3_ws/install/turtlebot3_gazebo:/home/pi/turtlebot3_ws/install/turtlebot3_description:/home/pi/turtlebot3_ws/install/turtlebot3_cartographer:/home/pi/turtlebot3_ws/install/dynamixel_sdk_examples:/home/pi/turtlebot3_ws/install/dynamixel_sdk_custom_interfaces:/home/pi/turtlebot3_ws/install/dynamixel_sdk LD_LIBRARY_PATH=/home/pi/turtlebot3_ws/install/turtlebot3_msgs/lib:/home/pi/turtlebot3_ws/install/dynamixel_sdk_custom_interfaces/lib:/home/pi/turtlebot3_ws/install/dynamixel_sdk/lib:/usr/lib/x86_64-linux-gnu/gazebo-11/plugins:/opt/ros/humble/opt/rviz_ogre_vendor/lib:/opt/ros/humble/lib/x86_64-linux-gnu:/opt/ros/humble/lib:/usr/lib/x86_64-linux-gnu/gazebo-11/plugins:/usr/lib/x86_64-linux-gnu/gazebo-11/plugins:/usr/lib/x86_64-linux-gnu/gazebo-11/plugins PYTHONPATH=/home/pi/turtlebot3_ws/build/turtlebot3_example/prefix_override:/usr/lib/python3/dist-packages/colcon_core/task/python/colcon_distutils_commands:/home/pi/turtlebot3_ws/install/turtlebot3_example/lib/python3.10/site-packages:${PYTHONPATH} /usr/bin/python3 -W ignore:setup.py install is deprecated -W ignore:easy_install command is deprecated setup.py develop --editable --build-directory /home/pi/turtlebot3_ws/build/turtlebot3_example/build --no-deps symlink_data
[1.578s] running develop
[1.718s] running egg_info
[1.720s] writing turtlebot3_example.egg-info/PKG-INFO
[1.721s] writing dependency_links to turtlebot3_example.egg-info/dependency_links.txt
[1.721s] writing entry points to turtlebot3_example.egg-info/entry_points.txt
[1.722s] writing requirements to turtlebot3_example.egg-info/requires.txt
[1.722s] writing top-level names to turtlebot3_example.egg-info/top_level.txt
[1.734s] reading manifest file 'turtlebot3_example.egg-info/SOURCES.txt'
[1.734s] writing manifest file 'turtlebot3_example.egg-info/SOURCES.txt'
[1.741s] running build_ext
[1.743s] Creating /home/pi/turtlebot3_ws/install/turtlebot3_example/lib/python3.10/site-packages/turtlebot3-example.egg-link (link to .)
[1.744s] Installing turtlebot3_absolute_move script to /home/pi/turtlebot3_ws/install/turtlebot3_example/lib/turtlebot3_example
[1.744s] Installing turtlebot3_interactive_marker script to /home/pi/turtlebot3_ws/install/turtlebot3_example/lib/turtlebot3_example
[1.750s] Installing turtlebot3_obstacle_detection script to /home/pi/turtlebot3_ws/install/turtlebot3_example/lib/turtlebot3_example
[1.751s] Installing turtlebot3_patrol_client script to /home/pi/turtlebot3_ws/install/turtlebot3_example/lib/turtlebot3_example
[1.751s] Installing turtlebot3_patrol_server script to /home/pi/turtlebot3_ws/install/turtlebot3_example/lib/turtlebot3_example
[1.751s] Installing turtlebot3_relative_move script to /home/pi/turtlebot3_ws/install/turtlebot3_example/lib/turtlebot3_example
[1.751s] 
[1.751s] Installed /home/pi/turtlebot3_ws/build/turtlebot3_example
[1.751s] running symlink_data
[1.789s] Invoked command in '/home/pi/turtlebot3_ws/build/turtlebot3_example' returned '0': CMAKE_PREFIX_PATH=/home/pi/turtlebot3_ws/install/turtlebot3_msgs:/home/pi/turtlebot3_ws/install/wall_follower:/home/pi/turtlebot3_ws/install/turtlebot3:/home/pi/turtlebot3_ws/install/turtlebot3_simulations:/home/pi/turtlebot3_ws/install/turtlebot3_bringup:/home/pi/turtlebot3_ws/install/turtlebot3_node:/home/pi/turtlebot3_ws/install/turtlebot3_navigation2:/home/pi/turtlebot3_ws/install/turtlebot3_fake_node:/home/pi/turtlebot3_ws/install/turtlebot3_manipulation_gazebo:/home/pi/turtlebot3_ws/install/turtlebot3_gazebo:/home/pi/turtlebot3_ws/install/turtlebot3_description:/home/pi/turtlebot3_ws/install/turtlebot3_cartographer:/home/pi/turtlebot3_ws/install/dynamixel_sdk_examples:/home/pi/turtlebot3_ws/install/dynamixel_sdk_custom_interfaces:/home/pi/turtlebot3_ws/install/dynamixel_sdk LD_LIBRARY_PATH=/home/pi/turtlebot3_ws/install/turtlebot3_msgs/lib:/home/pi/turtlebot3_ws/install/dynamixel_sdk_custom_interfaces/lib:/home/pi/turtlebot3_ws/install/dynamixel_sdk/lib:/usr/lib/x86_64-linux-gnu/gazebo-11/plugins:/opt/ros/humble/opt/rviz_ogre_vendor/lib:/opt/ros/humble/lib/x86_64-linux-gnu:/opt/ros/humble/lib:/usr/lib/x86_64-linux-gnu/gazebo-11/plugins:/usr/lib/x86_64-linux-gnu/gazebo-11/plugins:/usr/lib/x86_64-linux-gnu/gazebo-11/plugins PYTHONPATH=/home/pi/turtlebot3_ws/build/turtlebot3_example/prefix_override:/usr/lib/python3/dist-packages/colcon_core/task/python/colcon_distutils_commands:/home/pi/turtlebot3_ws/install/turtlebot3_example/lib/python3.10/site-packages:${PYTHONPATH} /usr/bin/python3 -W ignore:setup.py install is deprecated -W ignore:easy_install command is deprecated setup.py develop --editable --build-directory /home/pi/turtlebot3_ws/build/turtlebot3_example/build --no-deps symlink_data
