[0.050s] Invoking command in '/home/pi/turtlebot3_ws/build/turtlebot3_node': CMAKE_PREFIX_PATH=/home/pi/turtlebot3_ws/install/turtlebot3_msgs:/home/pi/turtlebot3_ws/install/dynamixel_sdk:/home/pi/turtlebot3_ws/install/wall_follower:/home/pi/turtlebot3_ws/install/turtlebot3:/home/pi/turtlebot3_ws/install/turtlebot3_simulations:/home/pi/turtlebot3_ws/install/turtlebot3_bringup:/home/pi/turtlebot3_ws/install/turtlebot3_node:/home/pi/turtlebot3_ws/install/turtlebot3_navigation2:/home/pi/turtlebot3_ws/install/turtlebot3_fake_node:/home/pi/turtlebot3_ws/install/turtlebot3_manipulation_gazebo:/home/pi/turtlebot3_ws/install/turtlebot3_gazebo:/home/pi/turtlebot3_ws/install/turtlebot3_description:/home/pi/turtlebot3_ws/install/turtlebot3_cartographer:/home/pi/turtlebot3_ws/install/dynamixel_sdk_examples:/home/pi/turtlebot3_ws/install/dynamixel_sdk_custom_interfaces:/home/pi/turtlebot3_ws/install/turtlebot3_teleop:/home/pi/turtlebot3_ws/install/turtlebot3_example:/opt/ros/humble LD_LIBRARY_PATH=/home/pi/turtlebot3_ws/install/turtlebot3_msgs/lib:/home/pi/turtlebot3_ws/install/dynamixel_sdk/lib:/home/pi/turtlebot3_ws/install/dynamixel_sdk_custom_interfaces/lib:/usr/lib/x86_64-linux-gnu/gazebo-11/plugins:/opt/ros/humble/opt/rviz_ogre_vendor/lib:/opt/ros/humble/lib/x86_64-linux-gnu:/opt/ros/humble/lib:/usr/lib/x86_64-linux-gnu/gazebo-11/plugins:/usr/lib/x86_64-linux-gnu/gazebo-11/plugins:/usr/lib/x86_64-linux-gnu/gazebo-11/plugins /usr/bin/cmake --build /home/pi/turtlebot3_ws/build/turtlebot3_node -- -j4 -l4
[0.309s] -- Found ament_cmake: 1.3.12 (/opt/ros/humble/share/ament_cmake/cmake)
[0.310s] -- Override CMake install command with custom implementation using symlinks instead of copying resources
[0.326s] -- Found dynamixel_sdk: 3.8.4 (/home/pi/turtlebot3_ws/install/dynamixel_sdk/share/dynamixel_sdk/cmake)
[0.326s] -- Found geometry_msgs: 4.9.0 (/opt/ros/humble/share/geometry_msgs/cmake)
[0.326s] -- Found rosidl_generator_c: 3.1.7 (/opt/ros/humble/share/rosidl_generator_c/cmake)
[0.326s] -- Found rosidl_adapter: 3.1.7 (/opt/ros/humble/share/rosidl_adapter/cmake)
[0.328s] -- Found rosidl_generator_cpp: 3.1.7 (/opt/ros/humble/share/rosidl_generator_cpp/cmake)
[0.344s] -- Using all available rosidl_typesupport_c: rosidl_typesupport_fastrtps_c;rosidl_typesupport_introspection_c
[0.344s] -- Using all available rosidl_typesupport_cpp: rosidl_typesupport_fastrtps_cpp;rosidl_typesupport_introspection_cpp
[0.372s] -- Found message_filters: 4.3.8 (/opt/ros/humble/share/message_filters/cmake)
[0.417s] -- Found rmw_implementation_cmake: 6.1.2 (/opt/ros/humble/share/rmw_implementation_cmake/cmake)
[0.417s] -- Found rmw_fastrtps_cpp: 6.2.8 (/opt/ros/humble/share/rmw_fastrtps_cpp/cmake)
[0.551s] -- Using RMW implementation 'rmw_fastrtps_cpp' as default
[0.605s] -- Found nav_msgs: 4.9.0 (/opt/ros/humble/share/nav_msgs/cmake)
[0.637s] -- Found sensor_msgs: 4.9.0 (/opt/ros/humble/share/sensor_msgs/cmake)
[0.676s] -- Found std_srvs: 4.9.0 (/opt/ros/humble/share/std_srvs/cmake)
[0.710s] -- Found tf2: 0.25.16 (/opt/ros/humble/share/tf2/cmake)
[0.727s] -- Found tf2_ros: 0.25.16 (/opt/ros/humble/share/tf2_ros/cmake)
[0.939s] -- Found turtlebot3_msgs: 2.4.0 (/home/pi/turtlebot3_ws/install/turtlebot3_msgs/share/turtlebot3_msgs/cmake)
[1.083s] -- Configuring done
[1.150s] -- Generating done
[1.159s] -- Build files have been written to: /home/pi/turtlebot3_ws/build/turtlebot3_node
[1.258s] [35m[1mConsolidate compiler generated dependencies of target turtlebot3_node_lib[0m
[1.312s] [  7%] [32mBuilding CXX object CMakeFiles/turtlebot3_node_lib.dir/src/devices/sound.cpp.o[0m
[1.351s] [ 14%] [32mBuilding CXX object CMakeFiles/turtlebot3_node_lib.dir/src/turtlebot3.cpp.o[0m
[1.374s] [ 21%] [32mBuilding CXX object CMakeFiles/turtlebot3_node_lib.dir/src/sensors/sensor_state.cpp.o[0m
[16.018s] [ 28%] [32m[1mLinking CXX static library libturtlebot3_node_lib.a[0m
[16.554s] [ 85%] Built target turtlebot3_node_lib
[16.572s] [35m[1mConsolidate compiler generated dependencies of target turtlebot3_ros[0m
[16.589s] [ 92%] [32mBuilding CXX object CMakeFiles/turtlebot3_ros.dir/src/node_main.cpp.o[0m
[18.733s] [100%] [32m[1mLinking CXX executable turtlebot3_ros[0m
[20.158s] [100%] Built target turtlebot3_ros
[20.173s] Invoked command in '/home/pi/turtlebot3_ws/build/turtlebot3_node' returned '0': CMAKE_PREFIX_PATH=/home/pi/turtlebot3_ws/install/turtlebot3_msgs:/home/pi/turtlebot3_ws/install/dynamixel_sdk:/home/pi/turtlebot3_ws/install/wall_follower:/home/pi/turtlebot3_ws/install/turtlebot3:/home/pi/turtlebot3_ws/install/turtlebot3_simulations:/home/pi/turtlebot3_ws/install/turtlebot3_bringup:/home/pi/turtlebot3_ws/install/turtlebot3_node:/home/pi/turtlebot3_ws/install/turtlebot3_navigation2:/home/pi/turtlebot3_ws/install/turtlebot3_fake_node:/home/pi/turtlebot3_ws/install/turtlebot3_manipulation_gazebo:/home/pi/turtlebot3_ws/install/turtlebot3_gazebo:/home/pi/turtlebot3_ws/install/turtlebot3_description:/home/pi/turtlebot3_ws/install/turtlebot3_cartographer:/home/pi/turtlebot3_ws/install/dynamixel_sdk_examples:/home/pi/turtlebot3_ws/install/dynamixel_sdk_custom_interfaces:/home/pi/turtlebot3_ws/install/turtlebot3_teleop:/home/pi/turtlebot3_ws/install/turtlebot3_example:/opt/ros/humble LD_LIBRARY_PATH=/home/pi/turtlebot3_ws/install/turtlebot3_msgs/lib:/home/pi/turtlebot3_ws/install/dynamixel_sdk/lib:/home/pi/turtlebot3_ws/install/dynamixel_sdk_custom_interfaces/lib:/usr/lib/x86_64-linux-gnu/gazebo-11/plugins:/opt/ros/humble/opt/rviz_ogre_vendor/lib:/opt/ros/humble/lib/x86_64-linux-gnu:/opt/ros/humble/lib:/usr/lib/x86_64-linux-gnu/gazebo-11/plugins:/usr/lib/x86_64-linux-gnu/gazebo-11/plugins:/usr/lib/x86_64-linux-gnu/gazebo-11/plugins /usr/bin/cmake --build /home/pi/turtlebot3_ws/build/turtlebot3_node -- -j4 -l4
[20.182s] Invoking command in '/home/pi/turtlebot3_ws/build/turtlebot3_node': CMAKE_PREFIX_PATH=/home/pi/turtlebot3_ws/install/turtlebot3_msgs:/home/pi/turtlebot3_ws/install/dynamixel_sdk:/home/pi/turtlebot3_ws/install/wall_follower:/home/pi/turtlebot3_ws/install/turtlebot3:/home/pi/turtlebot3_ws/install/turtlebot3_simulations:/home/pi/turtlebot3_ws/install/turtlebot3_bringup:/home/pi/turtlebot3_ws/install/turtlebot3_node:/home/pi/turtlebot3_ws/install/turtlebot3_navigation2:/home/pi/turtlebot3_ws/install/turtlebot3_fake_node:/home/pi/turtlebot3_ws/install/turtlebot3_manipulation_gazebo:/home/pi/turtlebot3_ws/install/turtlebot3_gazebo:/home/pi/turtlebot3_ws/install/turtlebot3_description:/home/pi/turtlebot3_ws/install/turtlebot3_cartographer:/home/pi/turtlebot3_ws/install/dynamixel_sdk_examples:/home/pi/turtlebot3_ws/install/dynamixel_sdk_custom_interfaces:/home/pi/turtlebot3_ws/install/turtlebot3_teleop:/home/pi/turtlebot3_ws/install/turtlebot3_example:/opt/ros/humble LD_LIBRARY_PATH=/home/pi/turtlebot3_ws/install/turtlebot3_msgs/lib:/home/pi/turtlebot3_ws/install/dynamixel_sdk/lib:/home/pi/turtlebot3_ws/install/dynamixel_sdk_custom_interfaces/lib:/usr/lib/x86_64-linux-gnu/gazebo-11/plugins:/opt/ros/humble/opt/rviz_ogre_vendor/lib:/opt/ros/humble/lib/x86_64-linux-gnu:/opt/ros/humble/lib:/usr/lib/x86_64-linux-gnu/gazebo-11/plugins:/usr/lib/x86_64-linux-gnu/gazebo-11/plugins:/usr/lib/x86_64-linux-gnu/gazebo-11/plugins /usr/bin/cmake --install /home/pi/turtlebot3_ws/build/turtlebot3_node
[20.190s] -- Install configuration: ""
[20.191s] -- Execute custom install script
[20.191s] -- Up-to-date symlink: /home/pi/turtlebot3_ws/install/turtlebot3_node/share/turtlebot3_node/param/burger.yaml
[20.191s] -- Up-to-date symlink: /home/pi/turtlebot3_ws/install/turtlebot3_node/share/turtlebot3_node/param/waffle.yaml
[20.191s] -- Up-to-date symlink: /home/pi/turtlebot3_ws/install/turtlebot3_node/share/turtlebot3_node/param/waffle_pi.yaml
[20.192s] -- Up-to-date symlink: /home/pi/turtlebot3_ws/install/turtlebot3_node/lib/turtlebot3_node/turtlebot3_ros
[20.192s] -- Up-to-date symlink: /home/pi/turtlebot3_ws/install/turtlebot3_node/share/ament_index/resource_index/package_run_dependencies/turtlebot3_node
[20.192s] -- Up-to-date symlink: /home/pi/turtlebot3_ws/install/turtlebot3_node/share/ament_index/resource_index/parent_prefix_path/turtlebot3_node
[20.193s] -- Up-to-date symlink: /home/pi/turtlebot3_ws/install/turtlebot3_node/share/turtlebot3_node/environment/ament_prefix_path.sh
[20.193s] -- Up-to-date symlink: /home/pi/turtlebot3_ws/install/turtlebot3_node/share/turtlebot3_node/environment/ament_prefix_path.dsv
[20.193s] -- Up-to-date symlink: /home/pi/turtlebot3_ws/install/turtlebot3_node/share/turtlebot3_node/environment/path.sh
[20.193s] -- Up-to-date symlink: /home/pi/turtlebot3_ws/install/turtlebot3_node/share/turtlebot3_node/environment/path.dsv
[20.193s] -- Up-to-date symlink: /home/pi/turtlebot3_ws/install/turtlebot3_node/share/turtlebot3_node/local_setup.bash
[20.193s] -- Up-to-date symlink: /home/pi/turtlebot3_ws/install/turtlebot3_node/share/turtlebot3_node/local_setup.sh
[20.193s] -- Up-to-date symlink: /home/pi/turtlebot3_ws/install/turtlebot3_node/share/turtlebot3_node/local_setup.zsh
[20.193s] -- Up-to-date symlink: /home/pi/turtlebot3_ws/install/turtlebot3_node/share/turtlebot3_node/local_setup.dsv
[20.193s] -- Symlinking: /home/pi/turtlebot3_ws/install/turtlebot3_node/share/turtlebot3_node/package.dsv
[20.200s] -- Up-to-date symlink: /home/pi/turtlebot3_ws/install/turtlebot3_node/share/ament_index/resource_index/packages/turtlebot3_node
[20.200s] -- Up-to-date symlink: /home/pi/turtlebot3_ws/install/turtlebot3_node/share/turtlebot3_node/cmake/ament_cmake_export_dependencies-extras.cmake
[20.200s] -- Up-to-date symlink: /home/pi/turtlebot3_ws/install/turtlebot3_node/share/turtlebot3_node/cmake/ament_cmake_export_include_directories-extras.cmake
[20.201s] -- Up-to-date symlink: /home/pi/turtlebot3_ws/install/turtlebot3_node/share/turtlebot3_node/cmake/turtlebot3_nodeConfig.cmake
[20.201s] -- Up-to-date symlink: /home/pi/turtlebot3_ws/install/turtlebot3_node/share/turtlebot3_node/cmake/turtlebot3_nodeConfig-version.cmake
[20.201s] -- Up-to-date symlink: /home/pi/turtlebot3_ws/install/turtlebot3_node/share/turtlebot3_node/package.xml
[20.204s] Invoked command in '/home/pi/turtlebot3_ws/build/turtlebot3_node' returned '0': CMAKE_PREFIX_PATH=/home/pi/turtlebot3_ws/install/turtlebot3_msgs:/home/pi/turtlebot3_ws/install/dynamixel_sdk:/home/pi/turtlebot3_ws/install/wall_follower:/home/pi/turtlebot3_ws/install/turtlebot3:/home/pi/turtlebot3_ws/install/turtlebot3_simulations:/home/pi/turtlebot3_ws/install/turtlebot3_bringup:/home/pi/turtlebot3_ws/install/turtlebot3_node:/home/pi/turtlebot3_ws/install/turtlebot3_navigation2:/home/pi/turtlebot3_ws/install/turtlebot3_fake_node:/home/pi/turtlebot3_ws/install/turtlebot3_manipulation_gazebo:/home/pi/turtlebot3_ws/install/turtlebot3_gazebo:/home/pi/turtlebot3_ws/install/turtlebot3_description:/home/pi/turtlebot3_ws/install/turtlebot3_cartographer:/home/pi/turtlebot3_ws/install/dynamixel_sdk_examples:/home/pi/turtlebot3_ws/install/dynamixel_sdk_custom_interfaces:/home/pi/turtlebot3_ws/install/turtlebot3_teleop:/home/pi/turtlebot3_ws/install/turtlebot3_example:/opt/ros/humble LD_LIBRARY_PATH=/home/pi/turtlebot3_ws/install/turtlebot3_msgs/lib:/home/pi/turtlebot3_ws/install/dynamixel_sdk/lib:/home/pi/turtlebot3_ws/install/dynamixel_sdk_custom_interfaces/lib:/usr/lib/x86_64-linux-gnu/gazebo-11/plugins:/opt/ros/humble/opt/rviz_ogre_vendor/lib:/opt/ros/humble/lib/x86_64-linux-gnu:/opt/ros/humble/lib:/usr/lib/x86_64-linux-gnu/gazebo-11/plugins:/usr/lib/x86_64-linux-gnu/gazebo-11/plugins:/usr/lib/x86_64-linux-gnu/gazebo-11/plugins /usr/bin/cmake --install /home/pi/turtlebot3_ws/build/turtlebot3_node
