[0.095s] Invoking command in '/home/pi/turtlebot3_ws/build/wall_follower': CMAKE_PREFIX_PATH=${CMAKE_PREFIX_PATH}:/home/pi/turtlebot3_ws/install/turtlebot3_teleop:/home/pi/turtlebot3_ws/install/turtlebot3_example:/opt/ros/humble /usr/bin/cmake --build /home/pi/turtlebot3_ws/build/wall_follower -- -j4 -l4
[0.551s] [35m[1mConsolidate compiler generated dependencies of target wall_follower[0m
[0.700s] [ 50%] [32mBuilding CXX object CMakeFiles/wall_follower.dir/src/wall_follower.cpp.o[0m
[0.803s] [ 50%] Built target ament_cmake_python_symlink_wall_follower
[1.981s] running egg_info
[1.981s] writing wall_follower.egg-info/PKG-INFO
[1.982s] writing dependency_links to wall_follower.egg-info/dependency_links.txt
[1.990s] writing top-level names to wall_follower.egg-info/top_level.txt
[2.005s] reading manifest file 'wall_follower.egg-info/SOURCES.txt'
[2.005s] writing manifest file 'wall_follower.egg-info/SOURCES.txt'
[2.156s] [ 50%] Built target ament_cmake_python_build_wall_follower_egg
[6.099s] In file included from [01m[K/opt/ros/humble/include/rclcpp/rclcpp/logging.hpp:24[m[K,
[6.100s]                  from [01m[K/opt/ros/humble/include/rclcpp/rclcpp/client.hpp:40[m[K,
[6.100s]                  from [01m[K/opt/ros/humble/include/rclcpp/rclcpp/callback_group.hpp:24[m[K,
[6.101s]                  from [01m[K/opt/ros/humble/include/rclcpp/rclcpp/any_executable.hpp:20[m[K,
[6.102s]                  from [01m[K/opt/ros/humble/include/rclcpp/rclcpp/memory_strategy.hpp:25[m[K,
[6.102s]                  from [01m[K/opt/ros/humble/include/rclcpp/rclcpp/memory_strategies.hpp:18[m[K,
[6.102s]                  from [01m[K/opt/ros/humble/include/rclcpp/rclcpp/executor_options.hpp:20[m[K,
[6.102s]                  from [01m[K/opt/ros/humble/include/rclcpp/rclcpp/executor.hpp:37[m[K,
[6.102s]                  from [01m[K/opt/ros/humble/include/rclcpp/rclcpp/executors/multi_threaded_executor.hpp:25[m[K,
[6.102s]                  from [01m[K/opt/ros/humble/include/rclcpp/rclcpp/executors.hpp:21[m[K,
[6.102s]                  from [01m[K/opt/ros/humble/include/rclcpp/rclcpp/rclcpp.hpp:155[m[K,
[6.102s]                  from [01m[K/home/pi/turtlebot3_ws/src/wall_follower/include/wall_follower/wall_follower.hpp:25[m[K,
[6.102s]                  from [01m[K/home/pi/turtlebot3_ws/src/wall_follower/src/wall_follower.cpp:24[m[K:
[6.102s] [01m[K/home/pi/turtlebot3_ws/src/wall_follower/src/wall_follower.cpp:[m[K In member function ‘[01m[Kvoid WallFollower::odom_callback(nav_msgs::msg::Odometry_<std::allocator<void> >::SharedPtr)[m[K’:
[6.102s] [01m[K/home/pi/turtlebot3_ws/src/wall_follower/src/wall_follower.cpp:123:57:[m[K [01;31m[Kerror: [m[Kcannot convert ‘[01m[Kstd::string[m[K’ {aka ‘[01m[Kstd::__cxx11::basic_string<char>[m[K’} to ‘[01m[Kconst char*[m[K’
[6.102s]   123 |                         RCLCPP_INFO(this->get_logger(), [01;31m[Kprint[m[K);
[6.102s]       |                                                         [01;31m[K^~~~~[m[K
[6.102s]       |                                                         [01;31m[K|[m[K
[6.102s]       |                                                         [01;31m[Kstd::string {aka std::__cxx11::basic_string<char>}[m[K
[6.102s] In file included from [01m[K/opt/ros/humble/include/rmw/rmw/types.h:28[m[K,
[6.102s]                  from [01m[K/opt/ros/humble/include/rcl/rcl/types.h:20[m[K,
[6.102s]                  from [01m[K/opt/ros/humble/include/rcl/rcl/log_level.h:22[m[K,
[6.102s]                  from [01m[K/opt/ros/humble/include/rcl/rcl/arguments.h:21[m[K,
[6.102s]                  from [01m[K/opt/ros/humble/include/rcl/rcl/context.h:28[m[K,
[6.102s]                  from [01m[K/opt/ros/humble/include/rcl/rcl/guard_condition.h:26[m[K,
[6.103s]                  from [01m[K/opt/ros/humble/include/rclcpp/rclcpp/executor.hpp:30[m[K,
[6.103s]                  from [01m[K/opt/ros/humble/include/rclcpp/rclcpp/executors/multi_threaded_executor.hpp:25[m[K,
[6.103s]                  from [01m[K/opt/ros/humble/include/rclcpp/rclcpp/executors.hpp:21[m[K,
[6.103s]                  from [01m[K/opt/ros/humble/include/rclcpp/rclcpp/rclcpp.hpp:155[m[K,
[6.103s]                  from [01m[K/home/pi/turtlebot3_ws/src/wall_follower/include/wall_follower/wall_follower.hpp:25[m[K,
[6.103s]                  from [01m[K/home/pi/turtlebot3_ws/src/wall_follower/src/wall_follower.cpp:24[m[K:
[6.103s] [01m[K/opt/ros/humble/include/rcutils/rcutils/logging.h:479:16:[m[K [01;36m[Knote: [m[K  initializing argument 4 of ‘[01m[Kvoid rcutils_log(const rcutils_log_location_t*, int, const char*, const char*, ...)[m[K’
[6.103s]   479 |   [01;36m[Kconst char * format[m[K,
[6.103s]       |   [01;36m[K~~~~~~~~~~~~~^~~~~~[m[K
[6.103s] In file included from [01m[K/opt/ros/humble/include/rclcpp/rclcpp/logging.hpp:24[m[K,
[6.103s]                  from [01m[K/opt/ros/humble/include/rclcpp/rclcpp/client.hpp:40[m[K,
[6.103s]                  from [01m[K/opt/ros/humble/include/rclcpp/rclcpp/callback_group.hpp:24[m[K,
[6.103s]                  from [01m[K/opt/ros/humble/include/rclcpp/rclcpp/any_executable.hpp:20[m[K,
[6.103s]                  from [01m[K/opt/ros/humble/include/rclcpp/rclcpp/memory_strategy.hpp:25[m[K,
[6.103s]                  from [01m[K/opt/ros/humble/include/rclcpp/rclcpp/memory_strategies.hpp:18[m[K,
[6.103s]                  from [01m[K/opt/ros/humble/include/rclcpp/rclcpp/executor_options.hpp:20[m[K,
[6.103s]                  from [01m[K/opt/ros/humble/include/rclcpp/rclcpp/executor.hpp:37[m[K,
[6.103s]                  from [01m[K/opt/ros/humble/include/rclcpp/rclcpp/executors/multi_threaded_executor.hpp:25[m[K,
[6.103s]                  from [01m[K/opt/ros/humble/include/rclcpp/rclcpp/executors.hpp:21[m[K,
[6.103s]                  from [01m[K/opt/ros/humble/include/rclcpp/rclcpp/rclcpp.hpp:155[m[K,
[6.103s]                  from [01m[K/home/pi/turtlebot3_ws/src/wall_follower/include/wall_follower/wall_follower.hpp:25[m[K,
[6.103s]                  from [01m[K/home/pi/turtlebot3_ws/src/wall_follower/src/wall_follower.cpp:24[m[K:
[6.103s] [01m[K/home/pi/turtlebot3_ws/src/wall_follower/src/wall_follower.cpp:[m[K In member function ‘[01m[Kvoid WallFollower::update_callback()[m[K’:
[6.104s] [01m[K/home/pi/turtlebot3_ws/src/wall_follower/src/wall_follower.cpp:259:57:[m[K [01;31m[Kerror: [m[Kcannot convert ‘[01m[Kstd::string[m[K’ {aka ‘[01m[Kstd::__cxx11::basic_string<char>[m[K’} to ‘[01m[Kconst char*[m[K’
[6.104s]   259 |                         RCLCPP_INFO(this->get_logger(), [01;31m[Kprint[m[K);
[6.104s]       |                                                         [01;31m[K^~~~~[m[K
[6.104s]       |                                                         [01;31m[K|[m[K
[6.104s]       |                                                         [01;31m[Kstd::string {aka std::__cxx11::basic_string<char>}[m[K
[6.104s] In file included from [01m[K/opt/ros/humble/include/rmw/rmw/types.h:28[m[K,
[6.104s]                  from [01m[K/opt/ros/humble/include/rcl/rcl/types.h:20[m[K,
[6.104s]                  from [01m[K/opt/ros/humble/include/rcl/rcl/log_level.h:22[m[K,
[6.104s]                  from [01m[K/opt/ros/humble/include/rcl/rcl/arguments.h:21[m[K,
[6.104s]                  from [01m[K/opt/ros/humble/include/rcl/rcl/context.h:28[m[K,
[6.104s]                  from [01m[K/opt/ros/humble/include/rcl/rcl/guard_condition.h:26[m[K,
[6.104s]                  from [01m[K/opt/ros/humble/include/rclcpp/rclcpp/executor.hpp:30[m[K,
[6.104s]                  from [01m[K/opt/ros/humble/include/rclcpp/rclcpp/executors/multi_threaded_executor.hpp:25[m[K,
[6.104s]                  from [01m[K/opt/ros/humble/include/rclcpp/rclcpp/executors.hpp:21[m[K,
[6.104s]                  from [01m[K/opt/ros/humble/include/rclcpp/rclcpp/rclcpp.hpp:155[m[K,
[6.104s]                  from [01m[K/home/pi/turtlebot3_ws/src/wall_follower/include/wall_follower/wall_follower.hpp:25[m[K,
[6.104s]                  from [01m[K/home/pi/turtlebot3_ws/src/wall_follower/src/wall_follower.cpp:24[m[K:
[6.104s] [01m[K/opt/ros/humble/include/rcutils/rcutils/logging.h:479:16:[m[K [01;36m[Knote: [m[K  initializing argument 4 of ‘[01m[Kvoid rcutils_log(const rcutils_log_location_t*, int, const char*, const char*, ...)[m[K’
[6.104s]   479 |   [01;36m[Kconst char * format[m[K,
[6.104s]       |   [01;36m[K~~~~~~~~~~~~~^~~~~~[m[K
[6.104s] In file included from [01m[K/opt/ros/humble/include/rclcpp/rclcpp/logging.hpp:24[m[K,
[6.104s]                  from [01m[K/opt/ros/humble/include/rclcpp/rclcpp/client.hpp:40[m[K,
[6.104s]                  from [01m[K/opt/ros/humble/include/rclcpp/rclcpp/callback_group.hpp:24[m[K,
[6.104s]                  from [01m[K/opt/ros/humble/include/rclcpp/rclcpp/any_executable.hpp:20[m[K,
[6.105s]                  from [01m[K/opt/ros/humble/include/rclcpp/rclcpp/memory_strategy.hpp:25[m[K,
[6.105s]                  from [01m[K/opt/ros/humble/include/rclcpp/rclcpp/memory_strategies.hpp:18[m[K,
[6.105s]                  from [01m[K/opt/ros/humble/include/rclcpp/rclcpp/executor_options.hpp:20[m[K,
[6.105s]                  from [01m[K/opt/ros/humble/include/rclcpp/rclcpp/executor.hpp:37[m[K,
[6.105s]                  from [01m[K/opt/ros/humble/include/rclcpp/rclcpp/executors/multi_threaded_executor.hpp:25[m[K,
[6.105s]                  from [01m[K/opt/ros/humble/include/rclcpp/rclcpp/executors.hpp:21[m[K,
[6.105s]                  from [01m[K/opt/ros/humble/include/rclcpp/rclcpp/rclcpp.hpp:155[m[K,
[6.105s]                  from [01m[K/home/pi/turtlebot3_ws/src/wall_follower/include/wall_follower/wall_follower.hpp:25[m[K,
[6.105s]                  from [01m[K/home/pi/turtlebot3_ws/src/wall_follower/src/wall_follower.cpp:24[m[K:
[6.105s] [01m[K/home/pi/turtlebot3_ws/src/wall_follower/src/wall_follower.cpp:265:57:[m[K [01;31m[Kerror: [m[Kcannot convert ‘[01m[Kstd::string[m[K’ {aka ‘[01m[Kstd::__cxx11::basic_string<char>[m[K’} to ‘[01m[Kconst char*[m[K’
[6.105s]   265 |                         RCLCPP_INFO(this->get_logger(), [01;31m[Kprint[m[K);
[6.105s]       |                                                         [01;31m[K^~~~~[m[K
[6.105s]       |                                                         [01;31m[K|[m[K
[6.105s]       |                                                         [01;31m[Kstd::string {aka std::__cxx11::basic_string<char>}[m[K
[6.105s] In file included from [01m[K/opt/ros/humble/include/rmw/rmw/types.h:28[m[K,
[6.105s]                  from [01m[K/opt/ros/humble/include/rcl/rcl/types.h:20[m[K,
[6.105s]                  from [01m[K/opt/ros/humble/include/rcl/rcl/log_level.h:22[m[K,
[6.105s]                  from [01m[K/opt/ros/humble/include/rcl/rcl/arguments.h:21[m[K,
[6.105s]                  from [01m[K/opt/ros/humble/include/rcl/rcl/context.h:28[m[K,
[6.105s]                  from [01m[K/opt/ros/humble/include/rcl/rcl/guard_condition.h:26[m[K,
[6.105s]                  from [01m[K/opt/ros/humble/include/rclcpp/rclcpp/executor.hpp:30[m[K,
[6.105s]                  from [01m[K/opt/ros/humble/include/rclcpp/rclcpp/executors/multi_threaded_executor.hpp:25[m[K,
[6.105s]                  from [01m[K/opt/ros/humble/include/rclcpp/rclcpp/executors.hpp:21[m[K,
[6.105s]                  from [01m[K/opt/ros/humble/include/rclcpp/rclcpp/rclcpp.hpp:155[m[K,
[6.105s]                  from [01m[K/home/pi/turtlebot3_ws/src/wall_follower/include/wall_follower/wall_follower.hpp:25[m[K,
[6.106s]                  from [01m[K/home/pi/turtlebot3_ws/src/wall_follower/src/wall_follower.cpp:24[m[K:
[6.106s] [01m[K/opt/ros/humble/include/rcutils/rcutils/logging.h:479:16:[m[K [01;36m[Knote: [m[K  initializing argument 4 of ‘[01m[Kvoid rcutils_log(const rcutils_log_location_t*, int, const char*, const char*, ...)[m[K’
[6.106s]   479 |   [01;36m[Kconst char * format[m[K,
[6.106s]       |   [01;36m[K~~~~~~~~~~~~~^~~~~~[m[K
[6.106s] In file included from [01m[K/opt/ros/humble/include/rclcpp/rclcpp/logging.hpp:24[m[K,
[6.106s]                  from [01m[K/opt/ros/humble/include/rclcpp/rclcpp/client.hpp:40[m[K,
[6.106s]                  from [01m[K/opt/ros/humble/include/rclcpp/rclcpp/callback_group.hpp:24[m[K,
[6.106s]                  from [01m[K/opt/ros/humble/include/rclcpp/rclcpp/any_executable.hpp:20[m[K,
[6.106s]                  from [01m[K/opt/ros/humble/include/rclcpp/rclcpp/memory_strategy.hpp:25[m[K,
[6.106s]                  from [01m[K/opt/ros/humble/include/rclcpp/rclcpp/memory_strategies.hpp:18[m[K,
[6.106s]                  from [01m[K/opt/ros/humble/include/rclcpp/rclcpp/executor_options.hpp:20[m[K,
[6.106s]                  from [01m[K/opt/ros/humble/include/rclcpp/rclcpp/executor.hpp:37[m[K,
[6.106s]                  from [01m[K/opt/ros/humble/include/rclcpp/rclcpp/executors/multi_threaded_executor.hpp:25[m[K,
[6.106s]                  from [01m[K/opt/ros/humble/include/rclcpp/rclcpp/executors.hpp:21[m[K,
[6.106s]                  from [01m[K/opt/ros/humble/include/rclcpp/rclcpp/rclcpp.hpp:155[m[K,
[6.106s]                  from [01m[K/home/pi/turtlebot3_ws/src/wall_follower/include/wall_follower/wall_follower.hpp:25[m[K,
[6.106s]                  from [01m[K/home/pi/turtlebot3_ws/src/wall_follower/src/wall_follower.cpp:24[m[K:
[6.106s] [01m[K/home/pi/turtlebot3_ws/src/wall_follower/src/wall_follower.cpp:349:57:[m[K [01;31m[Kerror: [m[Kcannot convert ‘[01m[Kstd::string[m[K’ {aka ‘[01m[Kstd::__cxx11::basic_string<char>[m[K’} to ‘[01m[Kconst char*[m[K’
[6.111s]   349 |                         RCLCPP_INFO(this->get_logger(), [01;31m[Kprint1[m[K);
[6.111s]       |                                                         [01;31m[K^~~~~~[m[K
[6.111s]       |                                                         [01;31m[K|[m[K
[6.112s]       |                                                         [01;31m[Kstd::string {aka std::__cxx11::basic_string<char>}[m[K
[6.112s] In file included from [01m[K/opt/ros/humble/include/rmw/rmw/types.h:28[m[K,
[6.112s]                  from [01m[K/opt/ros/humble/include/rcl/rcl/types.h:20[m[K,
[6.114s]                  from [01m[K/opt/ros/humble/include/rcl/rcl/log_level.h:22[m[K,
[6.114s]                  from [01m[K/opt/ros/humble/include/rcl/rcl/arguments.h:21[m[K,
[6.114s]                  from [01m[K/opt/ros/humble/include/rcl/rcl/context.h:28[m[K,
[6.114s]                  from [01m[K/opt/ros/humble/include/rcl/rcl/guard_condition.h:26[m[K,
[6.114s]                  from [01m[K/opt/ros/humble/include/rclcpp/rclcpp/executor.hpp:30[m[K,
[6.114s]                  from [01m[K/opt/ros/humble/include/rclcpp/rclcpp/executors/multi_threaded_executor.hpp:25[m[K,
[6.115s]                  from [01m[K/opt/ros/humble/include/rclcpp/rclcpp/executors.hpp:21[m[K,
[6.115s]                  from [01m[K/opt/ros/humble/include/rclcpp/rclcpp/rclcpp.hpp:155[m[K,
[6.115s]                  from [01m[K/home/pi/turtlebot3_ws/src/wall_follower/include/wall_follower/wall_follower.hpp:25[m[K,
[6.115s]                  from [01m[K/home/pi/turtlebot3_ws/src/wall_follower/src/wall_follower.cpp:24[m[K:
[6.115s] [01m[K/opt/ros/humble/include/rcutils/rcutils/logging.h:479:16:[m[K [01;36m[Knote: [m[K  initializing argument 4 of ‘[01m[Kvoid rcutils_log(const rcutils_log_location_t*, int, const char*, const char*, ...)[m[K’
[6.115s]   479 |   [01;36m[Kconst char * format[m[K,
[6.115s]       |   [01;36m[K~~~~~~~~~~~~~^~~~~~[m[K
[6.115s] In file included from [01m[K/opt/ros/humble/include/rclcpp/rclcpp/logging.hpp:24[m[K,
[6.115s]                  from [01m[K/opt/ros/humble/include/rclcpp/rclcpp/client.hpp:40[m[K,
[6.115s]                  from [01m[K/opt/ros/humble/include/rclcpp/rclcpp/callback_group.hpp:24[m[K,
[6.115s]                  from [01m[K/opt/ros/humble/include/rclcpp/rclcpp/any_executable.hpp:20[m[K,
[6.115s]                  from [01m[K/opt/ros/humble/include/rclcpp/rclcpp/memory_strategy.hpp:25[m[K,
[6.115s]                  from [01m[K/opt/ros/humble/include/rclcpp/rclcpp/memory_strategies.hpp:18[m[K,
[6.115s]                  from [01m[K/opt/ros/humble/include/rclcpp/rclcpp/executor_options.hpp:20[m[K,
[6.116s]                  from [01m[K/opt/ros/humble/include/rclcpp/rclcpp/executor.hpp:37[m[K,
[6.117s]                  from [01m[K/opt/ros/humble/include/rclcpp/rclcpp/executors/multi_threaded_executor.hpp:25[m[K,
[6.117s]                  from [01m[K/opt/ros/humble/include/rclcpp/rclcpp/executors.hpp:21[m[K,
[6.117s]                  from [01m[K/opt/ros/humble/include/rclcpp/rclcpp/rclcpp.hpp:155[m[K,
[6.117s]                  from [01m[K/home/pi/turtlebot3_ws/src/wall_follower/include/wall_follower/wall_follower.hpp:25[m[K,
[6.117s]                  from [01m[K/home/pi/turtlebot3_ws/src/wall_follower/src/wall_follower.cpp:24[m[K:
[6.117s] [01m[K/home/pi/turtlebot3_ws/src/wall_follower/src/wall_follower.cpp:359:57:[m[K [01;31m[Kerror: [m[Kcannot convert ‘[01m[Kstd::string[m[K’ {aka ‘[01m[Kstd::__cxx11::basic_string<char>[m[K’} to ‘[01m[Kconst char*[m[K’
[6.117s]   359 |                         RCLCPP_INFO(this->get_logger(), [01;31m[Kprint2[m[K);
[6.117s]       |                                                         [01;31m[K^~~~~~[m[K
[6.117s]       |                                                         [01;31m[K|[m[K
[6.117s]       |                                                         [01;31m[Kstd::string {aka std::__cxx11::basic_string<char>}[m[K
[6.117s] In file included from [01m[K/opt/ros/humble/include/rmw/rmw/types.h:28[m[K,
[6.117s]                  from [01m[K/opt/ros/humble/include/rcl/rcl/types.h:20[m[K,
[6.117s]                  from [01m[K/opt/ros/humble/include/rcl/rcl/log_level.h:22[m[K,
[6.117s]                  from [01m[K/opt/ros/humble/include/rcl/rcl/arguments.h:21[m[K,
[6.117s]                  from [01m[K/opt/ros/humble/include/rcl/rcl/context.h:28[m[K,
[6.117s]                  from [01m[K/opt/ros/humble/include/rcl/rcl/guard_condition.h:26[m[K,
[6.118s]                  from [01m[K/opt/ros/humble/include/rclcpp/rclcpp/executor.hpp:30[m[K,
[6.118s]                  from [01m[K/opt/ros/humble/include/rclcpp/rclcpp/executors/multi_threaded_executor.hpp:25[m[K,
[6.118s]                  from [01m[K/opt/ros/humble/include/rclcpp/rclcpp/executors.hpp:21[m[K,
[6.118s]                  from [01m[K/opt/ros/humble/include/rclcpp/rclcpp/rclcpp.hpp:155[m[K,
[6.119s]                  from [01m[K/home/pi/turtlebot3_ws/src/wall_follower/include/wall_follower/wall_follower.hpp:25[m[K,
[6.119s]                  from [01m[K/home/pi/turtlebot3_ws/src/wall_follower/src/wall_follower.cpp:24[m[K:
[6.119s] [01m[K/opt/ros/humble/include/rcutils/rcutils/logging.h:479:16:[m[K [01;36m[Knote: [m[K  initializing argument 4 of ‘[01m[Kvoid rcutils_log(const rcutils_log_location_t*, int, const char*, const char*, ...)[m[K’
[6.119s]   479 |   [01;36m[Kconst char * format[m[K,
[6.119s]       |   [01;36m[K~~~~~~~~~~~~~^~~~~~[m[K
[6.119s] In file included from [01m[K/opt/ros/humble/include/rclcpp/rclcpp/logging.hpp:24[m[K,
[6.119s]                  from [01m[K/opt/ros/humble/include/rclcpp/rclcpp/client.hpp:40[m[K,
[6.119s]                  from [01m[K/opt/ros/humble/include/rclcpp/rclcpp/callback_group.hpp:24[m[K,
[6.119s]                  from [01m[K/opt/ros/humble/include/rclcpp/rclcpp/any_executable.hpp:20[m[K,
[6.119s]                  from [01m[K/opt/ros/humble/include/rclcpp/rclcpp/memory_strategy.hpp:25[m[K,
[6.119s]                  from [01m[K/opt/ros/humble/include/rclcpp/rclcpp/memory_strategies.hpp:18[m[K,
[6.119s]                  from [01m[K/opt/ros/humble/include/rclcpp/rclcpp/executor_options.hpp:20[m[K,
[6.119s]                  from [01m[K/opt/ros/humble/include/rclcpp/rclcpp/executor.hpp:37[m[K,
[6.119s]                  from [01m[K/opt/ros/humble/include/rclcpp/rclcpp/executors/multi_threaded_executor.hpp:25[m[K,
[6.120s]                  from [01m[K/opt/ros/humble/include/rclcpp/rclcpp/executors.hpp:21[m[K,
[6.120s]                  from [01m[K/opt/ros/humble/include/rclcpp/rclcpp/rclcpp.hpp:155[m[K,
[6.120s]                  from [01m[K/home/pi/turtlebot3_ws/src/wall_follower/include/wall_follower/wall_follower.hpp:25[m[K,
[6.120s]                  from [01m[K/home/pi/turtlebot3_ws/src/wall_follower/src/wall_follower.cpp:24[m[K:
[6.120s] [01m[K/home/pi/turtlebot3_ws/src/wall_follower/src/wall_follower.cpp:368:57:[m[K [01;31m[Kerror: [m[Kcannot convert ‘[01m[Kstd::string[m[K’ {aka ‘[01m[Kstd::__cxx11::basic_string<char>[m[K’} to ‘[01m[Kconst char*[m[K’
[6.120s]   368 |                         RCLCPP_INFO(this->get_logger(), [01;31m[Kprint4[m[K);
[6.120s]       |                                                         [01;31m[K^~~~~~[m[K
[6.120s]       |                                                         [01;31m[K|[m[K
[6.120s]       |                                                         [01;31m[Kstd::string {aka std::__cxx11::basic_string<char>}[m[K
[6.120s] In file included from [01m[K/opt/ros/humble/include/rmw/rmw/types.h:28[m[K,
[6.120s]                  from [01m[K/opt/ros/humble/include/rcl/rcl/types.h:20[m[K,
[6.120s]                  from [01m[K/opt/ros/humble/include/rcl/rcl/log_level.h:22[m[K,
[6.120s]                  from [01m[K/opt/ros/humble/include/rcl/rcl/arguments.h:21[m[K,
[6.120s]                  from [01m[K/opt/ros/humble/include/rcl/rcl/context.h:28[m[K,
[6.120s]                  from [01m[K/opt/ros/humble/include/rcl/rcl/guard_condition.h:26[m[K,
[6.120s]                  from [01m[K/opt/ros/humble/include/rclcpp/rclcpp/executor.hpp:30[m[K,
[6.120s]                  from [01m[K/opt/ros/humble/include/rclcpp/rclcpp/executors/multi_threaded_executor.hpp:25[m[K,
[6.120s]                  from [01m[K/opt/ros/humble/include/rclcpp/rclcpp/executors.hpp:21[m[K,
[6.120s]                  from [01m[K/opt/ros/humble/include/rclcpp/rclcpp/rclcpp.hpp:155[m[K,
[6.122s]                  from [01m[K/home/pi/turtlebot3_ws/src/wall_follower/include/wall_follower/wall_follower.hpp:25[m[K,
[6.122s]                  from [01m[K/home/pi/turtlebot3_ws/src/wall_follower/src/wall_follower.cpp:24[m[K:
[6.123s] [01m[K/opt/ros/humble/include/rcutils/rcutils/logging.h:479:16:[m[K [01;36m[Knote: [m[K  initializing argument 4 of ‘[01m[Kvoid rcutils_log(const rcutils_log_location_t*, int, const char*, const char*, ...)[m[K’
[6.123s]   479 |   [01;36m[Kconst char * format[m[K,
[6.123s]       |   [01;36m[K~~~~~~~~~~~~~^~~~~~[m[K
[6.123s] In file included from [01m[K/opt/ros/humble/include/rclcpp/rclcpp/logging.hpp:24[m[K,
[6.123s]                  from [01m[K/opt/ros/humble/include/rclcpp/rclcpp/client.hpp:40[m[K,
[6.123s]                  from [01m[K/opt/ros/humble/include/rclcpp/rclcpp/callback_group.hpp:24[m[K,
[6.123s]                  from [01m[K/opt/ros/humble/include/rclcpp/rclcpp/any_executable.hpp:20[m[K,
[6.123s]                  from [01m[K/opt/ros/humble/include/rclcpp/rclcpp/memory_strategy.hpp:25[m[K,
[6.123s]                  from [01m[K/opt/ros/humble/include/rclcpp/rclcpp/memory_strategies.hpp:18[m[K,
[6.123s]                  from [01m[K/opt/ros/humble/include/rclcpp/rclcpp/executor_options.hpp:20[m[K,
[6.123s]                  from [01m[K/opt/ros/humble/include/rclcpp/rclcpp/executor.hpp:37[m[K,
[6.123s]                  from [01m[K/opt/ros/humble/include/rclcpp/rclcpp/executors/multi_threaded_executor.hpp:25[m[K,
[6.123s]                  from [01m[K/opt/ros/humble/include/rclcpp/rclcpp/executors.hpp:21[m[K,
[6.123s]                  from [01m[K/opt/ros/humble/include/rclcpp/rclcpp/rclcpp.hpp:155[m[K,
[6.123s]                  from [01m[K/home/pi/turtlebot3_ws/src/wall_follower/include/wall_follower/wall_follower.hpp:25[m[K,
[6.123s]                  from [01m[K/home/pi/turtlebot3_ws/src/wall_follower/src/wall_follower.cpp:24[m[K:
[6.123s] [01m[K/home/pi/turtlebot3_ws/src/wall_follower/src/wall_follower.cpp:382:57:[m[K [01;31m[Kerror: [m[Kcannot convert ‘[01m[Kstd::string[m[K’ {aka ‘[01m[Kstd::__cxx11::basic_string<char>[m[K’} to ‘[01m[Kconst char*[m[K’
[6.123s]   382 |                         RCLCPP_INFO(this->get_logger(), [01;31m[Kprint2[m[K);
[6.123s]       |                                                         [01;31m[K^~~~~~[m[K
[6.123s]       |                                                         [01;31m[K|[m[K
[6.123s]       |                                                         [01;31m[Kstd::string {aka std::__cxx11::basic_string<char>}[m[K
[6.126s] In file included from [01m[K/opt/ros/humble/include/rmw/rmw/types.h:28[m[K,
[6.126s]                  from [01m[K/opt/ros/humble/include/rcl/rcl/types.h:20[m[K,
[6.126s]                  from [01m[K/opt/ros/humble/include/rcl/rcl/log_level.h:22[m[K,
[6.126s]                  from [01m[K/opt/ros/humble/include/rcl/rcl/arguments.h:21[m[K,
[6.126s]                  from [01m[K/opt/ros/humble/include/rcl/rcl/context.h:28[m[K,
[6.126s]                  from [01m[K/opt/ros/humble/include/rcl/rcl/guard_condition.h:26[m[K,
[6.126s]                  from [01m[K/opt/ros/humble/include/rclcpp/rclcpp/executor.hpp:30[m[K,
[6.126s]                  from [01m[K/opt/ros/humble/include/rclcpp/rclcpp/executors/multi_threaded_executor.hpp:25[m[K,
[6.126s]                  from [01m[K/opt/ros/humble/include/rclcpp/rclcpp/executors.hpp:21[m[K,
[6.126s]                  from [01m[K/opt/ros/humble/include/rclcpp/rclcpp/rclcpp.hpp:155[m[K,
[6.127s]                  from [01m[K/home/pi/turtlebot3_ws/src/wall_follower/include/wall_follower/wall_follower.hpp:25[m[K,
[6.127s]                  from [01m[K/home/pi/turtlebot3_ws/src/wall_follower/src/wall_follower.cpp:24[m[K:
[6.127s] [01m[K/opt/ros/humble/include/rcutils/rcutils/logging.h:479:16:[m[K [01;36m[Knote: [m[K  initializing argument 4 of ‘[01m[Kvoid rcutils_log(const rcutils_log_location_t*, int, const char*, const char*, ...)[m[K’
[6.127s]   479 |   [01;36m[Kconst char * format[m[K,
[6.127s]       |   [01;36m[K~~~~~~~~~~~~~^~~~~~[m[K
[6.127s] In file included from [01m[K/opt/ros/humble/include/rclcpp/rclcpp/logging.hpp:24[m[K,
[6.127s]                  from [01m[K/opt/ros/humble/include/rclcpp/rclcpp/client.hpp:40[m[K,
[6.127s]                  from [01m[K/opt/ros/humble/include/rclcpp/rclcpp/callback_group.hpp:24[m[K,
[6.127s]                  from [01m[K/opt/ros/humble/include/rclcpp/rclcpp/any_executable.hpp:20[m[K,
[6.127s]                  from [01m[K/opt/ros/humble/include/rclcpp/rclcpp/memory_strategy.hpp:25[m[K,
[6.127s]                  from [01m[K/opt/ros/humble/include/rclcpp/rclcpp/memory_strategies.hpp:18[m[K,
[6.127s]                  from [01m[K/opt/ros/humble/include/rclcpp/rclcpp/executor_options.hpp:20[m[K,
[6.127s]                  from [01m[K/opt/ros/humble/include/rclcpp/rclcpp/executor.hpp:37[m[K,
[6.127s]                  from [01m[K/opt/ros/humble/include/rclcpp/rclcpp/executors/multi_threaded_executor.hpp:25[m[K,
[6.127s]                  from [01m[K/opt/ros/humble/include/rclcpp/rclcpp/executors.hpp:21[m[K,
[6.130s]                  from [01m[K/opt/ros/humble/include/rclcpp/rclcpp/rclcpp.hpp:155[m[K,
[6.130s]                  from [01m[K/home/pi/turtlebot3_ws/src/wall_follower/include/wall_follower/wall_follower.hpp:25[m[K,
[6.130s]                  from [01m[K/home/pi/turtlebot3_ws/src/wall_follower/src/wall_follower.cpp:24[m[K:
[6.130s] [01m[K/home/pi/turtlebot3_ws/src/wall_follower/src/wall_follower.cpp:391:57:[m[K [01;31m[Kerror: [m[Kcannot convert ‘[01m[Kstd::string[m[K’ {aka ‘[01m[Kstd::__cxx11::basic_string<char>[m[K’} to ‘[01m[Kconst char*[m[K’
[6.130s]   391 |                         RCLCPP_INFO(this->get_logger(), [01;31m[Kprint4[m[K);
[6.130s]       |                                                         [01;31m[K^~~~~~[m[K
[6.130s]       |                                                         [01;31m[K|[m[K
[6.130s]       |                                                         [01;31m[Kstd::string {aka std::__cxx11::basic_string<char>}[m[K
[6.130s] In file included from [01m[K/opt/ros/humble/include/rmw/rmw/types.h:28[m[K,
[6.130s]                  from [01m[K/opt/ros/humble/include/rcl/rcl/types.h:20[m[K,
[6.131s]                  from [01m[K/opt/ros/humble/include/rcl/rcl/log_level.h:22[m[K,
[6.131s]                  from [01m[K/opt/ros/humble/include/rcl/rcl/arguments.h:21[m[K,
[6.131s]                  from [01m[K/opt/ros/humble/include/rcl/rcl/context.h:28[m[K,
[6.131s]                  from [01m[K/opt/ros/humble/include/rcl/rcl/guard_condition.h:26[m[K,
[6.131s]                  from [01m[K/opt/ros/humble/include/rclcpp/rclcpp/executor.hpp:30[m[K,
[6.131s]                  from [01m[K/opt/ros/humble/include/rclcpp/rclcpp/executors/multi_threaded_executor.hpp:25[m[K,
[6.131s]                  from [01m[K/opt/ros/humble/include/rclcpp/rclcpp/executors.hpp:21[m[K,
[6.131s]                  from [01m[K/opt/ros/humble/include/rclcpp/rclcpp/rclcpp.hpp:155[m[K,
[6.131s]                  from [01m[K/home/pi/turtlebot3_ws/src/wall_follower/include/wall_follower/wall_follower.hpp:25[m[K,
[6.131s]                  from [01m[K/home/pi/turtlebot3_ws/src/wall_follower/src/wall_follower.cpp:24[m[K:
[6.131s] [01m[K/opt/ros/humble/include/rcutils/rcutils/logging.h:479:16:[m[K [01;36m[Knote: [m[K  initializing argument 4 of ‘[01m[Kvoid rcutils_log(const rcutils_log_location_t*, int, const char*, const char*, ...)[m[K’
[6.131s]   479 |   [01;36m[Kconst char * format[m[K,
[6.131s]       |   [01;36m[K~~~~~~~~~~~~~^~~~~~[m[K
[6.131s] In file included from [01m[K/opt/ros/humble/include/rclcpp/rclcpp/logging.hpp:24[m[K,
[6.131s]                  from [01m[K/opt/ros/humble/include/rclcpp/rclcpp/client.hpp:40[m[K,
[6.131s]                  from [01m[K/opt/ros/humble/include/rclcpp/rclcpp/callback_group.hpp:24[m[K,
[6.131s]                  from [01m[K/opt/ros/humble/include/rclcpp/rclcpp/any_executable.hpp:20[m[K,
[6.131s]                  from [01m[K/opt/ros/humble/include/rclcpp/rclcpp/memory_strategy.hpp:25[m[K,
[6.131s]                  from [01m[K/opt/ros/humble/include/rclcpp/rclcpp/memory_strategies.hpp:18[m[K,
[6.131s]                  from [01m[K/opt/ros/humble/include/rclcpp/rclcpp/executor_options.hpp:20[m[K,
[6.131s]                  from [01m[K/opt/ros/humble/include/rclcpp/rclcpp/executor.hpp:37[m[K,
[6.131s]                  from [01m[K/opt/ros/humble/include/rclcpp/rclcpp/executors/multi_threaded_executor.hpp:25[m[K,
[6.131s]                  from [01m[K/opt/ros/humble/include/rclcpp/rclcpp/executors.hpp:21[m[K,
[6.131s]                  from [01m[K/opt/ros/humble/include/rclcpp/rclcpp/rclcpp.hpp:155[m[K,
[6.131s]                  from [01m[K/home/pi/turtlebot3_ws/src/wall_follower/include/wall_follower/wall_follower.hpp:25[m[K,
[6.131s]                  from [01m[K/home/pi/turtlebot3_ws/src/wall_follower/src/wall_follower.cpp:24[m[K:
[6.131s] [01m[K/home/pi/turtlebot3_ws/src/wall_follower/src/wall_follower.cpp:398:57:[m[K [01;31m[Kerror: [m[Kcannot convert ‘[01m[Kstd::string[m[K’ {aka ‘[01m[Kstd::__cxx11::basic_string<char>[m[K’} to ‘[01m[Kconst char*[m[K’
[6.131s]   398 |                         RCLCPP_INFO(this->get_logger(), [01;31m[Kprint7[m[K);
[6.131s]       |                                                         [01;31m[K^~~~~~[m[K
[6.131s]       |                                                         [01;31m[K|[m[K
[6.132s]       |                                                         [01;31m[Kstd::string {aka std::__cxx11::basic_string<char>}[m[K
[6.132s] In file included from [01m[K/opt/ros/humble/include/rmw/rmw/types.h:28[m[K,
[6.132s]                  from [01m[K/opt/ros/humble/include/rcl/rcl/types.h:20[m[K,
[6.132s]                  from [01m[K/opt/ros/humble/include/rcl/rcl/log_level.h:22[m[K,
[6.132s]                  from [01m[K/opt/ros/humble/include/rcl/rcl/arguments.h:21[m[K,
[6.132s]                  from [01m[K/opt/ros/humble/include/rcl/rcl/context.h:28[m[K,
[6.132s]                  from [01m[K/opt/ros/humble/include/rcl/rcl/guard_condition.h:26[m[K,
[6.132s]                  from [01m[K/opt/ros/humble/include/rclcpp/rclcpp/executor.hpp:30[m[K,
[6.132s]                  from [01m[K/opt/ros/humble/include/rclcpp/rclcpp/executors/multi_threaded_executor.hpp:25[m[K,
[6.132s]                  from [01m[K/opt/ros/humble/include/rclcpp/rclcpp/executors.hpp:21[m[K,
[6.132s]                  from [01m[K/opt/ros/humble/include/rclcpp/rclcpp/rclcpp.hpp:155[m[K,
[6.132s]                  from [01m[K/home/pi/turtlebot3_ws/src/wall_follower/include/wall_follower/wall_follower.hpp:25[m[K,
[6.132s]                  from [01m[K/home/pi/turtlebot3_ws/src/wall_follower/src/wall_follower.cpp:24[m[K:
[6.132s] [01m[K/opt/ros/humble/include/rcutils/rcutils/logging.h:479:16:[m[K [01;36m[Knote: [m[K  initializing argument 4 of ‘[01m[Kvoid rcutils_log(const rcutils_log_location_t*, int, const char*, const char*, ...)[m[K’
[6.132s]   479 |   [01;36m[Kconst char * format[m[K,
[6.132s]       |   [01;36m[K~~~~~~~~~~~~~^~~~~~[m[K
[6.132s] In file included from [01m[K/opt/ros/humble/include/rclcpp/rclcpp/logging.hpp:24[m[K,
[6.132s]                  from [01m[K/opt/ros/humble/include/rclcpp/rclcpp/client.hpp:40[m[K,
[6.132s]                  from [01m[K/opt/ros/humble/include/rclcpp/rclcpp/callback_group.hpp:24[m[K,
[6.132s]                  from [01m[K/opt/ros/humble/include/rclcpp/rclcpp/any_executable.hpp:20[m[K,
[6.132s]                  from [01m[K/opt/ros/humble/include/rclcpp/rclcpp/memory_strategy.hpp:25[m[K,
[6.132s]                  from [01m[K/opt/ros/humble/include/rclcpp/rclcpp/memory_strategies.hpp:18[m[K,
[6.132s]                  from [01m[K/opt/ros/humble/include/rclcpp/rclcpp/executor_options.hpp:20[m[K,
[6.132s]                  from [01m[K/opt/ros/humble/include/rclcpp/rclcpp/executor.hpp:37[m[K,
[6.132s]                  from [01m[K/opt/ros/humble/include/rclcpp/rclcpp/executors/multi_threaded_executor.hpp:25[m[K,
[6.132s]                  from [01m[K/opt/ros/humble/include/rclcpp/rclcpp/executors.hpp:21[m[K,
[6.132s]                  from [01m[K/opt/ros/humble/include/rclcpp/rclcpp/rclcpp.hpp:155[m[K,
[6.132s]                  from [01m[K/home/pi/turtlebot3_ws/src/wall_follower/include/wall_follower/wall_follower.hpp:25[m[K,
[6.132s]                  from [01m[K/home/pi/turtlebot3_ws/src/wall_follower/src/wall_follower.cpp:24[m[K:
[6.133s] [01m[K/home/pi/turtlebot3_ws/src/wall_follower/src/wall_follower.cpp:[m[K In member function ‘[01m[Kvoid WallFollower::print_scan_data()[m[K’:
[6.133s] [01m[K/home/pi/turtlebot3_ws/src/wall_follower/src/wall_follower.cpp:429:41:[m[K [01;31m[Kerror: [m[Kcannot convert ‘[01m[Kstd::string[m[K’ {aka ‘[01m[Kstd::__cxx11::basic_string<char>[m[K’} to ‘[01m[Kconst char*[m[K’
[6.133s]   429 |         RCLCPP_INFO(this->get_logger(), [01;31m[Kangle_i[m[K);
[6.135s]       |                                         [01;31m[K^~~~~~~[m[K
[6.135s]       |                                         [01;31m[K|[m[K
[6.135s]       |                                         [01;31m[Kstd::string {aka std::__cxx11::basic_string<char>}[m[K
[6.135s] In file included from [01m[K/opt/ros/humble/include/rmw/rmw/types.h:28[m[K,
[6.135s]                  from [01m[K/opt/ros/humble/include/rcl/rcl/types.h:20[m[K,
[6.135s]                  from [01m[K/opt/ros/humble/include/rcl/rcl/log_level.h:22[m[K,
[6.135s]                  from [01m[K/opt/ros/humble/include/rcl/rcl/arguments.h:21[m[K,
[6.135s]                  from [01m[K/opt/ros/humble/include/rcl/rcl/context.h:28[m[K,
[6.135s]                  from [01m[K/opt/ros/humble/include/rcl/rcl/guard_condition.h:26[m[K,
[6.135s]                  from [01m[K/opt/ros/humble/include/rclcpp/rclcpp/executor.hpp:30[m[K,
[6.135s]                  from [01m[K/opt/ros/humble/include/rclcpp/rclcpp/executors/multi_threaded_executor.hpp:25[m[K,
[6.135s]                  from [01m[K/opt/ros/humble/include/rclcpp/rclcpp/executors.hpp:21[m[K,
[6.135s]                  from [01m[K/opt/ros/humble/include/rclcpp/rclcpp/rclcpp.hpp:155[m[K,
[6.136s]                  from [01m[K/home/pi/turtlebot3_ws/src/wall_follower/include/wall_follower/wall_follower.hpp:25[m[K,
[6.136s]                  from [01m[K/home/pi/turtlebot3_ws/src/wall_follower/src/wall_follower.cpp:24[m[K:
[6.136s] [01m[K/opt/ros/humble/include/rcutils/rcutils/logging.h:479:16:[m[K [01;36m[Knote: [m[K  initializing argument 4 of ‘[01m[Kvoid rcutils_log(const rcutils_log_location_t*, int, const char*, const char*, ...)[m[K’
[6.136s]   479 |   [01;36m[Kconst char * format[m[K,
[6.136s]       |   [01;36m[K~~~~~~~~~~~~~^~~~~~[m[K
[6.136s] In file included from [01m[K/opt/ros/humble/include/rclcpp/rclcpp/logging.hpp:24[m[K,
[6.136s]                  from [01m[K/opt/ros/humble/include/rclcpp/rclcpp/client.hpp:40[m[K,
[6.136s]                  from [01m[K/opt/ros/humble/include/rclcpp/rclcpp/callback_group.hpp:24[m[K,
[6.136s]                  from [01m[K/opt/ros/humble/include/rclcpp/rclcpp/any_executable.hpp:20[m[K,
[6.136s]                  from [01m[K/opt/ros/humble/include/rclcpp/rclcpp/memory_strategy.hpp:25[m[K,
[6.136s]                  from [01m[K/opt/ros/humble/include/rclcpp/rclcpp/memory_strategies.hpp:18[m[K,
[6.136s]                  from [01m[K/opt/ros/humble/include/rclcpp/rclcpp/executor_options.hpp:20[m[K,
[6.137s]                  from [01m[K/opt/ros/humble/include/rclcpp/rclcpp/executor.hpp:37[m[K,
[6.138s]                  from [01m[K/opt/ros/humble/include/rclcpp/rclcpp/executors/multi_threaded_executor.hpp:25[m[K,
[6.139s]                  from [01m[K/opt/ros/humble/include/rclcpp/rclcpp/executors.hpp:21[m[K,
[6.139s]                  from [01m[K/opt/ros/humble/include/rclcpp/rclcpp/rclcpp.hpp:155[m[K,
[6.139s]                  from [01m[K/home/pi/turtlebot3_ws/src/wall_follower/include/wall_follower/wall_follower.hpp:25[m[K,
[6.139s]                  from [01m[K/home/pi/turtlebot3_ws/src/wall_follower/src/wall_follower.cpp:24[m[K:
[6.139s] [01m[K/home/pi/turtlebot3_ws/src/wall_follower/src/wall_follower.cpp:430:41:[m[K [01;31m[Kerror: [m[Kcannot convert ‘[01m[Kstd::string[m[K’ {aka ‘[01m[Kstd::__cxx11::basic_string<char>[m[K’} to ‘[01m[Kconst char*[m[K’
[6.139s]   430 |         RCLCPP_INFO(this->get_logger(), [01;31m[Kscan_data_i[m[K);
[6.139s]       |                                         [01;31m[K^~~~~~~~~~~[m[K
[6.139s]       |                                         [01;31m[K|[m[K
[6.139s]       |                                         [01;31m[Kstd::string {aka std::__cxx11::basic_string<char>}[m[K
[6.139s] In file included from [01m[K/opt/ros/humble/include/rmw/rmw/types.h:28[m[K,
[6.139s]                  from [01m[K/opt/ros/humble/include/rcl/rcl/types.h:20[m[K,
[6.139s]                  from [01m[K/opt/ros/humble/include/rcl/rcl/log_level.h:22[m[K,
[6.139s]                  from [01m[K/opt/ros/humble/include/rcl/rcl/arguments.h:21[m[K,
[6.139s]                  from [01m[K/opt/ros/humble/include/rcl/rcl/context.h:28[m[K,
[6.139s]                  from [01m[K/opt/ros/humble/include/rcl/rcl/guard_condition.h:26[m[K,
[6.139s]                  from [01m[K/opt/ros/humble/include/rclcpp/rclcpp/executor.hpp:30[m[K,
[6.139s]                  from [01m[K/opt/ros/humble/include/rclcpp/rclcpp/executors/multi_threaded_executor.hpp:25[m[K,
[6.139s]                  from [01m[K/opt/ros/humble/include/rclcpp/rclcpp/executors.hpp:21[m[K,
[6.139s]                  from [01m[K/opt/ros/humble/include/rclcpp/rclcpp/rclcpp.hpp:155[m[K,
[6.139s]                  from [01m[K/home/pi/turtlebot3_ws/src/wall_follower/include/wall_follower/wall_follower.hpp:25[m[K,
[6.139s]                  from [01m[K/home/pi/turtlebot3_ws/src/wall_follower/src/wall_follower.cpp:24[m[K:
[6.139s] [01m[K/opt/ros/humble/include/rcutils/rcutils/logging.h:479:16:[m[K [01;36m[Knote: [m[K  initializing argument 4 of ‘[01m[Kvoid rcutils_log(const rcutils_log_location_t*, int, const char*, const char*, ...)[m[K’
[6.140s]   479 |   [01;36m[Kconst char * format[m[K,
[6.140s]       |   [01;36m[K~~~~~~~~~~~~~^~~~~~[m[K
[11.696s] gmake[2]: *** [CMakeFiles/wall_follower.dir/build.make:76: CMakeFiles/wall_follower.dir/src/wall_follower.cpp.o] Error 1
[11.697s] gmake[1]: *** [CMakeFiles/Makefile2:140: CMakeFiles/wall_follower.dir/all] Error 2
[11.697s] gmake: *** [Makefile:146: all] Error 2
[11.700s] Invoked command in '/home/pi/turtlebot3_ws/build/wall_follower' returned '2': CMAKE_PREFIX_PATH=${CMAKE_PREFIX_PATH}:/home/pi/turtlebot3_ws/install/turtlebot3_teleop:/home/pi/turtlebot3_ws/install/turtlebot3_example:/opt/ros/humble /usr/bin/cmake --build /home/pi/turtlebot3_ws/build/wall_follower -- -j4 -l4
