[0.051s] Invoking command in '/home/pi/turtlebot3_ws/build/turtlebot3_node': CMAKE_PREFIX_PATH=/home/pi/turtlebot3_ws/install/turtlebot3_msgs:/home/pi/turtlebot3_ws/install/dynamixel_sdk:/home/pi/turtlebot3_ws/install/wall_follower:/home/pi/turtlebot3_ws/install/turtlebot3:/home/pi/turtlebot3_ws/install/turtlebot3_simulations:/home/pi/turtlebot3_ws/install/turtlebot3_bringup:/home/pi/turtlebot3_ws/install/turtlebot3_node:/home/pi/turtlebot3_ws/install/turtlebot3_navigation2:/home/pi/turtlebot3_ws/install/turtlebot3_fake_node:/home/pi/turtlebot3_ws/install/turtlebot3_manipulation_gazebo:/home/pi/turtlebot3_ws/install/turtlebot3_gazebo:/home/pi/turtlebot3_ws/install/turtlebot3_description:/home/pi/turtlebot3_ws/install/turtlebot3_cartographer:/home/pi/turtlebot3_ws/install/dynamixel_sdk_examples:/home/pi/turtlebot3_ws/install/dynamixel_sdk_custom_interfaces:/home/pi/turtlebot3_ws/install/turtlebot3_teleop:/home/pi/turtlebot3_ws/install/turtlebot3_example:/opt/ros/humble LD_LIBRARY_PATH=/home/pi/turtlebot3_ws/install/turtlebot3_msgs/lib:/home/pi/turtlebot3_ws/install/dynamixel_sdk/lib:/home/pi/turtlebot3_ws/install/dynamixel_sdk_custom_interfaces/lib:/usr/lib/x86_64-linux-gnu/gazebo-11/plugins:/opt/ros/humble/opt/rviz_ogre_vendor/lib:/opt/ros/humble/lib/x86_64-linux-gnu:/opt/ros/humble/lib:/usr/lib/x86_64-linux-gnu/gazebo-11/plugins:/usr/lib/x86_64-linux-gnu/gazebo-11/plugins:/usr/lib/x86_64-linux-gnu/gazebo-11/plugins /usr/bin/cmake /home/pi/turtlebot3_ws/src/turtlebot3/turtlebot3_node -DCMAKE_INSTALL_PREFIX=/home/pi/turtlebot3_ws/install/turtlebot3_node
[0.088s] -- Found ament_cmake: 1.3.12 (/opt/ros/humble/share/ament_cmake/cmake)
[0.352s] -- Override CMake install command with custom implementation using symlinks instead of copying resources
[0.379s] -- Found dynamixel_sdk: 3.8.4 (/home/pi/turtlebot3_ws/install/dynamixel_sdk/share/dynamixel_sdk/cmake)
[0.379s] -- Found geometry_msgs: 4.9.0 (/opt/ros/humble/share/geometry_msgs/cmake)
[0.474s] -- Found rosidl_generator_c: 3.1.7 (/opt/ros/humble/share/rosidl_generator_c/cmake)
[0.474s] -- Found rosidl_adapter: 3.1.7 (/opt/ros/humble/share/rosidl_adapter/cmake)
[0.480s] -- Found rosidl_generator_cpp: 3.1.7 (/opt/ros/humble/share/rosidl_generator_cpp/cmake)
[0.498s] -- Using all available rosidl_typesupport_c: rosidl_typesupport_fastrtps_c;rosidl_typesupport_introspection_c
[0.534s] -- Using all available rosidl_typesupport_cpp: rosidl_typesupport_fastrtps_cpp;rosidl_typesupport_introspection_cpp
[0.669s] -- Found message_filters: 4.3.8 (/opt/ros/humble/share/message_filters/cmake)
[0.789s] -- Found rmw_implementation_cmake: 6.1.2 (/opt/ros/humble/share/rmw_implementation_cmake/cmake)
[0.799s] -- Found rmw_fastrtps_cpp: 6.2.8 (/opt/ros/humble/share/rmw_fastrtps_cpp/cmake)
[1.057s] -- Using RMW implementation 'rmw_fastrtps_cpp' as default
[1.107s] -- Found nav_msgs: 4.9.0 (/opt/ros/humble/share/nav_msgs/cmake)
[1.167s] -- Found sensor_msgs: 4.9.0 (/opt/ros/humble/share/sensor_msgs/cmake)
[1.202s] -- Found std_srvs: 4.9.0 (/opt/ros/humble/share/std_srvs/cmake)
[1.202s] -- Found tf2: 0.25.16 (/opt/ros/humble/share/tf2/cmake)
[1.202s] -- Found tf2_ros: 0.25.16 (/opt/ros/humble/share/tf2_ros/cmake)
[1.389s] -- Found turtlebot3_msgs: 2.4.0 (/home/pi/turtlebot3_ws/install/turtlebot3_msgs/share/turtlebot3_msgs/cmake)
[1.390s] -- Configuring done
[1.394s] -- Generating done
[1.407s] -- Build files have been written to: /home/pi/turtlebot3_ws/build/turtlebot3_node
[1.828s] Invoked command in '/home/pi/turtlebot3_ws/build/turtlebot3_node' returned '0': CMAKE_PREFIX_PATH=/home/pi/turtlebot3_ws/install/turtlebot3_msgs:/home/pi/turtlebot3_ws/install/dynamixel_sdk:/home/pi/turtlebot3_ws/install/wall_follower:/home/pi/turtlebot3_ws/install/turtlebot3:/home/pi/turtlebot3_ws/install/turtlebot3_simulations:/home/pi/turtlebot3_ws/install/turtlebot3_bringup:/home/pi/turtlebot3_ws/install/turtlebot3_node:/home/pi/turtlebot3_ws/install/turtlebot3_navigation2:/home/pi/turtlebot3_ws/install/turtlebot3_fake_node:/home/pi/turtlebot3_ws/install/turtlebot3_manipulation_gazebo:/home/pi/turtlebot3_ws/install/turtlebot3_gazebo:/home/pi/turtlebot3_ws/install/turtlebot3_description:/home/pi/turtlebot3_ws/install/turtlebot3_cartographer:/home/pi/turtlebot3_ws/install/dynamixel_sdk_examples:/home/pi/turtlebot3_ws/install/dynamixel_sdk_custom_interfaces:/home/pi/turtlebot3_ws/install/turtlebot3_teleop:/home/pi/turtlebot3_ws/install/turtlebot3_example:/opt/ros/humble LD_LIBRARY_PATH=/home/pi/turtlebot3_ws/install/turtlebot3_msgs/lib:/home/pi/turtlebot3_ws/install/dynamixel_sdk/lib:/home/pi/turtlebot3_ws/install/dynamixel_sdk_custom_interfaces/lib:/usr/lib/x86_64-linux-gnu/gazebo-11/plugins:/opt/ros/humble/opt/rviz_ogre_vendor/lib:/opt/ros/humble/lib/x86_64-linux-gnu:/opt/ros/humble/lib:/usr/lib/x86_64-linux-gnu/gazebo-11/plugins:/usr/lib/x86_64-linux-gnu/gazebo-11/plugins:/usr/lib/x86_64-linux-gnu/gazebo-11/plugins /usr/bin/cmake /home/pi/turtlebot3_ws/src/turtlebot3/turtlebot3_node -DCMAKE_INSTALL_PREFIX=/home/pi/turtlebot3_ws/install/turtlebot3_node
[1.828s] Invoking command in '/home/pi/turtlebot3_ws/build/turtlebot3_node': CMAKE_PREFIX_PATH=/home/pi/turtlebot3_ws/install/turtlebot3_msgs:/home/pi/turtlebot3_ws/install/dynamixel_sdk:/home/pi/turtlebot3_ws/install/wall_follower:/home/pi/turtlebot3_ws/install/turtlebot3:/home/pi/turtlebot3_ws/install/turtlebot3_simulations:/home/pi/turtlebot3_ws/install/turtlebot3_bringup:/home/pi/turtlebot3_ws/install/turtlebot3_node:/home/pi/turtlebot3_ws/install/turtlebot3_navigation2:/home/pi/turtlebot3_ws/install/turtlebot3_fake_node:/home/pi/turtlebot3_ws/install/turtlebot3_manipulation_gazebo:/home/pi/turtlebot3_ws/install/turtlebot3_gazebo:/home/pi/turtlebot3_ws/install/turtlebot3_description:/home/pi/turtlebot3_ws/install/turtlebot3_cartographer:/home/pi/turtlebot3_ws/install/dynamixel_sdk_examples:/home/pi/turtlebot3_ws/install/dynamixel_sdk_custom_interfaces:/home/pi/turtlebot3_ws/install/turtlebot3_teleop:/home/pi/turtlebot3_ws/install/turtlebot3_example:/opt/ros/humble LD_LIBRARY_PATH=/home/pi/turtlebot3_ws/install/turtlebot3_msgs/lib:/home/pi/turtlebot3_ws/install/dynamixel_sdk/lib:/home/pi/turtlebot3_ws/install/dynamixel_sdk_custom_interfaces/lib:/usr/lib/x86_64-linux-gnu/gazebo-11/plugins:/opt/ros/humble/opt/rviz_ogre_vendor/lib:/opt/ros/humble/lib/x86_64-linux-gnu:/opt/ros/humble/lib:/usr/lib/x86_64-linux-gnu/gazebo-11/plugins:/usr/lib/x86_64-linux-gnu/gazebo-11/plugins:/usr/lib/x86_64-linux-gnu/gazebo-11/plugins /usr/bin/cmake --build /home/pi/turtlebot3_ws/build/turtlebot3_node -- -j4 -l4
[2.080s] [35m[1mConsolidate compiler generated dependencies of target turtlebot3_node_lib[0m
[2.152s] [ 85%] Built target turtlebot3_node_lib
[2.199s] [35m[1mConsolidate compiler generated dependencies of target turtlebot3_ros[0m
[2.297s] [100%] Built target turtlebot3_ros
[2.360s] Invoked command in '/home/pi/turtlebot3_ws/build/turtlebot3_node' returned '0': CMAKE_PREFIX_PATH=/home/pi/turtlebot3_ws/install/turtlebot3_msgs:/home/pi/turtlebot3_ws/install/dynamixel_sdk:/home/pi/turtlebot3_ws/install/wall_follower:/home/pi/turtlebot3_ws/install/turtlebot3:/home/pi/turtlebot3_ws/install/turtlebot3_simulations:/home/pi/turtlebot3_ws/install/turtlebot3_bringup:/home/pi/turtlebot3_ws/install/turtlebot3_node:/home/pi/turtlebot3_ws/install/turtlebot3_navigation2:/home/pi/turtlebot3_ws/install/turtlebot3_fake_node:/home/pi/turtlebot3_ws/install/turtlebot3_manipulation_gazebo:/home/pi/turtlebot3_ws/install/turtlebot3_gazebo:/home/pi/turtlebot3_ws/install/turtlebot3_description:/home/pi/turtlebot3_ws/install/turtlebot3_cartographer:/home/pi/turtlebot3_ws/install/dynamixel_sdk_examples:/home/pi/turtlebot3_ws/install/dynamixel_sdk_custom_interfaces:/home/pi/turtlebot3_ws/install/turtlebot3_teleop:/home/pi/turtlebot3_ws/install/turtlebot3_example:/opt/ros/humble LD_LIBRARY_PATH=/home/pi/turtlebot3_ws/install/turtlebot3_msgs/lib:/home/pi/turtlebot3_ws/install/dynamixel_sdk/lib:/home/pi/turtlebot3_ws/install/dynamixel_sdk_custom_interfaces/lib:/usr/lib/x86_64-linux-gnu/gazebo-11/plugins:/opt/ros/humble/opt/rviz_ogre_vendor/lib:/opt/ros/humble/lib/x86_64-linux-gnu:/opt/ros/humble/lib:/usr/lib/x86_64-linux-gnu/gazebo-11/plugins:/usr/lib/x86_64-linux-gnu/gazebo-11/plugins:/usr/lib/x86_64-linux-gnu/gazebo-11/plugins /usr/bin/cmake --build /home/pi/turtlebot3_ws/build/turtlebot3_node -- -j4 -l4
[2.365s] Invoking command in '/home/pi/turtlebot3_ws/build/turtlebot3_node': CMAKE_PREFIX_PATH=/home/pi/turtlebot3_ws/install/turtlebot3_msgs:/home/pi/turtlebot3_ws/install/dynamixel_sdk:/home/pi/turtlebot3_ws/install/wall_follower:/home/pi/turtlebot3_ws/install/turtlebot3:/home/pi/turtlebot3_ws/install/turtlebot3_simulations:/home/pi/turtlebot3_ws/install/turtlebot3_bringup:/home/pi/turtlebot3_ws/install/turtlebot3_node:/home/pi/turtlebot3_ws/install/turtlebot3_navigation2:/home/pi/turtlebot3_ws/install/turtlebot3_fake_node:/home/pi/turtlebot3_ws/install/turtlebot3_manipulation_gazebo:/home/pi/turtlebot3_ws/install/turtlebot3_gazebo:/home/pi/turtlebot3_ws/install/turtlebot3_description:/home/pi/turtlebot3_ws/install/turtlebot3_cartographer:/home/pi/turtlebot3_ws/install/dynamixel_sdk_examples:/home/pi/turtlebot3_ws/install/dynamixel_sdk_custom_interfaces:/home/pi/turtlebot3_ws/install/turtlebot3_teleop:/home/pi/turtlebot3_ws/install/turtlebot3_example:/opt/ros/humble LD_LIBRARY_PATH=/home/pi/turtlebot3_ws/install/turtlebot3_msgs/lib:/home/pi/turtlebot3_ws/install/dynamixel_sdk/lib:/home/pi/turtlebot3_ws/install/dynamixel_sdk_custom_interfaces/lib:/usr/lib/x86_64-linux-gnu/gazebo-11/plugins:/opt/ros/humble/opt/rviz_ogre_vendor/lib:/opt/ros/humble/lib/x86_64-linux-gnu:/opt/ros/humble/lib:/usr/lib/x86_64-linux-gnu/gazebo-11/plugins:/usr/lib/x86_64-linux-gnu/gazebo-11/plugins:/usr/lib/x86_64-linux-gnu/gazebo-11/plugins /usr/bin/cmake --install /home/pi/turtlebot3_ws/build/turtlebot3_node
[2.409s] -- Install configuration: ""
[2.409s] -- Execute custom install script
[2.409s] -- Up-to-date symlink: /home/pi/turtlebot3_ws/install/turtlebot3_node/share/turtlebot3_node/param/burger.yaml
[2.409s] -- Up-to-date symlink: /home/pi/turtlebot3_ws/install/turtlebot3_node/share/turtlebot3_node/param/waffle.yaml
[2.409s] -- Up-to-date symlink: /home/pi/turtlebot3_ws/install/turtlebot3_node/share/turtlebot3_node/param/waffle_pi.yaml
[2.409s] -- Up-to-date symlink: /home/pi/turtlebot3_ws/install/turtlebot3_node/lib/turtlebot3_node/turtlebot3_ros
[2.409s] -- Up-to-date symlink: /home/pi/turtlebot3_ws/install/turtlebot3_node/share/ament_index/resource_index/package_run_dependencies/turtlebot3_node
[2.409s] -- Up-to-date symlink: /home/pi/turtlebot3_ws/install/turtlebot3_node/share/ament_index/resource_index/parent_prefix_path/turtlebot3_node
[2.409s] -- Up-to-date symlink: /home/pi/turtlebot3_ws/install/turtlebot3_node/share/turtlebot3_node/environment/ament_prefix_path.sh
[2.409s] -- Up-to-date symlink: /home/pi/turtlebot3_ws/install/turtlebot3_node/share/turtlebot3_node/environment/ament_prefix_path.dsv
[2.410s] -- Up-to-date symlink: /home/pi/turtlebot3_ws/install/turtlebot3_node/share/turtlebot3_node/environment/path.sh
[2.410s] -- Up-to-date symlink: /home/pi/turtlebot3_ws/install/turtlebot3_node/share/turtlebot3_node/environment/path.dsv
[2.410s] -- Up-to-date symlink: /home/pi/turtlebot3_ws/install/turtlebot3_node/share/turtlebot3_node/local_setup.bash
[2.410s] -- Up-to-date symlink: /home/pi/turtlebot3_ws/install/turtlebot3_node/share/turtlebot3_node/local_setup.sh
[2.410s] -- Up-to-date symlink: /home/pi/turtlebot3_ws/install/turtlebot3_node/share/turtlebot3_node/local_setup.zsh
[2.410s] -- Up-to-date symlink: /home/pi/turtlebot3_ws/install/turtlebot3_node/share/turtlebot3_node/local_setup.dsv
[2.410s] -- Symlinking: /home/pi/turtlebot3_ws/install/turtlebot3_node/share/turtlebot3_node/package.dsv
[2.453s] -- Up-to-date symlink: /home/pi/turtlebot3_ws/install/turtlebot3_node/share/ament_index/resource_index/packages/turtlebot3_node
[2.456s] -- Up-to-date symlink: /home/pi/turtlebot3_ws/install/turtlebot3_node/share/turtlebot3_node/cmake/ament_cmake_export_dependencies-extras.cmake
[2.458s] -- Up-to-date symlink: /home/pi/turtlebot3_ws/install/turtlebot3_node/share/turtlebot3_node/cmake/ament_cmake_export_include_directories-extras.cmake
[2.459s] -- Up-to-date symlink: /home/pi/turtlebot3_ws/install/turtlebot3_node/share/turtlebot3_node/cmake/turtlebot3_nodeConfig.cmake
[2.459s] -- Up-to-date symlink: /home/pi/turtlebot3_ws/install/turtlebot3_node/share/turtlebot3_node/cmake/turtlebot3_nodeConfig-version.cmake
[2.459s] -- Up-to-date symlink: /home/pi/turtlebot3_ws/install/turtlebot3_node/share/turtlebot3_node/package.xml
[2.462s] Invoked command in '/home/pi/turtlebot3_ws/build/turtlebot3_node' returned '0': CMAKE_PREFIX_PATH=/home/pi/turtlebot3_ws/install/turtlebot3_msgs:/home/pi/turtlebot3_ws/install/dynamixel_sdk:/home/pi/turtlebot3_ws/install/wall_follower:/home/pi/turtlebot3_ws/install/turtlebot3:/home/pi/turtlebot3_ws/install/turtlebot3_simulations:/home/pi/turtlebot3_ws/install/turtlebot3_bringup:/home/pi/turtlebot3_ws/install/turtlebot3_node:/home/pi/turtlebot3_ws/install/turtlebot3_navigation2:/home/pi/turtlebot3_ws/install/turtlebot3_fake_node:/home/pi/turtlebot3_ws/install/turtlebot3_manipulation_gazebo:/home/pi/turtlebot3_ws/install/turtlebot3_gazebo:/home/pi/turtlebot3_ws/install/turtlebot3_description:/home/pi/turtlebot3_ws/install/turtlebot3_cartographer:/home/pi/turtlebot3_ws/install/dynamixel_sdk_examples:/home/pi/turtlebot3_ws/install/dynamixel_sdk_custom_interfaces:/home/pi/turtlebot3_ws/install/turtlebot3_teleop:/home/pi/turtlebot3_ws/install/turtlebot3_example:/opt/ros/humble LD_LIBRARY_PATH=/home/pi/turtlebot3_ws/install/turtlebot3_msgs/lib:/home/pi/turtlebot3_ws/install/dynamixel_sdk/lib:/home/pi/turtlebot3_ws/install/dynamixel_sdk_custom_interfaces/lib:/usr/lib/x86_64-linux-gnu/gazebo-11/plugins:/opt/ros/humble/opt/rviz_ogre_vendor/lib:/opt/ros/humble/lib/x86_64-linux-gnu:/opt/ros/humble/lib:/usr/lib/x86_64-linux-gnu/gazebo-11/plugins:/usr/lib/x86_64-linux-gnu/gazebo-11/plugins:/usr/lib/x86_64-linux-gnu/gazebo-11/plugins /usr/bin/cmake --install /home/pi/turtlebot3_ws/build/turtlebot3_node
